2024-06-21 01:18:12,825 - INFO - epoch 1 begin
2024-06-21 01:18:12,847 - INFO - batch loss 0.604013
2024-06-21 01:18:13,088 - INFO - batch loss 0.625270
2024-06-21 01:18:13,314 - INFO - epoch average loss: 0.615583
2024-06-21 01:18:13,314 - INFO - 开始测试第1轮模型效果：
2024-06-21 01:18:13,337 - INFO - 预测集合条目总量：2398
2024-06-21 01:18:13,337 - INFO - 预测正确条目：1600，预测错误条目：798
2024-06-21 01:18:13,337 - INFO - 预测准确率：0.667223
2024-06-21 01:18:13,337 - INFO - --------------------
2024-06-21 01:18:13,337 - INFO - epoch 2 begin
2024-06-21 01:18:13,341 - INFO - batch loss 0.580446
2024-06-21 01:18:13,563 - INFO - batch loss 0.572897
2024-06-21 01:18:13,789 - INFO - epoch average loss: 0.585857
2024-06-21 01:18:13,789 - INFO - 开始测试第2轮模型效果：
2024-06-21 01:18:13,810 - INFO - 预测集合条目总量：2398
2024-06-21 01:18:13,810 - INFO - 预测正确条目：1685，预测错误条目：713
2024-06-21 01:18:13,810 - INFO - 预测准确率：0.702669
2024-06-21 01:18:13,810 - INFO - --------------------
2024-06-21 01:18:13,810 - INFO - epoch 3 begin
2024-06-21 01:18:13,814 - INFO - batch loss 0.530544
2024-06-21 01:18:14,032 - INFO - batch loss 0.512236
2024-06-21 01:18:14,253 - INFO - epoch average loss: 0.543487
2024-06-21 01:18:14,253 - INFO - 开始测试第3轮模型效果：
2024-06-21 01:18:14,274 - INFO - 预测集合条目总量：2398
2024-06-21 01:18:14,274 - INFO - 预测正确条目：1793，预测错误条目：605
2024-06-21 01:18:14,274 - INFO - 预测准确率：0.747706
2024-06-21 01:18:14,274 - INFO - --------------------
2024-06-21 01:18:14,274 - INFO - epoch 4 begin
2024-06-21 01:18:14,277 - INFO - batch loss 0.549611
2024-06-21 01:18:14,507 - INFO - batch loss 0.454728
2024-06-21 01:18:14,735 - INFO - epoch average loss: 0.495231
2024-06-21 01:18:14,735 - INFO - 开始测试第4轮模型效果：
2024-06-21 01:18:14,757 - INFO - 预测集合条目总量：2398
2024-06-21 01:18:14,757 - INFO - 预测正确条目：1869，预测错误条目：529
2024-06-21 01:18:14,757 - INFO - 预测准确率：0.779399
2024-06-21 01:18:14,757 - INFO - --------------------
2024-06-21 01:18:14,757 - INFO - epoch 5 begin
2024-06-21 01:18:14,760 - INFO - batch loss 0.467645
2024-06-21 01:18:14,994 - INFO - batch loss 0.456891
2024-06-21 01:18:15,217 - INFO - epoch average loss: 0.456753
2024-06-21 01:18:15,217 - INFO - 开始测试第5轮模型效果：
2024-06-21 01:18:15,239 - INFO - 预测集合条目总量：2398
2024-06-21 01:18:15,239 - INFO - 预测正确条目：1897，预测错误条目：501
2024-06-21 01:18:15,239 - INFO - 预测准确率：0.791076
2024-06-21 01:18:15,239 - INFO - --------------------
2024-06-21 01:18:15,239 - INFO - epoch 6 begin
2024-06-21 01:18:15,243 - INFO - batch loss 0.407693
2024-06-21 01:18:15,471 - INFO - batch loss 0.376865
2024-06-21 01:18:15,698 - INFO - epoch average loss: 0.428549
2024-06-21 01:18:15,698 - INFO - 开始测试第6轮模型效果：
2024-06-21 01:18:15,720 - INFO - 预测集合条目总量：2398
2024-06-21 01:18:15,720 - INFO - 预测正确条目：1916，预测错误条目：482
2024-06-21 01:18:15,720 - INFO - 预测准确率：0.798999
2024-06-21 01:18:15,720 - INFO - --------------------
2024-06-21 01:18:15,720 - INFO - epoch 7 begin
2024-06-21 01:18:15,723 - INFO - batch loss 0.350786
2024-06-21 01:18:15,945 - INFO - batch loss 0.362679
2024-06-21 01:18:16,169 - INFO - epoch average loss: 0.406614
2024-06-21 01:18:16,169 - INFO - 开始测试第7轮模型效果：
2024-06-21 01:18:16,190 - INFO - 预测集合条目总量：2398
2024-06-21 01:18:16,190 - INFO - 预测正确条目：1937，预测错误条目：461
2024-06-21 01:18:16,190 - INFO - 预测准确率：0.807756
2024-06-21 01:18:16,190 - INFO - --------------------
2024-06-21 01:18:16,190 - INFO - epoch 8 begin
2024-06-21 01:18:16,194 - INFO - batch loss 0.324837
2024-06-21 01:18:16,423 - INFO - batch loss 0.405539
2024-06-21 01:18:16,649 - INFO - epoch average loss: 0.389566
2024-06-21 01:18:16,649 - INFO - 开始测试第8轮模型效果：
2024-06-21 01:18:16,671 - INFO - 预测集合条目总量：2398
2024-06-21 01:18:16,671 - INFO - 预测正确条目：1952，预测错误条目：446
2024-06-21 01:18:16,671 - INFO - 预测准确率：0.814012
2024-06-21 01:18:16,671 - INFO - --------------------
2024-06-21 01:18:16,671 - INFO - epoch 9 begin
2024-06-21 01:18:16,675 - INFO - batch loss 0.449757
2024-06-21 01:18:16,898 - INFO - batch loss 0.306749
2024-06-21 01:18:17,122 - INFO - epoch average loss: 0.375453
2024-06-21 01:18:17,122 - INFO - 开始测试第9轮模型效果：
2024-06-21 01:18:17,143 - INFO - 预测集合条目总量：2398
2024-06-21 01:18:17,143 - INFO - 预测正确条目：1963，预测错误条目：435
2024-06-21 01:18:17,143 - INFO - 预测准确率：0.818599
2024-06-21 01:18:17,143 - INFO - --------------------
2024-06-21 01:18:17,144 - INFO - epoch 10 begin
2024-06-21 01:18:17,146 - INFO - batch loss 0.347978
2024-06-21 01:18:17,377 - INFO - batch loss 0.358754
2024-06-21 01:18:17,606 - INFO - epoch average loss: 0.363595
2024-06-21 01:18:17,606 - INFO - 开始测试第10轮模型效果：
2024-06-21 01:18:17,628 - INFO - 预测集合条目总量：2398
2024-06-21 01:18:17,628 - INFO - 预测正确条目：1973，预测错误条目：425
2024-06-21 01:18:17,628 - INFO - 预测准确率：0.822769
2024-06-21 01:18:17,628 - INFO - --------------------
2024-06-21 01:18:17,628 - INFO - epoch 11 begin
2024-06-21 01:18:17,632 - INFO - batch loss 0.464008
2024-06-21 01:18:17,858 - INFO - batch loss 0.398279
2024-06-21 01:18:18,086 - INFO - epoch average loss: 0.354018
2024-06-21 01:18:18,086 - INFO - 开始测试第11轮模型效果：
2024-06-21 01:18:18,108 - INFO - 预测集合条目总量：2398
2024-06-21 01:18:18,108 - INFO - 预测正确条目：1982，预测错误条目：416
2024-06-21 01:18:18,108 - INFO - 预测准确率：0.826522
2024-06-21 01:18:18,108 - INFO - --------------------
2024-06-21 01:18:18,108 - INFO - epoch 12 begin
2024-06-21 01:18:18,111 - INFO - batch loss 0.322100
2024-06-21 01:18:18,336 - INFO - batch loss 0.352743
2024-06-21 01:18:18,569 - INFO - epoch average loss: 0.346915
2024-06-21 01:18:18,569 - INFO - 开始测试第12轮模型效果：
2024-06-21 01:18:18,593 - INFO - 预测集合条目总量：2398
2024-06-21 01:18:18,593 - INFO - 预测正确条目：1991，预测错误条目：407
2024-06-21 01:18:18,593 - INFO - 预测准确率：0.830275
2024-06-21 01:18:18,593 - INFO - --------------------
2024-06-21 01:18:18,593 - INFO - epoch 13 begin
2024-06-21 01:18:18,597 - INFO - batch loss 0.412968
2024-06-21 01:18:18,828 - INFO - batch loss 0.363057
2024-06-21 01:18:19,051 - INFO - epoch average loss: 0.339284
2024-06-21 01:18:19,051 - INFO - 开始测试第13轮模型效果：
2024-06-21 01:18:19,072 - INFO - 预测集合条目总量：2398
2024-06-21 01:18:19,072 - INFO - 预测正确条目：1995，预测错误条目：403
2024-06-21 01:18:19,072 - INFO - 预测准确率：0.831943
2024-06-21 01:18:19,072 - INFO - --------------------
2024-06-21 01:18:19,072 - INFO - epoch 14 begin
2024-06-21 01:18:19,075 - INFO - batch loss 0.340441
2024-06-21 01:18:19,309 - INFO - batch loss 0.345217
2024-06-21 01:18:19,539 - INFO - epoch average loss: 0.332715
2024-06-21 01:18:19,539 - INFO - 开始测试第14轮模型效果：
2024-06-21 01:18:19,562 - INFO - 预测集合条目总量：2398
2024-06-21 01:18:19,562 - INFO - 预测正确条目：2013，预测错误条目：385
2024-06-21 01:18:19,562 - INFO - 预测准确率：0.839450
2024-06-21 01:18:19,562 - INFO - --------------------
2024-06-21 01:18:19,562 - INFO - epoch 15 begin
2024-06-21 01:18:19,565 - INFO - batch loss 0.314507
2024-06-21 01:18:19,800 - INFO - batch loss 0.373967
2024-06-21 01:18:20,024 - INFO - epoch average loss: 0.326847
2024-06-21 01:18:20,024 - INFO - 开始测试第15轮模型效果：
2024-06-21 01:18:20,046 - INFO - 预测集合条目总量：2398
2024-06-21 01:18:20,047 - INFO - 预测正确条目：2015，预测错误条目：383
2024-06-21 01:18:20,047 - INFO - 预测准确率：0.840284
2024-06-21 01:18:20,047 - INFO - --------------------
2024-06-21 01:18:20,047 - INFO - Training finished in 7.22 seconds
2024-06-21 01:34:13,363 - INFO - epoch 1 begin
2024-06-21 01:34:13,379 - INFO - batch loss 0.539716
2024-06-21 01:34:13,673 - INFO - batch loss 0.632213
2024-06-21 01:34:13,957 - INFO - epoch average loss: 0.609157
2024-06-21 01:34:13,958 - INFO - 开始测试第1轮模型效果：
2024-06-21 01:34:13,985 - INFO - 预测集合条目总量：2398
2024-06-21 01:34:13,985 - INFO - 预测正确条目：1611，预测错误条目：787
2024-06-21 01:34:13,985 - INFO - 预测准确率：0.671810
2024-06-21 01:34:13,985 - INFO - --------------------
2024-06-21 01:34:13,985 - INFO - epoch 2 begin
2024-06-21 01:34:13,987 - INFO - batch loss 0.581057
2024-06-21 01:34:14,279 - INFO - batch loss 0.466449
2024-06-21 01:34:14,574 - INFO - epoch average loss: 0.556970
2024-06-21 01:34:14,574 - INFO - 开始测试第2轮模型效果：
2024-06-21 01:34:14,600 - INFO - 预测集合条目总量：2398
2024-06-21 01:34:14,600 - INFO - 预测正确条目：1804，预测错误条目：594
2024-06-21 01:34:14,600 - INFO - 预测准确率：0.752294
2024-06-21 01:34:14,600 - INFO - --------------------
2024-06-21 01:34:14,600 - INFO - epoch 3 begin
2024-06-21 01:34:14,602 - INFO - batch loss 0.421667
2024-06-21 01:34:14,888 - INFO - batch loss 0.440287
2024-06-21 01:34:15,176 - INFO - epoch average loss: 0.491011
2024-06-21 01:34:15,177 - INFO - 开始测试第3轮模型效果：
2024-06-21 01:34:15,204 - INFO - 预测集合条目总量：2398
2024-06-21 01:34:15,204 - INFO - 预测正确条目：1884，预测错误条目：514
2024-06-21 01:34:15,204 - INFO - 预测准确率：0.785655
2024-06-21 01:34:15,204 - INFO - --------------------
2024-06-21 01:34:15,204 - INFO - epoch 4 begin
2024-06-21 01:34:15,207 - INFO - batch loss 0.565037
2024-06-21 01:34:15,507 - INFO - batch loss 0.426175
2024-06-21 01:34:15,796 - INFO - epoch average loss: 0.442008
2024-06-21 01:34:15,796 - INFO - 开始测试第4轮模型效果：
2024-06-21 01:34:15,826 - INFO - 预测集合条目总量：2398
2024-06-21 01:34:15,826 - INFO - 预测正确条目：1919，预测错误条目：479
2024-06-21 01:34:15,826 - INFO - 预测准确率：0.800250
2024-06-21 01:34:15,826 - INFO - --------------------
2024-06-21 01:34:15,826 - INFO - epoch 5 begin
2024-06-21 01:34:15,828 - INFO - batch loss 0.482862
2024-06-21 01:34:16,129 - INFO - batch loss 0.429367
2024-06-21 01:34:16,418 - INFO - epoch average loss: 0.409532
2024-06-21 01:34:16,418 - INFO - 开始测试第5轮模型效果：
2024-06-21 01:34:16,445 - INFO - 预测集合条目总量：2398
2024-06-21 01:34:16,445 - INFO - 预测正确条目：1945，预测错误条目：453
2024-06-21 01:34:16,445 - INFO - 预测准确率：0.811093
2024-06-21 01:34:16,445 - INFO - --------------------
2024-06-21 01:34:16,445 - INFO - epoch 6 begin
2024-06-21 01:34:16,447 - INFO - batch loss 0.466717
2024-06-21 01:34:16,738 - INFO - batch loss 0.268369
2024-06-21 01:34:17,024 - INFO - epoch average loss: 0.386644
2024-06-21 01:34:17,025 - INFO - 开始测试第6轮模型效果：
2024-06-21 01:34:17,052 - INFO - 预测集合条目总量：2398
2024-06-21 01:34:17,052 - INFO - 预测正确条目：1961，预测错误条目：437
2024-06-21 01:34:17,052 - INFO - 预测准确率：0.817765
2024-06-21 01:34:17,052 - INFO - --------------------
2024-06-21 01:34:17,052 - INFO - epoch 7 begin
2024-06-21 01:34:17,054 - INFO - batch loss 0.317878
2024-06-21 01:34:17,361 - INFO - batch loss 0.353187
2024-06-21 01:34:17,645 - INFO - epoch average loss: 0.368971
2024-06-21 01:34:17,645 - INFO - 开始测试第7轮模型效果：
2024-06-21 01:34:17,672 - INFO - 预测集合条目总量：2398
2024-06-21 01:34:17,672 - INFO - 预测正确条目：1977，预测错误条目：421
2024-06-21 01:34:17,672 - INFO - 预测准确率：0.824437
2024-06-21 01:34:17,672 - INFO - --------------------
2024-06-21 01:34:17,672 - INFO - epoch 8 begin
2024-06-21 01:34:17,673 - INFO - batch loss 0.251537
2024-06-21 01:34:17,982 - INFO - batch loss 0.200481
2024-06-21 01:34:18,275 - INFO - epoch average loss: 0.355738
2024-06-21 01:34:18,275 - INFO - 开始测试第8轮模型效果：
2024-06-21 01:34:18,301 - INFO - 预测集合条目总量：2398
2024-06-21 01:34:18,301 - INFO - 预测正确条目：1989，预测错误条目：409
2024-06-21 01:34:18,301 - INFO - 预测准确率：0.829441
2024-06-21 01:34:18,301 - INFO - --------------------
2024-06-21 01:34:18,301 - INFO - epoch 9 begin
2024-06-21 01:34:18,302 - INFO - batch loss 0.629708
2024-06-21 01:34:18,617 - INFO - batch loss 0.305812
2024-06-21 01:34:18,903 - INFO - epoch average loss: 0.345308
2024-06-21 01:34:18,903 - INFO - 开始测试第9轮模型效果：
2024-06-21 01:34:18,929 - INFO - 预测集合条目总量：2398
2024-06-21 01:34:18,929 - INFO - 预测正确条目：2000，预测错误条目：398
2024-06-21 01:34:18,929 - INFO - 预测准确率：0.834028
2024-06-21 01:34:18,929 - INFO - --------------------
2024-06-21 01:34:18,929 - INFO - epoch 10 begin
2024-06-21 01:34:18,931 - INFO - batch loss 0.303275
2024-06-21 01:34:19,232 - INFO - batch loss 0.129971
2024-06-21 01:34:19,517 - INFO - epoch average loss: 0.335816
2024-06-21 01:34:19,517 - INFO - 开始测试第10轮模型效果：
2024-06-21 01:34:19,544 - INFO - 预测集合条目总量：2398
2024-06-21 01:34:19,544 - INFO - 预测正确条目：2012，预测错误条目：386
2024-06-21 01:34:19,544 - INFO - 预测准确率：0.839033
2024-06-21 01:34:19,544 - INFO - --------------------
2024-06-21 01:34:19,544 - INFO - epoch 11 begin
2024-06-21 01:34:19,546 - INFO - batch loss 0.437624
2024-06-21 01:34:19,841 - INFO - batch loss 0.388500
2024-06-21 01:34:20,118 - INFO - epoch average loss: 0.327165
2024-06-21 01:34:20,118 - INFO - 开始测试第11轮模型效果：
2024-06-21 01:34:20,144 - INFO - 预测集合条目总量：2398
2024-06-21 01:34:20,144 - INFO - 预测正确条目：2015，预测错误条目：383
2024-06-21 01:34:20,144 - INFO - 预测准确率：0.840284
2024-06-21 01:34:20,144 - INFO - --------------------
2024-06-21 01:34:20,144 - INFO - epoch 12 begin
2024-06-21 01:34:20,146 - INFO - batch loss 0.326444
2024-06-21 01:34:20,440 - INFO - batch loss 0.384016
2024-06-21 01:34:20,733 - INFO - epoch average loss: 0.320061
2024-06-21 01:34:20,733 - INFO - 开始测试第12轮模型效果：
2024-06-21 01:34:20,760 - INFO - 预测集合条目总量：2398
2024-06-21 01:34:20,760 - INFO - 预测正确条目：2020，预测错误条目：378
2024-06-21 01:34:20,760 - INFO - 预测准确率：0.842369
2024-06-21 01:34:20,760 - INFO - --------------------
2024-06-21 01:34:20,760 - INFO - epoch 13 begin
2024-06-21 01:34:20,763 - INFO - batch loss 0.322332
2024-06-21 01:34:21,055 - INFO - batch loss 0.334593
2024-06-21 01:34:21,341 - INFO - epoch average loss: 0.312720
2024-06-21 01:34:21,342 - INFO - 开始测试第13轮模型效果：
2024-06-21 01:34:21,367 - INFO - 预测集合条目总量：2398
2024-06-21 01:34:21,367 - INFO - 预测正确条目：2023，预测错误条目：375
2024-06-21 01:34:21,367 - INFO - 预测准确率：0.843620
2024-06-21 01:34:21,367 - INFO - --------------------
2024-06-21 01:34:21,367 - INFO - epoch 14 begin
2024-06-21 01:34:21,369 - INFO - batch loss 0.286527
2024-06-21 01:34:21,664 - INFO - batch loss 0.442378
2024-06-21 01:34:21,958 - INFO - epoch average loss: 0.306178
2024-06-21 01:34:21,958 - INFO - 开始测试第14轮模型效果：
2024-06-21 01:34:21,984 - INFO - 预测集合条目总量：2398
2024-06-21 01:34:21,984 - INFO - 预测正确条目：2029，预测错误条目：369
2024-06-21 01:34:21,985 - INFO - 预测准确率：0.846122
2024-06-21 01:34:21,985 - INFO - --------------------
2024-06-21 01:34:21,985 - INFO - epoch 15 begin
2024-06-21 01:34:21,987 - INFO - batch loss 0.348610
2024-06-21 01:34:22,281 - INFO - batch loss 0.208245
2024-06-21 01:34:22,562 - INFO - epoch average loss: 0.299759
2024-06-21 01:34:22,562 - INFO - 开始测试第15轮模型效果：
2024-06-21 01:34:22,588 - INFO - 预测集合条目总量：2398
2024-06-21 01:34:22,589 - INFO - 预测正确条目：2036，预测错误条目：362
2024-06-21 01:34:22,589 - INFO - 预测准确率：0.849041
2024-06-21 01:34:22,589 - INFO - --------------------
2024-06-21 01:34:22,589 - INFO - Training finished in 9.23 seconds
2024-06-21 01:35:24,326 - INFO - epoch 1 begin
2024-06-21 01:35:24,348 - INFO - batch loss 0.616621
2024-06-21 01:35:24,562 - INFO - batch loss 0.584908
2024-06-21 01:35:24,767 - INFO - epoch average loss: 0.618386
2024-06-21 01:35:24,768 - INFO - 开始测试第1轮模型效果：
2024-06-21 01:35:24,787 - INFO - 预测集合条目总量：2398
2024-06-21 01:35:24,787 - INFO - 预测正确条目：1599，预测错误条目：799
2024-06-21 01:35:24,787 - INFO - 预测准确率：0.666806
2024-06-21 01:35:24,787 - INFO - --------------------
2024-06-21 01:35:24,787 - INFO - epoch 2 begin
2024-06-21 01:35:24,792 - INFO - batch loss 0.598566
2024-06-21 01:35:24,996 - INFO - batch loss 0.566019
2024-06-21 01:35:25,192 - INFO - epoch average loss: 0.597243
2024-06-21 01:35:25,192 - INFO - 开始测试第2轮模型效果：
2024-06-21 01:35:25,212 - INFO - 预测集合条目总量：2398
2024-06-21 01:35:25,212 - INFO - 预测正确条目：1620，预测错误条目：778
2024-06-21 01:35:25,212 - INFO - 预测准确率：0.675563
2024-06-21 01:35:25,212 - INFO - --------------------
2024-06-21 01:35:25,212 - INFO - epoch 3 begin
2024-06-21 01:35:25,217 - INFO - batch loss 0.548369
2024-06-21 01:35:25,415 - INFO - batch loss 0.542697
2024-06-21 01:35:25,614 - INFO - epoch average loss: 0.569901
2024-06-21 01:35:25,614 - INFO - 开始测试第3轮模型效果：
2024-06-21 01:35:25,634 - INFO - 预测集合条目总量：2398
2024-06-21 01:35:25,634 - INFO - 预测正确条目：1711，预测错误条目：687
2024-06-21 01:35:25,634 - INFO - 预测准确率：0.713511
2024-06-21 01:35:25,634 - INFO - --------------------
2024-06-21 01:35:25,634 - INFO - epoch 4 begin
2024-06-21 01:35:25,638 - INFO - batch loss 0.595016
2024-06-21 01:35:25,841 - INFO - batch loss 0.536433
2024-06-21 01:35:26,047 - INFO - epoch average loss: 0.533477
2024-06-21 01:35:26,047 - INFO - 开始测试第4轮模型效果：
2024-06-21 01:35:26,066 - INFO - 预测集合条目总量：2398
2024-06-21 01:35:26,066 - INFO - 预测正确条目：1807，预测错误条目：591
2024-06-21 01:35:26,066 - INFO - 预测准确率：0.753545
2024-06-21 01:35:26,066 - INFO - --------------------
2024-06-21 01:35:26,066 - INFO - epoch 5 begin
2024-06-21 01:35:26,071 - INFO - batch loss 0.511072
2024-06-21 01:35:26,283 - INFO - batch loss 0.524264
2024-06-21 01:35:26,488 - INFO - epoch average loss: 0.495442
2024-06-21 01:35:26,488 - INFO - 开始测试第5轮模型效果：
2024-06-21 01:35:26,507 - INFO - 预测集合条目总量：2398
2024-06-21 01:35:26,508 - INFO - 预测正确条目：1865，预测错误条目：533
2024-06-21 01:35:26,508 - INFO - 预测准确率：0.777731
2024-06-21 01:35:26,508 - INFO - --------------------
2024-06-21 01:35:26,508 - INFO - epoch 6 begin
2024-06-21 01:35:26,512 - INFO - batch loss 0.424424
2024-06-21 01:35:26,724 - INFO - batch loss 0.395795
2024-06-21 01:35:26,929 - INFO - epoch average loss: 0.463303
2024-06-21 01:35:26,929 - INFO - 开始测试第6轮模型效果：
2024-06-21 01:35:26,947 - INFO - 预测集合条目总量：2398
2024-06-21 01:35:26,947 - INFO - 预测正确条目：1889，预测错误条目：509
2024-06-21 01:35:26,947 - INFO - 预测准确率：0.787740
2024-06-21 01:35:26,947 - INFO - --------------------
2024-06-21 01:35:26,947 - INFO - epoch 7 begin
2024-06-21 01:35:26,951 - INFO - batch loss 0.402190
2024-06-21 01:35:27,155 - INFO - batch loss 0.378406
2024-06-21 01:35:27,362 - INFO - epoch average loss: 0.438854
2024-06-21 01:35:27,362 - INFO - 开始测试第7轮模型效果：
2024-06-21 01:35:27,380 - INFO - 预测集合条目总量：2398
2024-06-21 01:35:27,381 - INFO - 预测正确条目：1903，预测错误条目：495
2024-06-21 01:35:27,381 - INFO - 预测准确率：0.793578
2024-06-21 01:35:27,381 - INFO - --------------------
2024-06-21 01:35:27,381 - INFO - epoch 8 begin
2024-06-21 01:35:27,385 - INFO - batch loss 0.369307
2024-06-21 01:35:27,585 - INFO - batch loss 0.411934
2024-06-21 01:35:27,794 - INFO - epoch average loss: 0.419034
2024-06-21 01:35:27,794 - INFO - 开始测试第8轮模型效果：
2024-06-21 01:35:27,814 - INFO - 预测集合条目总量：2398
2024-06-21 01:35:27,814 - INFO - 预测正确条目：1916，预测错误条目：482
2024-06-21 01:35:27,814 - INFO - 预测准确率：0.798999
2024-06-21 01:35:27,814 - INFO - --------------------
2024-06-21 01:35:27,814 - INFO - epoch 9 begin
2024-06-21 01:35:27,818 - INFO - batch loss 0.493293
2024-06-21 01:35:28,019 - INFO - batch loss 0.295055
2024-06-21 01:35:28,230 - INFO - epoch average loss: 0.402159
2024-06-21 01:35:28,231 - INFO - 开始测试第9轮模型效果：
2024-06-21 01:35:28,249 - INFO - 预测集合条目总量：2398
2024-06-21 01:35:28,249 - INFO - 预测正确条目：1934，预测错误条目：464
2024-06-21 01:35:28,249 - INFO - 预测准确率：0.806505
2024-06-21 01:35:28,249 - INFO - --------------------
2024-06-21 01:35:28,249 - INFO - epoch 10 begin
2024-06-21 01:35:28,253 - INFO - batch loss 0.348531
2024-06-21 01:35:28,459 - INFO - batch loss 0.393851
2024-06-21 01:35:28,665 - INFO - epoch average loss: 0.387648
2024-06-21 01:35:28,665 - INFO - 开始测试第10轮模型效果：
2024-06-21 01:35:28,683 - INFO - 预测集合条目总量：2398
2024-06-21 01:35:28,683 - INFO - 预测正确条目：1956，预测错误条目：442
2024-06-21 01:35:28,683 - INFO - 预测准确率：0.815680
2024-06-21 01:35:28,683 - INFO - --------------------
2024-06-21 01:35:28,683 - INFO - epoch 11 begin
2024-06-21 01:35:28,687 - INFO - batch loss 0.526216
2024-06-21 01:35:28,893 - INFO - batch loss 0.417774
2024-06-21 01:35:29,093 - INFO - epoch average loss: 0.375302
2024-06-21 01:35:29,093 - INFO - 开始测试第11轮模型效果：
2024-06-21 01:35:29,113 - INFO - 预测集合条目总量：2398
2024-06-21 01:35:29,113 - INFO - 预测正确条目：1960，预测错误条目：438
2024-06-21 01:35:29,113 - INFO - 预测准确率：0.817348
2024-06-21 01:35:29,113 - INFO - --------------------
2024-06-21 01:35:29,113 - INFO - epoch 12 begin
2024-06-21 01:35:29,119 - INFO - batch loss 0.329695
2024-06-21 01:35:29,329 - INFO - batch loss 0.353596
2024-06-21 01:35:29,533 - INFO - epoch average loss: 0.365867
2024-06-21 01:35:29,533 - INFO - 开始测试第12轮模型效果：
2024-06-21 01:35:29,551 - INFO - 预测集合条目总量：2398
2024-06-21 01:35:29,551 - INFO - 预测正确条目：1970，预测错误条目：428
2024-06-21 01:35:29,551 - INFO - 预测准确率：0.821518
2024-06-21 01:35:29,551 - INFO - --------------------
2024-06-21 01:35:29,551 - INFO - epoch 13 begin
2024-06-21 01:35:29,556 - INFO - batch loss 0.391903
2024-06-21 01:35:29,762 - INFO - batch loss 0.344594
2024-06-21 01:35:29,963 - INFO - epoch average loss: 0.356953
2024-06-21 01:35:29,963 - INFO - 开始测试第13轮模型效果：
2024-06-21 01:35:29,983 - INFO - 预测集合条目总量：2398
2024-06-21 01:35:29,983 - INFO - 预测正确条目：1977，预测错误条目：421
2024-06-21 01:35:29,983 - INFO - 预测准确率：0.824437
2024-06-21 01:35:29,983 - INFO - --------------------
2024-06-21 01:35:29,983 - INFO - epoch 14 begin
2024-06-21 01:35:29,988 - INFO - batch loss 0.348693
2024-06-21 01:35:30,188 - INFO - batch loss 0.355251
2024-06-21 01:35:30,395 - INFO - epoch average loss: 0.349503
2024-06-21 01:35:30,395 - INFO - 开始测试第14轮模型效果：
2024-06-21 01:35:30,413 - INFO - 预测集合条目总量：2398
2024-06-21 01:35:30,413 - INFO - 预测正确条目：1988，预测错误条目：410
2024-06-21 01:35:30,413 - INFO - 预测准确率：0.829024
2024-06-21 01:35:30,413 - INFO - --------------------
2024-06-21 01:35:30,413 - INFO - epoch 15 begin
2024-06-21 01:35:30,418 - INFO - batch loss 0.318444
2024-06-21 01:35:30,623 - INFO - batch loss 0.389120
2024-06-21 01:35:30,833 - INFO - epoch average loss: 0.343054
2024-06-21 01:35:30,833 - INFO - 开始测试第15轮模型效果：
2024-06-21 01:35:30,853 - INFO - 预测集合条目总量：2398
2024-06-21 01:35:30,853 - INFO - 预测正确条目：2001，预测错误条目：397
2024-06-21 01:35:30,853 - INFO - 预测准确率：0.834445
2024-06-21 01:35:30,853 - INFO - --------------------
2024-06-21 01:35:30,853 - INFO - Training finished in 6.53 seconds
