2024-06-21 00:51:17,762 - INFO - epoch 1 begin
2024-06-21 00:51:17,809 - INFO - batch loss 2.239441
2024-06-21 00:51:17,988 - INFO - batch loss 0.593955
2024-06-21 00:51:18,158 - INFO - epoch average loss: 0.604613
2024-06-21 00:51:18,158 - INFO - 开始测试第1轮模型效果：
2024-06-21 00:51:18,185 - INFO - 预测集合条目总量：2398
2024-06-21 00:51:18,185 - INFO - 预测正确条目：1849，预测错误条目：549
2024-06-21 00:51:18,185 - INFO - 预测准确率：0.771059
2024-06-21 00:51:18,185 - INFO - --------------------
2024-06-21 00:51:18,185 - INFO - epoch 2 begin
2024-06-21 00:51:18,188 - INFO - batch loss 0.469898
2024-06-21 00:51:18,351 - INFO - batch loss 0.475198
2024-06-21 00:51:18,518 - INFO - epoch average loss: 0.473320
2024-06-21 00:51:18,518 - INFO - 开始测试第2轮模型效果：
2024-06-21 00:51:18,545 - INFO - 预测集合条目总量：2398
2024-06-21 00:51:18,545 - INFO - 预测正确条目：1925，预测错误条目：473
2024-06-21 00:51:18,545 - INFO - 预测准确率：0.802752
2024-06-21 00:51:18,545 - INFO - --------------------
2024-06-21 00:51:18,545 - INFO - epoch 3 begin
2024-06-21 00:51:18,547 - INFO - batch loss 0.410882
2024-06-21 00:51:18,725 - INFO - batch loss 0.355552
2024-06-21 00:51:18,874 - INFO - epoch average loss: 0.419042
2024-06-21 00:51:18,874 - INFO - 开始测试第3轮模型效果：
2024-06-21 00:51:18,899 - INFO - 预测集合条目总量：2398
2024-06-21 00:51:18,899 - INFO - 预测正确条目：1938，预测错误条目：460
2024-06-21 00:51:18,899 - INFO - 预测准确率：0.808173
2024-06-21 00:51:18,899 - INFO - --------------------
2024-06-21 00:51:18,899 - INFO - epoch 4 begin
2024-06-21 00:51:18,901 - INFO - batch loss 0.393437
2024-06-21 00:51:19,080 - INFO - batch loss 0.310992
2024-06-21 00:51:19,226 - INFO - epoch average loss: 0.383362
2024-06-21 00:51:19,226 - INFO - 开始测试第4轮模型效果：
2024-06-21 00:51:19,254 - INFO - 预测集合条目总量：2398
2024-06-21 00:51:19,254 - INFO - 预测正确条目：2025，预测错误条目：373
2024-06-21 00:51:19,254 - INFO - 预测准确率：0.844454
2024-06-21 00:51:19,254 - INFO - --------------------
2024-06-21 00:51:19,255 - INFO - epoch 5 begin
2024-06-21 00:51:19,257 - INFO - batch loss 0.367709
2024-06-21 00:51:19,452 - INFO - batch loss 0.448231
2024-06-21 00:51:19,610 - INFO - epoch average loss: 0.355787
2024-06-21 00:51:19,610 - INFO - 开始测试第5轮模型效果：
2024-06-21 00:51:19,637 - INFO - 预测集合条目总量：2398
2024-06-21 00:51:19,637 - INFO - 预测正确条目：2029，预测错误条目：369
2024-06-21 00:51:19,637 - INFO - 预测准确率：0.846122
2024-06-21 00:51:19,637 - INFO - --------------------
2024-06-21 00:51:19,637 - INFO - epoch 6 begin
2024-06-21 00:51:19,639 - INFO - batch loss 0.387467
2024-06-21 00:51:19,824 - INFO - batch loss 0.396451
2024-06-21 00:51:19,985 - INFO - epoch average loss: 0.335554
2024-06-21 00:51:19,985 - INFO - 开始测试第6轮模型效果：
2024-06-21 00:51:20,013 - INFO - 预测集合条目总量：2398
2024-06-21 00:51:20,013 - INFO - 预测正确条目：2031，预测错误条目：367
2024-06-21 00:51:20,013 - INFO - 预测准确率：0.846956
2024-06-21 00:51:20,013 - INFO - --------------------
2024-06-21 00:51:20,013 - INFO - epoch 7 begin
2024-06-21 00:51:20,014 - INFO - batch loss 0.380622
2024-06-21 00:51:20,191 - INFO - batch loss 0.207255
2024-06-21 00:51:20,344 - INFO - epoch average loss: 0.319865
2024-06-21 00:51:20,344 - INFO - 开始测试第7轮模型效果：
2024-06-21 00:51:20,366 - INFO - 预测集合条目总量：2398
2024-06-21 00:51:20,366 - INFO - 预测正确条目：2072，预测错误条目：326
2024-06-21 00:51:20,366 - INFO - 预测准确率：0.864053
2024-06-21 00:51:20,366 - INFO - --------------------
2024-06-21 00:51:20,366 - INFO - epoch 8 begin
2024-06-21 00:51:20,368 - INFO - batch loss 0.402792
2024-06-21 00:51:20,553 - INFO - batch loss 0.379057
2024-06-21 00:51:20,710 - INFO - epoch average loss: 0.305346
2024-06-21 00:51:20,710 - INFO - 开始测试第8轮模型效果：
2024-06-21 00:51:20,737 - INFO - 预测集合条目总量：2398
2024-06-21 00:51:20,737 - INFO - 预测正确条目：2073，预测错误条目：325
2024-06-21 00:51:20,737 - INFO - 预测准确率：0.864470
2024-06-21 00:51:20,737 - INFO - --------------------
2024-06-21 00:51:20,737 - INFO - epoch 9 begin
2024-06-21 00:51:20,739 - INFO - batch loss 0.303216
2024-06-21 00:51:20,936 - INFO - batch loss 0.386499
2024-06-21 00:51:21,092 - INFO - epoch average loss: 0.295014
2024-06-21 00:51:21,092 - INFO - 开始测试第9轮模型效果：
2024-06-21 00:51:21,119 - INFO - 预测集合条目总量：2398
2024-06-21 00:51:21,119 - INFO - 预测正确条目：2095，预测错误条目：303
2024-06-21 00:51:21,119 - INFO - 预测准确率：0.873645
2024-06-21 00:51:21,119 - INFO - --------------------
2024-06-21 00:51:21,119 - INFO - epoch 10 begin
2024-06-21 00:51:21,122 - INFO - batch loss 0.272250
2024-06-21 00:51:21,308 - INFO - batch loss 0.206431
2024-06-21 00:51:21,453 - INFO - epoch average loss: 0.282786
2024-06-21 00:51:21,453 - INFO - 开始测试第10轮模型效果：
2024-06-21 00:51:21,481 - INFO - 预测集合条目总量：2398
2024-06-21 00:51:21,481 - INFO - 预测正确条目：2092，预测错误条目：306
2024-06-21 00:51:21,481 - INFO - 预测准确率：0.872394
2024-06-21 00:51:21,481 - INFO - --------------------
2024-06-21 00:51:21,481 - INFO - epoch 11 begin
2024-06-21 00:51:21,484 - INFO - batch loss 0.272364
2024-06-21 00:51:21,664 - INFO - batch loss 0.306046
2024-06-21 00:51:21,824 - INFO - epoch average loss: 0.273051
2024-06-21 00:51:21,824 - INFO - 开始测试第11轮模型效果：
2024-06-21 00:51:21,854 - INFO - 预测集合条目总量：2398
2024-06-21 00:51:21,854 - INFO - 预测正确条目：2100，预测错误条目：298
2024-06-21 00:51:21,854 - INFO - 预测准确率：0.875730
2024-06-21 00:51:21,854 - INFO - --------------------
2024-06-21 00:51:21,854 - INFO - epoch 12 begin
2024-06-21 00:51:21,856 - INFO - batch loss 0.280674
2024-06-21 00:51:22,037 - INFO - batch loss 0.363945
2024-06-21 00:51:22,204 - INFO - epoch average loss: 0.264199
2024-06-21 00:51:22,204 - INFO - 开始测试第12轮模型效果：
2024-06-21 00:51:22,231 - INFO - 预测集合条目总量：2398
2024-06-21 00:51:22,231 - INFO - 预测正确条目：2079，预测错误条目：319
2024-06-21 00:51:22,231 - INFO - 预测准确率：0.866972
2024-06-21 00:51:22,231 - INFO - --------------------
2024-06-21 00:51:22,231 - INFO - epoch 13 begin
2024-06-21 00:51:22,233 - INFO - batch loss 0.299633
2024-06-21 00:51:22,420 - INFO - batch loss 0.318743
2024-06-21 00:51:22,585 - INFO - epoch average loss: 0.257979
2024-06-21 00:51:22,585 - INFO - 开始测试第13轮模型效果：
2024-06-21 00:51:22,613 - INFO - 预测集合条目总量：2398
2024-06-21 00:51:22,613 - INFO - 预测正确条目：2090，预测错误条目：308
2024-06-21 00:51:22,613 - INFO - 预测准确率：0.871560
2024-06-21 00:51:22,613 - INFO - --------------------
2024-06-21 00:51:22,613 - INFO - epoch 14 begin
2024-06-21 00:51:22,615 - INFO - batch loss 0.303479
2024-06-21 00:51:22,797 - INFO - batch loss 0.212748
2024-06-21 00:51:22,945 - INFO - epoch average loss: 0.250299
2024-06-21 00:51:22,945 - INFO - 开始测试第14轮模型效果：
2024-06-21 00:51:22,968 - INFO - 预测集合条目总量：2398
2024-06-21 00:51:22,968 - INFO - 预测正确条目：2097，预测错误条目：301
2024-06-21 00:51:22,968 - INFO - 预测准确率：0.874479
2024-06-21 00:51:22,969 - INFO - --------------------
2024-06-21 00:51:22,969 - INFO - epoch 15 begin
2024-06-21 00:51:22,971 - INFO - batch loss 0.155546
2024-06-21 00:51:23,150 - INFO - batch loss 0.175905
2024-06-21 00:51:23,304 - INFO - epoch average loss: 0.241328
2024-06-21 00:51:23,305 - INFO - 开始测试第15轮模型效果：
2024-06-21 00:51:23,330 - INFO - 预测集合条目总量：2398
2024-06-21 00:51:23,330 - INFO - 预测正确条目：2093，预测错误条目：305
2024-06-21 00:51:23,330 - INFO - 预测准确率：0.872811
2024-06-21 00:51:23,330 - INFO - --------------------
2024-06-21 00:51:23,330 - INFO - Training finished in 5.57 seconds
2024-06-21 01:06:22,428 - INFO - epoch 1 begin
2024-06-21 01:06:22,477 - INFO - batch loss 0.652648
2024-06-21 01:06:22,540 - INFO - batch loss 0.633009
2024-06-21 01:06:22,594 - INFO - epoch average loss: 0.641273
2024-06-21 01:06:22,594 - INFO - 开始测试第1轮模型效果：
2024-06-21 01:06:22,610 - INFO - 预测集合条目总量：2398
2024-06-21 01:06:22,610 - INFO - 预测正确条目：1624，预测错误条目：774
2024-06-21 01:06:22,610 - INFO - 预测准确率：0.677231
2024-06-21 01:06:22,610 - INFO - --------------------
2024-06-21 01:06:22,610 - INFO - epoch 2 begin
2024-06-21 01:06:22,611 - INFO - batch loss 0.594276
2024-06-21 01:06:22,676 - INFO - batch loss 0.614099
2024-06-21 01:06:22,730 - INFO - epoch average loss: 0.600468
2024-06-21 01:06:22,730 - INFO - 开始测试第2轮模型效果：
2024-06-21 01:06:22,744 - INFO - 预测集合条目总量：2398
2024-06-21 01:06:22,744 - INFO - 预测正确条目：1664，预测错误条目：734
2024-06-21 01:06:22,744 - INFO - 预测准确率：0.693912
2024-06-21 01:06:22,745 - INFO - --------------------
2024-06-21 01:06:22,745 - INFO - epoch 3 begin
2024-06-21 01:06:22,746 - INFO - batch loss 0.548304
2024-06-21 01:06:22,806 - INFO - batch loss 0.512029
2024-06-21 01:06:22,861 - INFO - epoch average loss: 0.554941
2024-06-21 01:06:22,861 - INFO - 开始测试第3轮模型效果：
2024-06-21 01:06:22,873 - INFO - 预测集合条目总量：2398
2024-06-21 01:06:22,873 - INFO - 预测正确条目：1739，预测错误条目：659
2024-06-21 01:06:22,873 - INFO - 预测准确率：0.725188
2024-06-21 01:06:22,873 - INFO - --------------------
2024-06-21 01:06:22,873 - INFO - epoch 4 begin
2024-06-21 01:06:22,874 - INFO - batch loss 0.503928
2024-06-21 01:06:22,940 - INFO - batch loss 0.530365
2024-06-21 01:06:22,999 - INFO - epoch average loss: 0.508798
2024-06-21 01:06:22,999 - INFO - 开始测试第4轮模型效果：
2024-06-21 01:06:23,011 - INFO - 预测集合条目总量：2398
2024-06-21 01:06:23,011 - INFO - 预测正确条目：1855，预测错误条目：543
2024-06-21 01:06:23,012 - INFO - 预测准确率：0.773561
2024-06-21 01:06:23,012 - INFO - --------------------
2024-06-21 01:06:23,012 - INFO - epoch 5 begin
2024-06-21 01:06:23,013 - INFO - batch loss 0.498826
2024-06-21 01:06:23,067 - INFO - batch loss 0.447556
2024-06-21 01:06:23,122 - INFO - epoch average loss: 0.470995
2024-06-21 01:06:23,122 - INFO - 开始测试第5轮模型效果：
2024-06-21 01:06:23,136 - INFO - 预测集合条目总量：2398
2024-06-21 01:06:23,136 - INFO - 预测正确条目：1910，预测错误条目：488
2024-06-21 01:06:23,136 - INFO - 预测准确率：0.796497
2024-06-21 01:06:23,136 - INFO - --------------------
2024-06-21 01:06:23,136 - INFO - epoch 6 begin
2024-06-21 01:06:23,137 - INFO - batch loss 0.455814
2024-06-21 01:06:23,209 - INFO - batch loss 0.394225
2024-06-21 01:06:23,277 - INFO - epoch average loss: 0.443511
2024-06-21 01:06:23,277 - INFO - 开始测试第6轮模型效果：
2024-06-21 01:06:23,289 - INFO - 预测集合条目总量：2398
2024-06-21 01:06:23,289 - INFO - 预测正确条目：1946，预测错误条目：452
2024-06-21 01:06:23,289 - INFO - 预测准确率：0.811510
2024-06-21 01:06:23,289 - INFO - --------------------
2024-06-21 01:06:23,289 - INFO - epoch 7 begin
2024-06-21 01:06:23,290 - INFO - batch loss 0.496455
2024-06-21 01:06:23,345 - INFO - batch loss 0.438592
2024-06-21 01:06:23,402 - INFO - epoch average loss: 0.423102
2024-06-21 01:06:23,402 - INFO - 开始测试第7轮模型效果：
2024-06-21 01:06:23,419 - INFO - 预测集合条目总量：2398
2024-06-21 01:06:23,419 - INFO - 预测正确条目：1948，预测错误条目：450
2024-06-21 01:06:23,419 - INFO - 预测准确率：0.812344
2024-06-21 01:06:23,419 - INFO - --------------------
2024-06-21 01:06:23,419 - INFO - epoch 8 begin
2024-06-21 01:06:23,420 - INFO - batch loss 0.407597
2024-06-21 01:06:23,490 - INFO - batch loss 0.560214
2024-06-21 01:06:23,559 - INFO - epoch average loss: 0.407403
2024-06-21 01:06:23,559 - INFO - 开始测试第8轮模型效果：
2024-06-21 01:06:23,572 - INFO - 预测集合条目总量：2398
2024-06-21 01:06:23,572 - INFO - 预测正确条目：1968，预测错误条目：430
2024-06-21 01:06:23,572 - INFO - 预测准确率：0.820684
2024-06-21 01:06:23,572 - INFO - --------------------
2024-06-21 01:06:23,572 - INFO - epoch 9 begin
2024-06-21 01:06:23,574 - INFO - batch loss 0.415515
2024-06-21 01:06:23,632 - INFO - batch loss 0.309120
2024-06-21 01:06:23,707 - INFO - epoch average loss: 0.394641
2024-06-21 01:06:23,707 - INFO - 开始测试第9轮模型效果：
2024-06-21 01:06:23,725 - INFO - 预测集合条目总量：2398
2024-06-21 01:06:23,725 - INFO - 预测正确条目：1993，预测错误条目：405
2024-06-21 01:06:23,725 - INFO - 预测准确率：0.831109
2024-06-21 01:06:23,725 - INFO - --------------------
2024-06-21 01:06:23,725 - INFO - epoch 10 begin
2024-06-21 01:06:23,726 - INFO - batch loss 0.401359
2024-06-21 01:06:23,789 - INFO - batch loss 0.434532
2024-06-21 01:06:23,843 - INFO - epoch average loss: 0.382607
2024-06-21 01:06:23,843 - INFO - 开始测试第10轮模型效果：
2024-06-21 01:06:23,858 - INFO - 预测集合条目总量：2398
2024-06-21 01:06:23,858 - INFO - 预测正确条目：1993，预测错误条目：405
2024-06-21 01:06:23,858 - INFO - 预测准确率：0.831109
2024-06-21 01:06:23,858 - INFO - --------------------
2024-06-21 01:06:23,858 - INFO - epoch 11 begin
2024-06-21 01:06:23,859 - INFO - batch loss 0.250580
2024-06-21 01:06:23,931 - INFO - batch loss 0.417735
2024-06-21 01:06:23,992 - INFO - epoch average loss: 0.371938
2024-06-21 01:06:23,992 - INFO - 开始测试第11轮模型效果：
2024-06-21 01:06:24,004 - INFO - 预测集合条目总量：2398
2024-06-21 01:06:24,004 - INFO - 预测正确条目：2008，预测错误条目：390
2024-06-21 01:06:24,004 - INFO - 预测准确率：0.837364
2024-06-21 01:06:24,004 - INFO - --------------------
2024-06-21 01:06:24,004 - INFO - epoch 12 begin
2024-06-21 01:06:24,005 - INFO - batch loss 0.405853
2024-06-21 01:06:24,064 - INFO - batch loss 0.320950
2024-06-21 01:06:24,135 - INFO - epoch average loss: 0.362882
2024-06-21 01:06:24,135 - INFO - 开始测试第12轮模型效果：
2024-06-21 01:06:24,152 - INFO - 预测集合条目总量：2398
2024-06-21 01:06:24,152 - INFO - 预测正确条目：2019，预测错误条目：379
2024-06-21 01:06:24,152 - INFO - 预测准确率：0.841952
2024-06-21 01:06:24,152 - INFO - --------------------
2024-06-21 01:06:24,152 - INFO - epoch 13 begin
2024-06-21 01:06:24,153 - INFO - batch loss 0.344004
2024-06-21 01:06:24,214 - INFO - batch loss 0.441658
2024-06-21 01:06:24,267 - INFO - epoch average loss: 0.353977
2024-06-21 01:06:24,267 - INFO - 开始测试第13轮模型效果：
2024-06-21 01:06:24,280 - INFO - 预测集合条目总量：2398
2024-06-21 01:06:24,280 - INFO - 预测正确条目：2028，预测错误条目：370
2024-06-21 01:06:24,280 - INFO - 预测准确率：0.845705
2024-06-21 01:06:24,280 - INFO - --------------------
2024-06-21 01:06:24,280 - INFO - epoch 14 begin
2024-06-21 01:06:24,282 - INFO - batch loss 0.311872
2024-06-21 01:06:24,353 - INFO - batch loss 0.362622
2024-06-21 01:06:24,416 - INFO - epoch average loss: 0.346483
2024-06-21 01:06:24,416 - INFO - 开始测试第14轮模型效果：
2024-06-21 01:06:24,432 - INFO - 预测集合条目总量：2398
2024-06-21 01:06:24,433 - INFO - 预测正确条目：2029，预测错误条目：369
2024-06-21 01:06:24,433 - INFO - 预测准确率：0.846122
2024-06-21 01:06:24,433 - INFO - --------------------
2024-06-21 01:06:24,433 - INFO - epoch 15 begin
2024-06-21 01:06:24,434 - INFO - batch loss 0.323083
2024-06-21 01:06:24,508 - INFO - batch loss 0.379394
2024-06-21 01:06:24,585 - INFO - epoch average loss: 0.339821
2024-06-21 01:06:24,585 - INFO - 开始测试第15轮模型效果：
2024-06-21 01:06:24,599 - INFO - 预测集合条目总量：2398
2024-06-21 01:06:24,599 - INFO - 预测正确条目：2035，预测错误条目：363
2024-06-21 01:06:24,599 - INFO - 预测准确率：0.848624
2024-06-21 01:06:24,599 - INFO - --------------------
2024-06-21 01:06:24,599 - INFO - Training finished in 2.17 seconds
2024-06-21 01:07:11,131 - INFO - epoch 1 begin
2024-06-21 01:07:11,146 - INFO - batch loss 1.085725
2024-06-21 01:07:11,207 - INFO - batch loss 0.585028
2024-06-21 01:07:11,262 - INFO - epoch average loss: 0.705015
2024-06-21 01:07:11,262 - INFO - 开始测试第1轮模型效果：
2024-06-21 01:07:11,274 - INFO - 预测集合条目总量：2398
2024-06-21 01:07:11,274 - INFO - 预测正确条目：1596，预测错误条目：802
2024-06-21 01:07:11,274 - INFO - 预测准确率：0.665555
2024-06-21 01:07:11,274 - INFO - --------------------
2024-06-21 01:07:11,274 - INFO - epoch 2 begin
2024-06-21 01:07:11,276 - INFO - batch loss 0.723809
2024-06-21 01:07:11,330 - INFO - batch loss 0.694816
2024-06-21 01:07:11,390 - INFO - epoch average loss: 0.605851
2024-06-21 01:07:11,390 - INFO - 开始测试第2轮模型效果：
2024-06-21 01:07:11,401 - INFO - 预测集合条目总量：2398
2024-06-21 01:07:11,401 - INFO - 预测正确条目：1639，预测错误条目：759
2024-06-21 01:07:11,401 - INFO - 预测准确率：0.683486
2024-06-21 01:07:11,401 - INFO - --------------------
2024-06-21 01:07:11,401 - INFO - epoch 3 begin
2024-06-21 01:07:11,402 - INFO - batch loss 0.587808
2024-06-21 01:07:11,458 - INFO - batch loss 0.553944
2024-06-21 01:07:11,506 - INFO - epoch average loss: 0.581654
2024-06-21 01:07:11,506 - INFO - 开始测试第3轮模型效果：
2024-06-21 01:07:11,518 - INFO - 预测集合条目总量：2398
2024-06-21 01:07:11,518 - INFO - 预测正确条目：1689，预测错误条目：709
2024-06-21 01:07:11,518 - INFO - 预测准确率：0.704337
2024-06-21 01:07:11,518 - INFO - --------------------
2024-06-21 01:07:11,518 - INFO - epoch 4 begin
2024-06-21 01:07:11,519 - INFO - batch loss 0.631890
2024-06-21 01:07:11,573 - INFO - batch loss 0.503042
2024-06-21 01:07:11,630 - INFO - epoch average loss: 0.556485
2024-06-21 01:07:11,630 - INFO - 开始测试第4轮模型效果：
2024-06-21 01:07:11,642 - INFO - 预测集合条目总量：2398
2024-06-21 01:07:11,642 - INFO - 预测正确条目：1753，预测错误条目：645
2024-06-21 01:07:11,642 - INFO - 预测准确率：0.731026
2024-06-21 01:07:11,642 - INFO - --------------------
2024-06-21 01:07:11,642 - INFO - epoch 5 begin
2024-06-21 01:07:11,644 - INFO - batch loss 0.550361
2024-06-21 01:07:11,706 - INFO - batch loss 0.506943
2024-06-21 01:07:11,757 - INFO - epoch average loss: 0.529943
2024-06-21 01:07:11,757 - INFO - 开始测试第5轮模型效果：
2024-06-21 01:07:11,769 - INFO - 预测集合条目总量：2398
2024-06-21 01:07:11,769 - INFO - 预测正确条目：1821，预测错误条目：577
2024-06-21 01:07:11,769 - INFO - 预测准确率：0.759383
2024-06-21 01:07:11,769 - INFO - --------------------
2024-06-21 01:07:11,769 - INFO - epoch 6 begin
2024-06-21 01:07:11,770 - INFO - batch loss 0.522176
2024-06-21 01:07:11,825 - INFO - batch loss 0.472037
2024-06-21 01:07:11,896 - INFO - epoch average loss: 0.502708
2024-06-21 01:07:11,896 - INFO - 开始测试第6轮模型效果：
2024-06-21 01:07:11,909 - INFO - 预测集合条目总量：2398
2024-06-21 01:07:11,909 - INFO - 预测正确条目：1852，预测错误条目：546
2024-06-21 01:07:11,909 - INFO - 预测准确率：0.772310
2024-06-21 01:07:11,909 - INFO - --------------------
2024-06-21 01:07:11,909 - INFO - epoch 7 begin
2024-06-21 01:07:11,910 - INFO - batch loss 0.535268
2024-06-21 01:07:11,970 - INFO - batch loss 0.472726
2024-06-21 01:07:12,023 - INFO - epoch average loss: 0.477349
2024-06-21 01:07:12,023 - INFO - 开始测试第7轮模型效果：
2024-06-21 01:07:12,035 - INFO - 预测集合条目总量：2398
2024-06-21 01:07:12,035 - INFO - 预测正确条目：1882，预测错误条目：516
2024-06-21 01:07:12,035 - INFO - 预测准确率：0.784821
2024-06-21 01:07:12,035 - INFO - --------------------
2024-06-21 01:07:12,035 - INFO - epoch 8 begin
2024-06-21 01:07:12,036 - INFO - batch loss 0.439560
2024-06-21 01:07:12,091 - INFO - batch loss 0.387141
2024-06-21 01:07:12,151 - INFO - epoch average loss: 0.455248
2024-06-21 01:07:12,151 - INFO - 开始测试第8轮模型效果：
2024-06-21 01:07:12,164 - INFO - 预测集合条目总量：2398
2024-06-21 01:07:12,164 - INFO - 预测正确条目：1910，预测错误条目：488
2024-06-21 01:07:12,164 - INFO - 预测准确率：0.796497
2024-06-21 01:07:12,164 - INFO - --------------------
2024-06-21 01:07:12,164 - INFO - epoch 9 begin
2024-06-21 01:07:12,166 - INFO - batch loss 0.364792
2024-06-21 01:07:12,231 - INFO - batch loss 0.347196
2024-06-21 01:07:12,283 - INFO - epoch average loss: 0.436801
2024-06-21 01:07:12,283 - INFO - 开始测试第9轮模型效果：
2024-06-21 01:07:12,295 - INFO - 预测集合条目总量：2398
2024-06-21 01:07:12,295 - INFO - 预测正确条目：1924，预测错误条目：474
2024-06-21 01:07:12,295 - INFO - 预测准确率：0.802335
2024-06-21 01:07:12,295 - INFO - --------------------
2024-06-21 01:07:12,295 - INFO - epoch 10 begin
2024-06-21 01:07:12,296 - INFO - batch loss 0.437632
2024-06-21 01:07:12,355 - INFO - batch loss 0.479225
2024-06-21 01:07:12,418 - INFO - epoch average loss: 0.422608
2024-06-21 01:07:12,418 - INFO - 开始测试第10轮模型效果：
2024-06-21 01:07:12,430 - INFO - 预测集合条目总量：2398
2024-06-21 01:07:12,430 - INFO - 预测正确条目：1949，预测错误条目：449
2024-06-21 01:07:12,430 - INFO - 预测准确率：0.812761
2024-06-21 01:07:12,430 - INFO - --------------------
2024-06-21 01:07:12,430 - INFO - epoch 11 begin
2024-06-21 01:07:12,432 - INFO - batch loss 0.479559
2024-06-21 01:07:12,494 - INFO - batch loss 0.429397
2024-06-21 01:07:12,550 - INFO - epoch average loss: 0.410692
2024-06-21 01:07:12,550 - INFO - 开始测试第11轮模型效果：
2024-06-21 01:07:12,560 - INFO - 预测集合条目总量：2398
2024-06-21 01:07:12,560 - INFO - 预测正确条目：1955，预测错误条目：443
2024-06-21 01:07:12,560 - INFO - 预测准确率：0.815263
2024-06-21 01:07:12,560 - INFO - --------------------
2024-06-21 01:07:12,560 - INFO - epoch 12 begin
2024-06-21 01:07:12,562 - INFO - batch loss 0.359495
2024-06-21 01:07:12,627 - INFO - batch loss 0.555183
2024-06-21 01:07:12,688 - INFO - epoch average loss: 0.401015
2024-06-21 01:07:12,688 - INFO - 开始测试第12轮模型效果：
2024-06-21 01:07:12,701 - INFO - 预测集合条目总量：2398
2024-06-21 01:07:12,701 - INFO - 预测正确条目：1964，预测错误条目：434
2024-06-21 01:07:12,701 - INFO - 预测准确率：0.819016
2024-06-21 01:07:12,701 - INFO - --------------------
2024-06-21 01:07:12,701 - INFO - epoch 13 begin
2024-06-21 01:07:12,702 - INFO - batch loss 0.451803
2024-06-21 01:07:12,762 - INFO - batch loss 0.421770
2024-06-21 01:07:12,827 - INFO - epoch average loss: 0.392980
2024-06-21 01:07:12,827 - INFO - 开始测试第13轮模型效果：
2024-06-21 01:07:12,841 - INFO - 预测集合条目总量：2398
2024-06-21 01:07:12,841 - INFO - 预测正确条目：1971，预测错误条目：427
2024-06-21 01:07:12,841 - INFO - 预测准确率：0.821935
2024-06-21 01:07:12,841 - INFO - --------------------
2024-06-21 01:07:12,841 - INFO - epoch 14 begin
2024-06-21 01:07:12,842 - INFO - batch loss 0.351964
2024-06-21 01:07:12,902 - INFO - batch loss 0.348160
2024-06-21 01:07:12,954 - INFO - epoch average loss: 0.385622
2024-06-21 01:07:12,954 - INFO - 开始测试第14轮模型效果：
2024-06-21 01:07:12,965 - INFO - 预测集合条目总量：2398
2024-06-21 01:07:12,965 - INFO - 预测正确条目：1983，预测错误条目：415
2024-06-21 01:07:12,965 - INFO - 预测准确率：0.826939
2024-06-21 01:07:12,965 - INFO - --------------------
2024-06-21 01:07:12,965 - INFO - epoch 15 begin
2024-06-21 01:07:12,966 - INFO - batch loss 0.393028
2024-06-21 01:07:13,015 - INFO - batch loss 0.465995
2024-06-21 01:07:13,075 - INFO - epoch average loss: 0.378798
2024-06-21 01:07:13,075 - INFO - 开始测试第15轮模型效果：
2024-06-21 01:07:13,088 - INFO - 预测集合条目总量：2398
2024-06-21 01:07:13,088 - INFO - 预测正确条目：1984，预测错误条目：414
2024-06-21 01:07:13,088 - INFO - 预测准确率：0.827356
2024-06-21 01:07:13,088 - INFO - --------------------
2024-06-21 01:07:13,088 - INFO - Training finished in 1.96 seconds
2024-06-21 01:07:34,871 - INFO - epoch 1 begin
2024-06-21 01:07:34,886 - INFO - batch loss 1.504222
2024-06-21 01:07:34,938 - INFO - batch loss 0.675434
2024-06-21 01:07:34,993 - INFO - epoch average loss: 0.829839
2024-06-21 01:07:34,993 - INFO - 开始测试第1轮模型效果：
2024-06-21 01:07:35,003 - INFO - 预测集合条目总量：2398
2024-06-21 01:07:35,004 - INFO - 预测正确条目：1567，预测错误条目：831
2024-06-21 01:07:35,004 - INFO - 预测准确率：0.653461
2024-06-21 01:07:35,004 - INFO - --------------------
2024-06-21 01:07:35,004 - INFO - epoch 2 begin
2024-06-21 01:07:35,004 - INFO - batch loss 0.644877
2024-06-21 01:07:35,060 - INFO - batch loss 0.577998
2024-06-21 01:07:35,117 - INFO - epoch average loss: 0.621369
2024-06-21 01:07:35,117 - INFO - 开始测试第2轮模型效果：
2024-06-21 01:07:35,129 - INFO - 预测集合条目总量：2398
2024-06-21 01:07:35,129 - INFO - 预测正确条目：1593，预测错误条目：805
2024-06-21 01:07:35,129 - INFO - 预测准确率：0.664304
2024-06-21 01:07:35,129 - INFO - --------------------
2024-06-21 01:07:35,129 - INFO - epoch 3 begin
2024-06-21 01:07:35,130 - INFO - batch loss 0.632335
2024-06-21 01:07:35,186 - INFO - batch loss 0.622358
2024-06-21 01:07:35,238 - INFO - epoch average loss: 0.607877
2024-06-21 01:07:35,238 - INFO - 开始测试第3轮模型效果：
2024-06-21 01:07:35,249 - INFO - 预测集合条目总量：2398
2024-06-21 01:07:35,249 - INFO - 预测正确条目：1605，预测错误条目：793
2024-06-21 01:07:35,249 - INFO - 预测准确率：0.669308
2024-06-21 01:07:35,249 - INFO - --------------------
2024-06-21 01:07:35,249 - INFO - epoch 4 begin
2024-06-21 01:07:35,250 - INFO - batch loss 0.570342
2024-06-21 01:07:35,296 - INFO - batch loss 0.581458
2024-06-21 01:07:35,354 - INFO - epoch average loss: 0.592754
2024-06-21 01:07:35,354 - INFO - 开始测试第4轮模型效果：
2024-06-21 01:07:35,366 - INFO - 预测集合条目总量：2398
2024-06-21 01:07:35,366 - INFO - 预测正确条目：1629，预测错误条目：769
2024-06-21 01:07:35,366 - INFO - 预测准确率：0.679316
2024-06-21 01:07:35,366 - INFO - --------------------
2024-06-21 01:07:35,366 - INFO - epoch 5 begin
2024-06-21 01:07:35,368 - INFO - batch loss 0.583549
2024-06-21 01:07:35,428 - INFO - batch loss 0.645311
2024-06-21 01:07:35,476 - INFO - epoch average loss: 0.574919
2024-06-21 01:07:35,476 - INFO - 开始测试第5轮模型效果：
2024-06-21 01:07:35,487 - INFO - 预测集合条目总量：2398
2024-06-21 01:07:35,487 - INFO - 预测正确条目：1676，预测错误条目：722
2024-06-21 01:07:35,487 - INFO - 预测准确率：0.698916
2024-06-21 01:07:35,487 - INFO - --------------------
2024-06-21 01:07:35,487 - INFO - epoch 6 begin
2024-06-21 01:07:35,488 - INFO - batch loss 0.566249
2024-06-21 01:07:35,543 - INFO - batch loss 0.559994
2024-06-21 01:07:35,602 - INFO - epoch average loss: 0.552821
2024-06-21 01:07:35,602 - INFO - 开始测试第6轮模型效果：
2024-06-21 01:07:35,617 - INFO - 预测集合条目总量：2398
2024-06-21 01:07:35,617 - INFO - 预测正确条目：1745，预测错误条目：653
2024-06-21 01:07:35,617 - INFO - 预测准确率：0.727690
2024-06-21 01:07:35,617 - INFO - --------------------
2024-06-21 01:07:35,617 - INFO - epoch 7 begin
2024-06-21 01:07:35,619 - INFO - batch loss 0.506413
2024-06-21 01:07:35,679 - INFO - batch loss 0.466079
2024-06-21 01:07:35,739 - INFO - epoch average loss: 0.527531
2024-06-21 01:07:35,739 - INFO - 开始测试第7轮模型效果：
2024-06-21 01:07:35,752 - INFO - 预测集合条目总量：2398
2024-06-21 01:07:35,752 - INFO - 预测正确条目：1821，预测错误条目：577
2024-06-21 01:07:35,752 - INFO - 预测准确率：0.759383
2024-06-21 01:07:35,752 - INFO - --------------------
2024-06-21 01:07:35,752 - INFO - epoch 8 begin
2024-06-21 01:07:35,753 - INFO - batch loss 0.528751
2024-06-21 01:07:35,801 - INFO - batch loss 0.400678
2024-06-21 01:07:35,863 - INFO - epoch average loss: 0.501929
2024-06-21 01:07:35,863 - INFO - 开始测试第8轮模型效果：
2024-06-21 01:07:35,876 - INFO - 预测集合条目总量：2398
2024-06-21 01:07:35,876 - INFO - 预测正确条目：1866，预测错误条目：532
2024-06-21 01:07:35,876 - INFO - 预测准确率：0.778148
2024-06-21 01:07:35,876 - INFO - --------------------
2024-06-21 01:07:35,876 - INFO - epoch 9 begin
2024-06-21 01:07:35,877 - INFO - batch loss 0.579900
2024-06-21 01:07:35,934 - INFO - batch loss 0.521678
2024-06-21 01:07:35,992 - INFO - epoch average loss: 0.478741
2024-06-21 01:07:35,992 - INFO - 开始测试第9轮模型效果：
2024-06-21 01:07:36,006 - INFO - 预测集合条目总量：2398
2024-06-21 01:07:36,006 - INFO - 预测正确条目：1888，预测错误条目：510
2024-06-21 01:07:36,006 - INFO - 预测准确率：0.787323
2024-06-21 01:07:36,006 - INFO - --------------------
2024-06-21 01:07:36,006 - INFO - epoch 10 begin
2024-06-21 01:07:36,007 - INFO - batch loss 0.506570
2024-06-21 01:07:36,068 - INFO - batch loss 0.458690
2024-06-21 01:07:36,128 - INFO - epoch average loss: 0.459320
2024-06-21 01:07:36,128 - INFO - 开始测试第10轮模型效果：
2024-06-21 01:07:36,143 - INFO - 预测集合条目总量：2398
2024-06-21 01:07:36,143 - INFO - 预测正确条目：1907，预测错误条目：491
2024-06-21 01:07:36,143 - INFO - 预测准确率：0.795246
2024-06-21 01:07:36,143 - INFO - --------------------
2024-06-21 01:07:36,143 - INFO - epoch 11 begin
2024-06-21 01:07:36,144 - INFO - batch loss 0.400246
2024-06-21 01:07:36,206 - INFO - batch loss 0.429178
2024-06-21 01:07:36,256 - INFO - epoch average loss: 0.443690
2024-06-21 01:07:36,256 - INFO - 开始测试第11轮模型效果：
2024-06-21 01:07:36,267 - INFO - 预测集合条目总量：2398
2024-06-21 01:07:36,267 - INFO - 预测正确条目：1933，预测错误条目：465
2024-06-21 01:07:36,267 - INFO - 预测准确率：0.806088
2024-06-21 01:07:36,267 - INFO - --------------------
2024-06-21 01:07:36,267 - INFO - epoch 12 begin
2024-06-21 01:07:36,267 - INFO - batch loss 0.460767
2024-06-21 01:07:36,323 - INFO - batch loss 0.514167
2024-06-21 01:07:36,381 - INFO - epoch average loss: 0.430533
2024-06-21 01:07:36,381 - INFO - 开始测试第12轮模型效果：
2024-06-21 01:07:36,394 - INFO - 预测集合条目总量：2398
2024-06-21 01:07:36,394 - INFO - 预测正确条目：1946，预测错误条目：452
2024-06-21 01:07:36,394 - INFO - 预测准确率：0.811510
2024-06-21 01:07:36,394 - INFO - --------------------
2024-06-21 01:07:36,394 - INFO - epoch 13 begin
2024-06-21 01:07:36,395 - INFO - batch loss 0.406562
2024-06-21 01:07:36,459 - INFO - batch loss 0.371580
2024-06-21 01:07:36,519 - INFO - epoch average loss: 0.419973
2024-06-21 01:07:36,520 - INFO - 开始测试第13轮模型效果：
2024-06-21 01:07:36,533 - INFO - 预测集合条目总量：2398
2024-06-21 01:07:36,533 - INFO - 预测正确条目：1958，预测错误条目：440
2024-06-21 01:07:36,534 - INFO - 预测准确率：0.816514
2024-06-21 01:07:36,534 - INFO - --------------------
2024-06-21 01:07:36,534 - INFO - epoch 14 begin
2024-06-21 01:07:36,534 - INFO - batch loss 0.394271
2024-06-21 01:07:36,589 - INFO - batch loss 0.412434
2024-06-21 01:07:36,652 - INFO - epoch average loss: 0.410897
2024-06-21 01:07:36,652 - INFO - 开始测试第14轮模型效果：
2024-06-21 01:07:36,664 - INFO - 预测集合条目总量：2398
2024-06-21 01:07:36,664 - INFO - 预测正确条目：1962，预测错误条目：436
2024-06-21 01:07:36,664 - INFO - 预测准确率：0.818182
2024-06-21 01:07:36,664 - INFO - --------------------
2024-06-21 01:07:36,664 - INFO - epoch 15 begin
2024-06-21 01:07:36,665 - INFO - batch loss 0.380002
2024-06-21 01:07:36,728 - INFO - batch loss 0.432346
2024-06-21 01:07:36,776 - INFO - epoch average loss: 0.402949
2024-06-21 01:07:36,776 - INFO - 开始测试第15轮模型效果：
2024-06-21 01:07:36,787 - INFO - 预测集合条目总量：2398
2024-06-21 01:07:36,787 - INFO - 预测正确条目：1975，预测错误条目：423
2024-06-21 01:07:36,787 - INFO - 预测准确率：0.823603
2024-06-21 01:07:36,787 - INFO - --------------------
2024-06-21 01:07:36,787 - INFO - Training finished in 1.92 seconds
2024-06-21 01:07:53,924 - INFO - epoch 1 begin
2024-06-21 01:07:53,940 - INFO - batch loss 0.895259
2024-06-21 01:07:53,977 - INFO - batch loss 0.688072
2024-06-21 01:07:54,013 - INFO - epoch average loss: 0.671587
2024-06-21 01:07:54,013 - INFO - 开始测试第1轮模型效果：
2024-06-21 01:07:54,024 - INFO - 预测集合条目总量：2398
2024-06-21 01:07:54,024 - INFO - 预测正确条目：1585，预测错误条目：813
2024-06-21 01:07:54,024 - INFO - 预测准确率：0.660967
2024-06-21 01:07:54,024 - INFO - --------------------
2024-06-21 01:07:54,024 - INFO - epoch 2 begin
2024-06-21 01:07:54,025 - INFO - batch loss 0.627505
2024-06-21 01:07:54,063 - INFO - batch loss 0.607109
2024-06-21 01:07:54,100 - INFO - epoch average loss: 0.609920
2024-06-21 01:07:54,100 - INFO - 开始测试第2轮模型效果：
2024-06-21 01:07:54,112 - INFO - 预测集合条目总量：2398
2024-06-21 01:07:54,112 - INFO - 预测正确条目：1603，预测错误条目：795
2024-06-21 01:07:54,112 - INFO - 预测准确率：0.668474
2024-06-21 01:07:54,112 - INFO - --------------------
2024-06-21 01:07:54,112 - INFO - epoch 3 begin
2024-06-21 01:07:54,113 - INFO - batch loss 0.653508
2024-06-21 01:07:54,152 - INFO - batch loss 0.602298
2024-06-21 01:07:54,193 - INFO - epoch average loss: 0.597680
2024-06-21 01:07:54,193 - INFO - 开始测试第3轮模型效果：
2024-06-21 01:07:54,204 - INFO - 预测集合条目总量：2398
2024-06-21 01:07:54,204 - INFO - 预测正确条目：1637，预测错误条目：761
2024-06-21 01:07:54,204 - INFO - 预测准确率：0.682652
2024-06-21 01:07:54,204 - INFO - --------------------
2024-06-21 01:07:54,204 - INFO - epoch 4 begin
2024-06-21 01:07:54,204 - INFO - batch loss 0.561733
2024-06-21 01:07:54,242 - INFO - batch loss 0.583425
2024-06-21 01:07:54,283 - INFO - epoch average loss: 0.585191
2024-06-21 01:07:54,283 - INFO - 开始测试第4轮模型效果：
2024-06-21 01:07:54,294 - INFO - 预测集合条目总量：2398
2024-06-21 01:07:54,294 - INFO - 预测正确条目：1656，预测错误条目：742
2024-06-21 01:07:54,294 - INFO - 预测准确率：0.690575
2024-06-21 01:07:54,294 - INFO - --------------------
2024-06-21 01:07:54,294 - INFO - epoch 5 begin
2024-06-21 01:07:54,295 - INFO - batch loss 0.598666
2024-06-21 01:07:54,336 - INFO - batch loss 0.515893
2024-06-21 01:07:54,374 - INFO - epoch average loss: 0.571314
2024-06-21 01:07:54,374 - INFO - 开始测试第5轮模型效果：
2024-06-21 01:07:54,385 - INFO - 预测集合条目总量：2398
2024-06-21 01:07:54,385 - INFO - 预测正确条目：1675，预测错误条目：723
2024-06-21 01:07:54,385 - INFO - 预测准确率：0.698499
2024-06-21 01:07:54,385 - INFO - --------------------
2024-06-21 01:07:54,385 - INFO - epoch 6 begin
2024-06-21 01:07:54,386 - INFO - batch loss 0.512711
2024-06-21 01:07:54,438 - INFO - batch loss 0.634309
2024-06-21 01:07:54,490 - INFO - epoch average loss: 0.555734
2024-06-21 01:07:54,490 - INFO - 开始测试第6轮模型效果：
2024-06-21 01:07:54,501 - INFO - 预测集合条目总量：2398
2024-06-21 01:07:54,501 - INFO - 预测正确条目：1728，预测错误条目：670
2024-06-21 01:07:54,501 - INFO - 预测准确率：0.720601
2024-06-21 01:07:54,501 - INFO - --------------------
2024-06-21 01:07:54,501 - INFO - epoch 7 begin
2024-06-21 01:07:54,502 - INFO - batch loss 0.505943
2024-06-21 01:07:54,547 - INFO - batch loss 0.623288
2024-06-21 01:07:54,590 - INFO - epoch average loss: 0.538456
2024-06-21 01:07:54,590 - INFO - 开始测试第7轮模型效果：
2024-06-21 01:07:54,603 - INFO - 预测集合条目总量：2398
2024-06-21 01:07:54,603 - INFO - 预测正确条目：1759，预测错误条目：639
2024-06-21 01:07:54,603 - INFO - 预测准确率：0.733528
2024-06-21 01:07:54,603 - INFO - --------------------
2024-06-21 01:07:54,603 - INFO - epoch 8 begin
2024-06-21 01:07:54,604 - INFO - batch loss 0.434353
2024-06-21 01:07:54,652 - INFO - batch loss 0.527393
2024-06-21 01:07:54,704 - INFO - epoch average loss: 0.520496
2024-06-21 01:07:54,704 - INFO - 开始测试第8轮模型效果：
2024-06-21 01:07:54,714 - INFO - 预测集合条目总量：2398
2024-06-21 01:07:54,714 - INFO - 预测正确条目：1803，预测错误条目：595
2024-06-21 01:07:54,714 - INFO - 预测准确率：0.751877
2024-06-21 01:07:54,714 - INFO - --------------------
2024-06-21 01:07:54,714 - INFO - epoch 9 begin
2024-06-21 01:07:54,715 - INFO - batch loss 0.484036
2024-06-21 01:07:54,754 - INFO - batch loss 0.496120
2024-06-21 01:07:54,798 - INFO - epoch average loss: 0.501435
2024-06-21 01:07:54,798 - INFO - 开始测试第9轮模型效果：
2024-06-21 01:07:54,809 - INFO - 预测集合条目总量：2398
2024-06-21 01:07:54,809 - INFO - 预测正确条目：1830，预测错误条目：568
2024-06-21 01:07:54,809 - INFO - 预测准确率：0.763136
2024-06-21 01:07:54,809 - INFO - --------------------
2024-06-21 01:07:54,809 - INFO - epoch 10 begin
2024-06-21 01:07:54,810 - INFO - batch loss 0.526596
2024-06-21 01:07:54,856 - INFO - batch loss 0.460548
2024-06-21 01:07:54,901 - INFO - epoch average loss: 0.482550
2024-06-21 01:07:54,901 - INFO - 开始测试第10轮模型效果：
2024-06-21 01:07:54,912 - INFO - 预测集合条目总量：2398
2024-06-21 01:07:54,912 - INFO - 预测正确条目：1860，预测错误条目：538
2024-06-21 01:07:54,912 - INFO - 预测准确率：0.775646
2024-06-21 01:07:54,912 - INFO - --------------------
2024-06-21 01:07:54,912 - INFO - epoch 11 begin
2024-06-21 01:07:54,913 - INFO - batch loss 0.505737
2024-06-21 01:07:54,952 - INFO - batch loss 0.489220
2024-06-21 01:07:54,991 - INFO - epoch average loss: 0.465632
2024-06-21 01:07:54,991 - INFO - 开始测试第11轮模型效果：
2024-06-21 01:07:55,002 - INFO - 预测集合条目总量：2398
2024-06-21 01:07:55,002 - INFO - 预测正确条目：1871，预测错误条目：527
2024-06-21 01:07:55,002 - INFO - 预测准确率：0.780234
2024-06-21 01:07:55,002 - INFO - --------------------
2024-06-21 01:07:55,002 - INFO - epoch 12 begin
2024-06-21 01:07:55,003 - INFO - batch loss 0.465152
2024-06-21 01:07:55,047 - INFO - batch loss 0.406927
2024-06-21 01:07:55,091 - INFO - epoch average loss: 0.452053
2024-06-21 01:07:55,091 - INFO - 开始测试第12轮模型效果：
2024-06-21 01:07:55,102 - INFO - 预测集合条目总量：2398
2024-06-21 01:07:55,102 - INFO - 预测正确条目：1879，预测错误条目：519
2024-06-21 01:07:55,102 - INFO - 预测准确率：0.783570
2024-06-21 01:07:55,102 - INFO - --------------------
2024-06-21 01:07:55,102 - INFO - epoch 13 begin
2024-06-21 01:07:55,103 - INFO - batch loss 0.438615
2024-06-21 01:07:55,151 - INFO - batch loss 0.486656
2024-06-21 01:07:55,186 - INFO - epoch average loss: 0.441347
2024-06-21 01:07:55,186 - INFO - 开始测试第13轮模型效果：
2024-06-21 01:07:55,197 - INFO - 预测集合条目总量：2398
2024-06-21 01:07:55,197 - INFO - 预测正确条目：1887，预测错误条目：511
2024-06-21 01:07:55,197 - INFO - 预测准确率：0.786906
2024-06-21 01:07:55,197 - INFO - --------------------
2024-06-21 01:07:55,197 - INFO - epoch 14 begin
2024-06-21 01:07:55,197 - INFO - batch loss 0.372814
2024-06-21 01:07:55,236 - INFO - batch loss 0.400484
2024-06-21 01:07:55,280 - INFO - epoch average loss: 0.432347
2024-06-21 01:07:55,280 - INFO - 开始测试第14轮模型效果：
2024-06-21 01:07:55,291 - INFO - 预测集合条目总量：2398
2024-06-21 01:07:55,292 - INFO - 预测正确条目：1896，预测错误条目：502
2024-06-21 01:07:55,292 - INFO - 预测准确率：0.790659
2024-06-21 01:07:55,292 - INFO - --------------------
2024-06-21 01:07:55,292 - INFO - epoch 15 begin
2024-06-21 01:07:55,293 - INFO - batch loss 0.436210
2024-06-21 01:07:55,341 - INFO - batch loss 0.446160
2024-06-21 01:07:55,384 - INFO - epoch average loss: 0.424710
2024-06-21 01:07:55,384 - INFO - 开始测试第15轮模型效果：
2024-06-21 01:07:55,394 - INFO - 预测集合条目总量：2398
2024-06-21 01:07:55,394 - INFO - 预测正确条目：1912，预测错误条目：486
2024-06-21 01:07:55,394 - INFO - 预测准确率：0.797331
2024-06-21 01:07:55,394 - INFO - --------------------
2024-06-21 01:07:55,394 - INFO - Training finished in 1.47 seconds
2024-06-21 01:08:06,769 - INFO - epoch 1 begin
2024-06-21 01:08:06,783 - INFO - batch loss 1.055386
2024-06-21 01:08:06,826 - INFO - batch loss 0.698654
2024-06-21 01:08:06,863 - INFO - epoch average loss: 0.771058
2024-06-21 01:08:06,863 - INFO - 开始测试第1轮模型效果：
2024-06-21 01:08:06,874 - INFO - 预测集合条目总量：2398
2024-06-21 01:08:06,874 - INFO - 预测正确条目：1550，预测错误条目：848
2024-06-21 01:08:06,874 - INFO - 预测准确率：0.646372
2024-06-21 01:08:06,874 - INFO - --------------------
2024-06-21 01:08:06,874 - INFO - epoch 2 begin
2024-06-21 01:08:06,874 - INFO - batch loss 0.562064
2024-06-21 01:08:06,912 - INFO - batch loss 0.577760
2024-06-21 01:08:06,950 - INFO - epoch average loss: 0.623277
2024-06-21 01:08:06,950 - INFO - 开始测试第2轮模型效果：
2024-06-21 01:08:06,960 - INFO - 预测集合条目总量：2398
2024-06-21 01:08:06,960 - INFO - 预测正确条目：1576，预测错误条目：822
2024-06-21 01:08:06,961 - INFO - 预测准确率：0.657214
2024-06-21 01:08:06,961 - INFO - --------------------
2024-06-21 01:08:06,961 - INFO - epoch 3 begin
2024-06-21 01:08:06,961 - INFO - batch loss 0.597139
2024-06-21 01:08:07,004 - INFO - batch loss 0.642233
2024-06-21 01:08:07,055 - INFO - epoch average loss: 0.613859
2024-06-21 01:08:07,055 - INFO - 开始测试第3轮模型效果：
2024-06-21 01:08:07,066 - INFO - 预测集合条目总量：2398
2024-06-21 01:08:07,066 - INFO - 预测正确条目：1600，预测错误条目：798
2024-06-21 01:08:07,067 - INFO - 预测准确率：0.667223
2024-06-21 01:08:07,067 - INFO - --------------------
2024-06-21 01:08:07,067 - INFO - epoch 4 begin
2024-06-21 01:08:07,067 - INFO - batch loss 0.567300
2024-06-21 01:08:07,108 - INFO - batch loss 0.630087
2024-06-21 01:08:07,150 - INFO - epoch average loss: 0.604526
2024-06-21 01:08:07,151 - INFO - 开始测试第4轮模型效果：
2024-06-21 01:08:07,163 - INFO - 预测集合条目总量：2398
2024-06-21 01:08:07,163 - INFO - 预测正确条目：1603，预测错误条目：795
2024-06-21 01:08:07,163 - INFO - 预测准确率：0.668474
2024-06-21 01:08:07,163 - INFO - --------------------
2024-06-21 01:08:07,163 - INFO - epoch 5 begin
2024-06-21 01:08:07,163 - INFO - batch loss 0.649738
2024-06-21 01:08:07,205 - INFO - batch loss 0.534751
2024-06-21 01:08:07,254 - INFO - epoch average loss: 0.593543
2024-06-21 01:08:07,254 - INFO - 开始测试第5轮模型效果：
2024-06-21 01:08:07,265 - INFO - 预测集合条目总量：2398
2024-06-21 01:08:07,265 - INFO - 预测正确条目：1629，预测错误条目：769
2024-06-21 01:08:07,265 - INFO - 预测准确率：0.679316
2024-06-21 01:08:07,266 - INFO - --------------------
2024-06-21 01:08:07,266 - INFO - epoch 6 begin
2024-06-21 01:08:07,266 - INFO - batch loss 0.677737
2024-06-21 01:08:07,315 - INFO - batch loss 0.618782
2024-06-21 01:08:07,356 - INFO - epoch average loss: 0.579504
2024-06-21 01:08:07,356 - INFO - 开始测试第6轮模型效果：
2024-06-21 01:08:07,367 - INFO - 预测集合条目总量：2398
2024-06-21 01:08:07,367 - INFO - 预测正确条目：1651，预测错误条目：747
2024-06-21 01:08:07,367 - INFO - 预测准确率：0.688490
2024-06-21 01:08:07,367 - INFO - --------------------
2024-06-21 01:08:07,367 - INFO - epoch 7 begin
2024-06-21 01:08:07,367 - INFO - batch loss 0.563682
2024-06-21 01:08:07,406 - INFO - batch loss 0.589595
2024-06-21 01:08:07,442 - INFO - epoch average loss: 0.560192
2024-06-21 01:08:07,442 - INFO - 开始测试第7轮模型效果：
2024-06-21 01:08:07,453 - INFO - 预测集合条目总量：2398
2024-06-21 01:08:07,453 - INFO - 预测正确条目：1710，预测错误条目：688
2024-06-21 01:08:07,453 - INFO - 预测准确率：0.713094
2024-06-21 01:08:07,453 - INFO - --------------------
2024-06-21 01:08:07,453 - INFO - epoch 8 begin
2024-06-21 01:08:07,454 - INFO - batch loss 0.563728
2024-06-21 01:08:07,502 - INFO - batch loss 0.519643
2024-06-21 01:08:07,550 - INFO - epoch average loss: 0.538288
2024-06-21 01:08:07,550 - INFO - 开始测试第8轮模型效果：
2024-06-21 01:08:07,563 - INFO - 预测集合条目总量：2398
2024-06-21 01:08:07,563 - INFO - 预测正确条目：1748，预测错误条目：650
2024-06-21 01:08:07,563 - INFO - 预测准确率：0.728941
2024-06-21 01:08:07,563 - INFO - --------------------
2024-06-21 01:08:07,563 - INFO - epoch 9 begin
2024-06-21 01:08:07,564 - INFO - batch loss 0.571149
2024-06-21 01:08:07,606 - INFO - batch loss 0.582447
2024-06-21 01:08:07,643 - INFO - epoch average loss: 0.516014
2024-06-21 01:08:07,643 - INFO - 开始测试第9轮模型效果：
2024-06-21 01:08:07,654 - INFO - 预测集合条目总量：2398
2024-06-21 01:08:07,654 - INFO - 预测正确条目：1792，预测错误条目：606
2024-06-21 01:08:07,654 - INFO - 预测准确率：0.747289
2024-06-21 01:08:07,654 - INFO - --------------------
2024-06-21 01:08:07,654 - INFO - epoch 10 begin
2024-06-21 01:08:07,655 - INFO - batch loss 0.629026
2024-06-21 01:08:07,691 - INFO - batch loss 0.467332
2024-06-21 01:08:07,736 - INFO - epoch average loss: 0.496626
2024-06-21 01:08:07,736 - INFO - 开始测试第10轮模型效果：
2024-06-21 01:08:07,748 - INFO - 预测集合条目总量：2398
2024-06-21 01:08:07,748 - INFO - 预测正确条目：1823，预测错误条目：575
2024-06-21 01:08:07,748 - INFO - 预测准确率：0.760217
2024-06-21 01:08:07,748 - INFO - --------------------
2024-06-21 01:08:07,748 - INFO - epoch 11 begin
2024-06-21 01:08:07,749 - INFO - batch loss 0.542200
2024-06-21 01:08:07,799 - INFO - batch loss 0.496922
2024-06-21 01:08:07,843 - INFO - epoch average loss: 0.480194
2024-06-21 01:08:07,843 - INFO - 开始测试第11轮模型效果：
2024-06-21 01:08:07,853 - INFO - 预测集合条目总量：2398
2024-06-21 01:08:07,853 - INFO - 预测正确条目：1827，预测错误条目：571
2024-06-21 01:08:07,853 - INFO - 预测准确率：0.761885
2024-06-21 01:08:07,853 - INFO - --------------------
2024-06-21 01:08:07,853 - INFO - epoch 12 begin
2024-06-21 01:08:07,854 - INFO - batch loss 0.482872
2024-06-21 01:08:07,891 - INFO - batch loss 0.541970
2024-06-21 01:08:07,928 - INFO - epoch average loss: 0.467017
2024-06-21 01:08:07,928 - INFO - 开始测试第12轮模型效果：
2024-06-21 01:08:07,941 - INFO - 预测集合条目总量：2398
2024-06-21 01:08:07,941 - INFO - 预测正确条目：1850，预测错误条目：548
2024-06-21 01:08:07,941 - INFO - 预测准确率：0.771476
2024-06-21 01:08:07,941 - INFO - --------------------
2024-06-21 01:08:07,941 - INFO - epoch 13 begin
2024-06-21 01:08:07,942 - INFO - batch loss 0.511144
2024-06-21 01:08:07,988 - INFO - batch loss 0.494910
2024-06-21 01:08:08,038 - INFO - epoch average loss: 0.456310
2024-06-21 01:08:08,038 - INFO - 开始测试第13轮模型效果：
2024-06-21 01:08:08,051 - INFO - 预测集合条目总量：2398
2024-06-21 01:08:08,052 - INFO - 预测正确条目：1867，预测错误条目：531
2024-06-21 01:08:08,052 - INFO - 预测准确率：0.778565
2024-06-21 01:08:08,052 - INFO - --------------------
2024-06-21 01:08:08,052 - INFO - epoch 14 begin
2024-06-21 01:08:08,052 - INFO - batch loss 0.357643
2024-06-21 01:08:08,095 - INFO - batch loss 0.395382
2024-06-21 01:08:08,132 - INFO - epoch average loss: 0.447463
2024-06-21 01:08:08,132 - INFO - 开始测试第14轮模型效果：
2024-06-21 01:08:08,143 - INFO - 预测集合条目总量：2398
2024-06-21 01:08:08,143 - INFO - 预测正确条目：1879，预测错误条目：519
2024-06-21 01:08:08,143 - INFO - 预测准确率：0.783570
2024-06-21 01:08:08,143 - INFO - --------------------
2024-06-21 01:08:08,143 - INFO - epoch 15 begin
2024-06-21 01:08:08,143 - INFO - batch loss 0.461175
2024-06-21 01:08:08,182 - INFO - batch loss 0.441143
2024-06-21 01:08:08,231 - INFO - epoch average loss: 0.439813
2024-06-21 01:08:08,231 - INFO - 开始测试第15轮模型效果：
2024-06-21 01:08:08,244 - INFO - 预测集合条目总量：2398
2024-06-21 01:08:08,244 - INFO - 预测正确条目：1889，预测错误条目：509
2024-06-21 01:08:08,244 - INFO - 预测准确率：0.787740
2024-06-21 01:08:08,244 - INFO - --------------------
2024-06-21 01:08:08,244 - INFO - Training finished in 1.48 seconds
