2024-06-21 00:41:29,315 - INFO - epoch 1 begin
2024-06-21 00:41:29,363 - INFO - batch loss 0.687331
2024-06-21 00:41:31,552 - INFO - batch loss 0.381764
2024-06-21 00:41:33,680 - INFO - epoch average loss: 0.368608
2024-06-21 00:41:33,680 - INFO - 开始测试第1轮模型效果：
2024-06-21 00:41:34,379 - INFO - 预测集合条目总量：2398
2024-06-21 00:41:34,379 - INFO - 预测正确条目：2086，预测错误条目：312
2024-06-21 00:41:34,379 - INFO - 预测准确率：0.869892
2024-06-21 00:41:34,379 - INFO - --------------------
2024-06-21 00:41:34,379 - INFO - epoch 2 begin
2024-06-21 00:41:34,411 - INFO - batch loss 0.272515
2024-06-21 00:41:36,591 - INFO - batch loss 0.305899
2024-06-21 00:41:38,750 - INFO - epoch average loss: 0.254463
2024-06-21 00:41:38,750 - INFO - 开始测试第2轮模型效果：
2024-06-21 00:41:39,449 - INFO - 预测集合条目总量：2398
2024-06-21 00:41:39,449 - INFO - 预测正确条目：2112，预测错误条目：286
2024-06-21 00:41:39,449 - INFO - 预测准确率：0.880734
2024-06-21 00:41:39,449 - INFO - --------------------
2024-06-21 00:41:39,449 - INFO - epoch 3 begin
2024-06-21 00:41:39,478 - INFO - batch loss 0.145527
2024-06-21 00:41:41,651 - INFO - batch loss 0.245934
2024-06-21 00:41:43,834 - INFO - epoch average loss: 0.195321
2024-06-21 00:41:43,835 - INFO - 开始测试第3轮模型效果：
2024-06-21 00:41:44,537 - INFO - 预测集合条目总量：2398
2024-06-21 00:41:44,537 - INFO - 预测正确条目：2085，预测错误条目：313
2024-06-21 00:41:44,537 - INFO - 预测准确率：0.869475
2024-06-21 00:41:44,537 - INFO - --------------------
2024-06-21 00:41:44,537 - INFO - epoch 4 begin
2024-06-21 00:41:44,565 - INFO - batch loss 0.119194
2024-06-21 00:41:46,742 - INFO - batch loss 0.176871
2024-06-21 00:41:48,953 - INFO - epoch average loss: 0.138843
2024-06-21 00:41:48,954 - INFO - 开始测试第4轮模型效果：
2024-06-21 00:41:49,657 - INFO - 预测集合条目总量：2398
2024-06-21 00:41:49,657 - INFO - 预测正确条目：2084，预测错误条目：314
2024-06-21 00:41:49,657 - INFO - 预测准确率：0.869058
2024-06-21 00:41:49,657 - INFO - --------------------
2024-06-21 00:41:49,657 - INFO - epoch 5 begin
2024-06-21 00:41:49,689 - INFO - batch loss 0.053042
2024-06-21 00:41:51,907 - INFO - batch loss 0.040938
2024-06-21 00:41:54,150 - INFO - epoch average loss: 0.092351
2024-06-21 00:41:54,150 - INFO - 开始测试第5轮模型效果：
2024-06-21 00:41:54,856 - INFO - 预测集合条目总量：2398
2024-06-21 00:41:54,856 - INFO - 预测正确条目：2084，预测错误条目：314
2024-06-21 00:41:54,856 - INFO - 预测准确率：0.869058
2024-06-21 00:41:54,856 - INFO - --------------------
2024-06-21 00:41:54,856 - INFO - epoch 6 begin
2024-06-21 00:41:54,885 - INFO - batch loss 0.025685
2024-06-21 00:41:57,084 - INFO - batch loss 0.017462
2024-06-21 00:41:59,265 - INFO - epoch average loss: 0.061309
2024-06-21 00:41:59,265 - INFO - 开始测试第6轮模型效果：
2024-06-21 00:41:59,980 - INFO - 预测集合条目总量：2398
2024-06-21 00:41:59,980 - INFO - 预测正确条目：2070，预测错误条目：328
2024-06-21 00:41:59,980 - INFO - 预测准确率：0.863219
2024-06-21 00:41:59,980 - INFO - --------------------
2024-06-21 00:41:59,980 - INFO - epoch 7 begin
2024-06-21 00:42:00,011 - INFO - batch loss 0.023525
2024-06-21 00:42:02,298 - INFO - batch loss 0.019720
2024-06-21 00:42:04,465 - INFO - epoch average loss: 0.036298
2024-06-21 00:42:04,465 - INFO - 开始测试第7轮模型效果：
2024-06-21 00:42:05,170 - INFO - 预测集合条目总量：2398
2024-06-21 00:42:05,170 - INFO - 预测正确条目：2064，预测错误条目：334
2024-06-21 00:42:05,171 - INFO - 预测准确率：0.860717
2024-06-21 00:42:05,171 - INFO - --------------------
2024-06-21 00:42:05,171 - INFO - epoch 8 begin
2024-06-21 00:42:05,201 - INFO - batch loss 0.011540
2024-06-21 00:42:07,419 - INFO - batch loss 0.016305
2024-06-21 00:42:09,572 - INFO - epoch average loss: 0.026262
2024-06-21 00:42:09,572 - INFO - 开始测试第8轮模型效果：
2024-06-21 00:42:10,279 - INFO - 预测集合条目总量：2398
2024-06-21 00:42:10,279 - INFO - 预测正确条目：2080，预测错误条目：318
2024-06-21 00:42:10,279 - INFO - 预测准确率：0.867389
2024-06-21 00:42:10,279 - INFO - --------------------
2024-06-21 00:42:10,279 - INFO - epoch 9 begin
2024-06-21 00:42:10,305 - INFO - batch loss 0.009292
2024-06-21 00:42:12,483 - INFO - batch loss 0.014395
2024-06-21 00:42:14,642 - INFO - epoch average loss: 0.018034
2024-06-21 00:42:14,642 - INFO - 开始测试第9轮模型效果：
2024-06-21 00:42:15,354 - INFO - 预测集合条目总量：2398
2024-06-21 00:42:15,354 - INFO - 预测正确条目：2071，预测错误条目：327
2024-06-21 00:42:15,354 - INFO - 预测准确率：0.863636
2024-06-21 00:42:15,354 - INFO - --------------------
2024-06-21 00:42:15,354 - INFO - epoch 10 begin
2024-06-21 00:42:15,381 - INFO - batch loss 0.004684
2024-06-21 00:42:17,580 - INFO - batch loss 0.007095
2024-06-21 00:42:19,799 - INFO - epoch average loss: 0.013919
2024-06-21 00:42:19,799 - INFO - 开始测试第10轮模型效果：
2024-06-21 00:42:20,505 - INFO - 预测集合条目总量：2398
2024-06-21 00:42:20,505 - INFO - 预测正确条目：2072，预测错误条目：326
2024-06-21 00:42:20,505 - INFO - 预测准确率：0.864053
2024-06-21 00:42:20,505 - INFO - --------------------
2024-06-21 00:42:20,505 - INFO - epoch 11 begin
2024-06-21 00:42:20,533 - INFO - batch loss 0.023497
2024-06-21 00:42:22,720 - INFO - batch loss 0.024737
2024-06-21 00:42:24,924 - INFO - epoch average loss: 0.012190
2024-06-21 00:42:24,924 - INFO - 开始测试第11轮模型效果：
2024-06-21 00:42:25,622 - INFO - 预测集合条目总量：2398
2024-06-21 00:42:25,623 - INFO - 预测正确条目：2066，预测错误条目：332
2024-06-21 00:42:25,623 - INFO - 预测准确率：0.861551
2024-06-21 00:42:25,623 - INFO - --------------------
2024-06-21 00:42:25,623 - INFO - epoch 12 begin
2024-06-21 00:42:25,652 - INFO - batch loss 0.001957
2024-06-21 00:42:27,852 - INFO - batch loss 0.003702
2024-06-21 00:42:30,003 - INFO - epoch average loss: 0.009469
2024-06-21 00:42:30,003 - INFO - 开始测试第12轮模型效果：
2024-06-21 00:42:30,707 - INFO - 预测集合条目总量：2398
2024-06-21 00:42:30,707 - INFO - 预测正确条目：2067，预测错误条目：331
2024-06-21 00:42:30,707 - INFO - 预测准确率：0.861968
2024-06-21 00:42:30,707 - INFO - --------------------
2024-06-21 00:42:30,707 - INFO - epoch 13 begin
2024-06-21 00:42:30,738 - INFO - batch loss 0.004727
2024-06-21 00:42:32,937 - INFO - batch loss 0.002153
2024-06-21 00:42:35,085 - INFO - epoch average loss: 0.010602
2024-06-21 00:42:35,086 - INFO - 开始测试第13轮模型效果：
2024-06-21 00:42:35,789 - INFO - 预测集合条目总量：2398
2024-06-21 00:42:35,789 - INFO - 预测正确条目：2077，预测错误条目：321
2024-06-21 00:42:35,789 - INFO - 预测准确率：0.866138
2024-06-21 00:42:35,789 - INFO - --------------------
2024-06-21 00:42:35,789 - INFO - epoch 14 begin
2024-06-21 00:42:35,819 - INFO - batch loss 0.003222
2024-06-21 00:42:38,036 - INFO - batch loss 0.003520
2024-06-21 00:42:40,186 - INFO - epoch average loss: 0.009770
2024-06-21 00:42:40,186 - INFO - 开始测试第14轮模型效果：
2024-06-21 00:42:40,887 - INFO - 预测集合条目总量：2398
2024-06-21 00:42:40,887 - INFO - 预测正确条目：2070，预测错误条目：328
2024-06-21 00:42:40,887 - INFO - 预测准确率：0.863219
2024-06-21 00:42:40,887 - INFO - --------------------
2024-06-21 00:42:40,887 - INFO - epoch 15 begin
2024-06-21 00:42:40,914 - INFO - batch loss 0.003379
2024-06-21 00:42:43,092 - INFO - batch loss 0.005670
2024-06-21 00:42:45,226 - INFO - epoch average loss: 0.009631
2024-06-21 00:42:45,226 - INFO - 开始测试第15轮模型效果：
2024-06-21 00:42:45,927 - INFO - 预测集合条目总量：2398
2024-06-21 00:42:45,927 - INFO - 预测正确条目：2077，预测错误条目：321
2024-06-21 00:42:45,927 - INFO - 预测准确率：0.866138
2024-06-21 00:42:45,927 - INFO - --------------------
2024-06-21 00:42:45,927 - INFO - Training finished in 76.61 seconds
2024-06-21 01:20:18,062 - INFO - epoch 1 begin
2024-06-21 01:20:18,082 - INFO - batch loss 0.853812
2024-06-21 01:20:18,482 - INFO - batch loss 0.630866
2024-06-21 01:20:18,887 - INFO - epoch average loss: 0.663419
2024-06-21 01:20:18,887 - INFO - 开始测试第1轮模型效果：
2024-06-21 01:20:18,916 - INFO - 预测集合条目总量：2398
2024-06-21 01:20:18,916 - INFO - 预测正确条目：1609，预测错误条目：789
2024-06-21 01:20:18,916 - INFO - 预测准确率：0.670976
2024-06-21 01:20:18,916 - INFO - --------------------
2024-06-21 01:20:18,916 - INFO - epoch 2 begin
2024-06-21 01:20:18,922 - INFO - batch loss 0.543954
2024-06-21 01:20:19,315 - INFO - batch loss 0.618662
2024-06-21 01:20:19,705 - INFO - epoch average loss: 0.590563
2024-06-21 01:20:19,705 - INFO - 开始测试第2轮模型效果：
2024-06-21 01:20:19,734 - INFO - 预测集合条目总量：2398
2024-06-21 01:20:19,734 - INFO - 预测正确条目：1694，预测错误条目：704
2024-06-21 01:20:19,734 - INFO - 预测准确率：0.706422
2024-06-21 01:20:19,734 - INFO - --------------------
2024-06-21 01:20:19,734 - INFO - epoch 3 begin
2024-06-21 01:20:19,740 - INFO - batch loss 0.631685
2024-06-21 01:20:20,135 - INFO - batch loss 0.535178
2024-06-21 01:20:20,526 - INFO - epoch average loss: 0.533576
2024-06-21 01:20:20,526 - INFO - 开始测试第3轮模型效果：
2024-06-21 01:20:20,555 - INFO - 预测集合条目总量：2398
2024-06-21 01:20:20,555 - INFO - 预测正确条目：1819，预测错误条目：579
2024-06-21 01:20:20,555 - INFO - 预测准确率：0.758549
2024-06-21 01:20:20,555 - INFO - --------------------
2024-06-21 01:20:20,555 - INFO - epoch 4 begin
2024-06-21 01:20:20,561 - INFO - batch loss 0.468360
2024-06-21 01:20:20,963 - INFO - batch loss 0.480506
2024-06-21 01:20:21,354 - INFO - epoch average loss: 0.481271
2024-06-21 01:20:21,355 - INFO - 开始测试第4轮模型效果：
2024-06-21 01:20:21,383 - INFO - 预测集合条目总量：2398
2024-06-21 01:20:21,383 - INFO - 预测正确条目：1861，预测错误条目：537
2024-06-21 01:20:21,383 - INFO - 预测准确率：0.776063
2024-06-21 01:20:21,383 - INFO - --------------------
2024-06-21 01:20:21,383 - INFO - epoch 5 begin
2024-06-21 01:20:21,389 - INFO - batch loss 0.388845
2024-06-21 01:20:21,782 - INFO - batch loss 0.490390
2024-06-21 01:20:22,177 - INFO - epoch average loss: 0.447196
2024-06-21 01:20:22,177 - INFO - 开始测试第5轮模型效果：
2024-06-21 01:20:22,206 - INFO - 预测集合条目总量：2398
2024-06-21 01:20:22,206 - INFO - 预测正确条目：1894，预测错误条目：504
2024-06-21 01:20:22,206 - INFO - 预测准确率：0.789825
2024-06-21 01:20:22,206 - INFO - --------------------
2024-06-21 01:20:22,206 - INFO - epoch 6 begin
2024-06-21 01:20:22,211 - INFO - batch loss 0.385656
2024-06-21 01:20:22,610 - INFO - batch loss 0.604621
2024-06-21 01:20:22,995 - INFO - epoch average loss: 0.422765
2024-06-21 01:20:22,995 - INFO - 开始测试第6轮模型效果：
2024-06-21 01:20:23,024 - INFO - 预测集合条目总量：2398
2024-06-21 01:20:23,024 - INFO - 预测正确条目：1912，预测错误条目：486
2024-06-21 01:20:23,024 - INFO - 预测准确率：0.797331
2024-06-21 01:20:23,024 - INFO - --------------------
2024-06-21 01:20:23,024 - INFO - epoch 7 begin
2024-06-21 01:20:23,030 - INFO - batch loss 0.451060
2024-06-21 01:20:23,439 - INFO - batch loss 0.418825
2024-06-21 01:20:23,828 - INFO - epoch average loss: 0.403861
2024-06-21 01:20:23,828 - INFO - 开始测试第7轮模型效果：
2024-06-21 01:20:23,856 - INFO - 预测集合条目总量：2398
2024-06-21 01:20:23,856 - INFO - 预测正确条目：1927，预测错误条目：471
2024-06-21 01:20:23,856 - INFO - 预测准确率：0.803586
2024-06-21 01:20:23,856 - INFO - --------------------
2024-06-21 01:20:23,856 - INFO - epoch 8 begin
2024-06-21 01:20:23,863 - INFO - batch loss 0.309674
2024-06-21 01:20:24,260 - INFO - batch loss 0.436711
2024-06-21 01:20:24,658 - INFO - epoch average loss: 0.389041
2024-06-21 01:20:24,658 - INFO - 开始测试第8轮模型效果：
2024-06-21 01:20:24,686 - INFO - 预测集合条目总量：2398
2024-06-21 01:20:24,686 - INFO - 预测正确条目：1961，预测错误条目：437
2024-06-21 01:20:24,686 - INFO - 预测准确率：0.817765
2024-06-21 01:20:24,686 - INFO - --------------------
2024-06-21 01:20:24,686 - INFO - epoch 9 begin
2024-06-21 01:20:24,691 - INFO - batch loss 0.323149
2024-06-21 01:20:25,093 - INFO - batch loss 0.447313
2024-06-21 01:20:25,478 - INFO - epoch average loss: 0.376160
2024-06-21 01:20:25,478 - INFO - 开始测试第9轮模型效果：
2024-06-21 01:20:25,509 - INFO - 预测集合条目总量：2398
2024-06-21 01:20:25,509 - INFO - 预测正确条目：1975，预测错误条目：423
2024-06-21 01:20:25,509 - INFO - 预测准确率：0.823603
2024-06-21 01:20:25,509 - INFO - --------------------
2024-06-21 01:20:25,509 - INFO - epoch 10 begin
2024-06-21 01:20:25,514 - INFO - batch loss 0.314913
2024-06-21 01:20:25,917 - INFO - batch loss 0.356083
2024-06-21 01:20:26,309 - INFO - epoch average loss: 0.364504
2024-06-21 01:20:26,309 - INFO - 开始测试第10轮模型效果：
2024-06-21 01:20:26,339 - INFO - 预测集合条目总量：2398
2024-06-21 01:20:26,339 - INFO - 预测正确条目：1980，预测错误条目：418
2024-06-21 01:20:26,339 - INFO - 预测准确率：0.825688
2024-06-21 01:20:26,339 - INFO - --------------------
2024-06-21 01:20:26,339 - INFO - epoch 11 begin
2024-06-21 01:20:26,345 - INFO - batch loss 0.407235
2024-06-21 01:20:26,751 - INFO - batch loss 0.380374
2024-06-21 01:20:27,139 - INFO - epoch average loss: 0.354366
2024-06-21 01:20:27,139 - INFO - 开始测试第11轮模型效果：
2024-06-21 01:20:27,167 - INFO - 预测集合条目总量：2398
2024-06-21 01:20:27,167 - INFO - 预测正确条目：1997，预测错误条目：401
2024-06-21 01:20:27,167 - INFO - 预测准确率：0.832777
2024-06-21 01:20:27,167 - INFO - --------------------
2024-06-21 01:20:27,168 - INFO - epoch 12 begin
2024-06-21 01:20:27,173 - INFO - batch loss 0.308570
2024-06-21 01:20:27,585 - INFO - batch loss 0.307800
2024-06-21 01:20:27,980 - INFO - epoch average loss: 0.344837
2024-06-21 01:20:27,980 - INFO - 开始测试第12轮模型效果：
2024-06-21 01:20:28,011 - INFO - 预测集合条目总量：2398
2024-06-21 01:20:28,011 - INFO - 预测正确条目：2013，预测错误条目：385
2024-06-21 01:20:28,011 - INFO - 预测准确率：0.839450
2024-06-21 01:20:28,011 - INFO - --------------------
2024-06-21 01:20:28,011 - INFO - epoch 13 begin
2024-06-21 01:20:28,017 - INFO - batch loss 0.223706
2024-06-21 01:20:28,422 - INFO - batch loss 0.260605
2024-06-21 01:20:28,822 - INFO - epoch average loss: 0.337045
2024-06-21 01:20:28,822 - INFO - 开始测试第13轮模型效果：
2024-06-21 01:20:28,850 - INFO - 预测集合条目总量：2398
2024-06-21 01:20:28,851 - INFO - 预测正确条目：2023，预测错误条目：375
2024-06-21 01:20:28,851 - INFO - 预测准确率：0.843620
2024-06-21 01:20:28,851 - INFO - --------------------
2024-06-21 01:20:28,851 - INFO - epoch 14 begin
2024-06-21 01:20:28,857 - INFO - batch loss 0.186545
2024-06-21 01:20:29,264 - INFO - batch loss 0.478942
2024-06-21 01:20:29,661 - INFO - epoch average loss: 0.329694
2024-06-21 01:20:29,662 - INFO - 开始测试第14轮模型效果：
2024-06-21 01:20:29,689 - INFO - 预测集合条目总量：2398
2024-06-21 01:20:29,690 - INFO - 预测正确条目：2028，预测错误条目：370
2024-06-21 01:20:29,690 - INFO - 预测准确率：0.845705
2024-06-21 01:20:29,690 - INFO - --------------------
2024-06-21 01:20:29,690 - INFO - epoch 15 begin
2024-06-21 01:20:29,695 - INFO - batch loss 0.367903
2024-06-21 01:20:30,095 - INFO - batch loss 0.419628
2024-06-21 01:20:30,486 - INFO - epoch average loss: 0.323419
2024-06-21 01:20:30,486 - INFO - 开始测试第15轮模型效果：
2024-06-21 01:20:30,515 - INFO - 预测集合条目总量：2398
2024-06-21 01:20:30,516 - INFO - 预测正确条目：2027，预测错误条目：371
2024-06-21 01:20:30,516 - INFO - 预测准确率：0.845288
2024-06-21 01:20:30,516 - INFO - --------------------
2024-06-21 01:20:30,516 - INFO - Training finished in 12.45 seconds
