2024-06-21 01:13:46,437 - INFO - epoch 1 begin
2024-06-21 01:13:46,462 - INFO - batch loss 0.695224
2024-06-21 01:13:47,150 - INFO - batch loss 0.533104
2024-06-21 01:13:47,815 - INFO - epoch average loss: 0.646083
2024-06-21 01:13:47,816 - INFO - 开始测试第1轮模型效果：
2024-06-21 01:13:47,890 - INFO - 预测集合条目总量：2398
2024-06-21 01:13:47,890 - INFO - 预测正确条目：1598，预测错误条目：800
2024-06-21 01:13:47,890 - INFO - 预测准确率：0.666389
2024-06-21 01:13:47,890 - INFO - --------------------
2024-06-21 01:13:47,890 - INFO - epoch 2 begin
2024-06-21 01:13:47,899 - INFO - batch loss 0.677297
2024-06-21 01:13:48,678 - INFO - batch loss 0.627891
2024-06-21 01:13:49,347 - INFO - epoch average loss: 0.629647
2024-06-21 01:13:49,347 - INFO - 开始测试第2轮模型效果：
2024-06-21 01:13:49,422 - INFO - 预测集合条目总量：2398
2024-06-21 01:13:49,422 - INFO - 预测正确条目：1598，预测错误条目：800
2024-06-21 01:13:49,422 - INFO - 预测准确率：0.666389
2024-06-21 01:13:49,422 - INFO - --------------------
2024-06-21 01:13:49,422 - INFO - epoch 3 begin
2024-06-21 01:13:49,431 - INFO - batch loss 0.594927
2024-06-21 01:13:50,105 - INFO - batch loss 0.591964
2024-06-21 01:13:50,775 - INFO - epoch average loss: 0.606167
2024-06-21 01:13:50,775 - INFO - 开始测试第3轮模型效果：
2024-06-21 01:13:50,850 - INFO - 预测集合条目总量：2398
2024-06-21 01:13:50,850 - INFO - 预测正确条目：1683，预测错误条目：715
2024-06-21 01:13:50,850 - INFO - 预测准确率：0.701835
2024-06-21 01:13:50,850 - INFO - --------------------
2024-06-21 01:13:50,850 - INFO - epoch 4 begin
2024-06-21 01:13:50,860 - INFO - batch loss 0.606854
2024-06-21 01:13:51,533 - INFO - batch loss 0.498890
2024-06-21 01:13:52,193 - INFO - epoch average loss: 0.554692
2024-06-21 01:13:52,193 - INFO - 开始测试第4轮模型效果：
2024-06-21 01:13:52,268 - INFO - 预测集合条目总量：2398
2024-06-21 01:13:52,268 - INFO - 预测正确条目：1763，预测错误条目：635
2024-06-21 01:13:52,268 - INFO - 预测准确率：0.735196
2024-06-21 01:13:52,268 - INFO - --------------------
2024-06-21 01:13:52,268 - INFO - epoch 5 begin
2024-06-21 01:13:52,277 - INFO - batch loss 0.444994
2024-06-21 01:13:52,949 - INFO - batch loss 0.530720
2024-06-21 01:13:53,611 - INFO - epoch average loss: 0.521145
2024-06-21 01:13:53,611 - INFO - 开始测试第5轮模型效果：
2024-06-21 01:13:53,685 - INFO - 预测集合条目总量：2398
2024-06-21 01:13:53,685 - INFO - 预测正确条目：1777，预测错误条目：621
2024-06-21 01:13:53,685 - INFO - 预测准确率：0.741034
2024-06-21 01:13:53,685 - INFO - --------------------
2024-06-21 01:13:53,685 - INFO - epoch 6 begin
2024-06-21 01:13:53,695 - INFO - batch loss 0.540926
2024-06-21 01:13:54,387 - INFO - batch loss 0.494135
2024-06-21 01:13:55,053 - INFO - epoch average loss: 0.505128
2024-06-21 01:13:55,053 - INFO - 开始测试第6轮模型效果：
2024-06-21 01:13:55,126 - INFO - 预测集合条目总量：2398
2024-06-21 01:13:55,126 - INFO - 预测正确条目：1792，预测错误条目：606
2024-06-21 01:13:55,126 - INFO - 预测准确率：0.747289
2024-06-21 01:13:55,126 - INFO - --------------------
2024-06-21 01:13:55,127 - INFO - epoch 7 begin
2024-06-21 01:13:55,136 - INFO - batch loss 0.601384
2024-06-21 01:13:55,807 - INFO - batch loss 0.395855
2024-06-21 01:13:56,476 - INFO - epoch average loss: 0.496570
2024-06-21 01:13:56,476 - INFO - 开始测试第7轮模型效果：
2024-06-21 01:13:56,550 - INFO - 预测集合条目总量：2398
2024-06-21 01:13:56,550 - INFO - 预测正确条目：1803，预测错误条目：595
2024-06-21 01:13:56,550 - INFO - 预测准确率：0.751877
2024-06-21 01:13:56,550 - INFO - --------------------
2024-06-21 01:13:56,551 - INFO - epoch 8 begin
2024-06-21 01:13:56,560 - INFO - batch loss 0.518432
2024-06-21 01:13:57,234 - INFO - batch loss 0.511637
2024-06-21 01:13:57,895 - INFO - epoch average loss: 0.484938
2024-06-21 01:13:57,895 - INFO - 开始测试第8轮模型效果：
2024-06-21 01:13:57,968 - INFO - 预测集合条目总量：2398
2024-06-21 01:13:57,968 - INFO - 预测正确条目：1821，预测错误条目：577
2024-06-21 01:13:57,968 - INFO - 预测准确率：0.759383
2024-06-21 01:13:57,968 - INFO - --------------------
2024-06-21 01:13:57,968 - INFO - epoch 9 begin
2024-06-21 01:13:57,977 - INFO - batch loss 0.450107
2024-06-21 01:13:58,646 - INFO - batch loss 0.510241
2024-06-21 01:13:59,303 - INFO - epoch average loss: 0.477308
2024-06-21 01:13:59,303 - INFO - 开始测试第9轮模型效果：
2024-06-21 01:13:59,379 - INFO - 预测集合条目总量：2398
2024-06-21 01:13:59,379 - INFO - 预测正确条目：1828，预测错误条目：570
2024-06-21 01:13:59,379 - INFO - 预测准确率：0.762302
2024-06-21 01:13:59,379 - INFO - --------------------
2024-06-21 01:13:59,379 - INFO - epoch 10 begin
2024-06-21 01:13:59,388 - INFO - batch loss 0.466597
2024-06-21 01:14:00,065 - INFO - batch loss 0.453005
2024-06-21 01:14:00,730 - INFO - epoch average loss: 0.467002
2024-06-21 01:14:00,730 - INFO - 开始测试第10轮模型效果：
2024-06-21 01:14:00,803 - INFO - 预测集合条目总量：2398
2024-06-21 01:14:00,803 - INFO - 预测正确条目：1839，预测错误条目：559
2024-06-21 01:14:00,803 - INFO - 预测准确率：0.766889
2024-06-21 01:14:00,803 - INFO - --------------------
2024-06-21 01:14:00,803 - INFO - epoch 11 begin
2024-06-21 01:14:00,813 - INFO - batch loss 0.421870
2024-06-21 01:14:01,486 - INFO - batch loss 0.361796
2024-06-21 01:14:02,152 - INFO - epoch average loss: 0.461528
2024-06-21 01:14:02,152 - INFO - 开始测试第11轮模型效果：
2024-06-21 01:14:02,228 - INFO - 预测集合条目总量：2398
2024-06-21 01:14:02,228 - INFO - 预测正确条目：1849，预测错误条目：549
2024-06-21 01:14:02,228 - INFO - 预测准确率：0.771059
2024-06-21 01:14:02,228 - INFO - --------------------
2024-06-21 01:14:02,228 - INFO - epoch 12 begin
2024-06-21 01:14:02,237 - INFO - batch loss 0.509506
2024-06-21 01:14:02,912 - INFO - batch loss 0.519584
2024-06-21 01:14:03,575 - INFO - epoch average loss: 0.454869
2024-06-21 01:14:03,575 - INFO - 开始测试第12轮模型效果：
2024-06-21 01:14:03,650 - INFO - 预测集合条目总量：2398
2024-06-21 01:14:03,650 - INFO - 预测正确条目：1855，预测错误条目：543
2024-06-21 01:14:03,650 - INFO - 预测准确率：0.773561
2024-06-21 01:14:03,650 - INFO - --------------------
2024-06-21 01:14:03,650 - INFO - epoch 13 begin
2024-06-21 01:14:03,659 - INFO - batch loss 0.490726
2024-06-21 01:14:04,343 - INFO - batch loss 0.450200
2024-06-21 01:14:05,010 - INFO - epoch average loss: 0.449608
2024-06-21 01:14:05,010 - INFO - 开始测试第13轮模型效果：
2024-06-21 01:14:05,085 - INFO - 预测集合条目总量：2398
2024-06-21 01:14:05,085 - INFO - 预测正确条目：1861，预测错误条目：537
2024-06-21 01:14:05,085 - INFO - 预测准确率：0.776063
2024-06-21 01:14:05,085 - INFO - --------------------
2024-06-21 01:14:05,085 - INFO - epoch 14 begin
2024-06-21 01:14:05,094 - INFO - batch loss 0.391928
2024-06-21 01:14:05,764 - INFO - batch loss 0.384966
2024-06-21 01:14:06,434 - INFO - epoch average loss: 0.446125
2024-06-21 01:14:06,434 - INFO - 开始测试第14轮模型效果：
2024-06-21 01:14:06,508 - INFO - 预测集合条目总量：2398
2024-06-21 01:14:06,508 - INFO - 预测正确条目：1858，预测错误条目：540
2024-06-21 01:14:06,508 - INFO - 预测准确率：0.774812
2024-06-21 01:14:06,508 - INFO - --------------------
2024-06-21 01:14:06,508 - INFO - epoch 15 begin
2024-06-21 01:14:06,517 - INFO - batch loss 0.413623
2024-06-21 01:14:07,192 - INFO - batch loss 0.518452
2024-06-21 01:14:07,852 - INFO - epoch average loss: 0.440751
2024-06-21 01:14:07,852 - INFO - 开始测试第15轮模型效果：
2024-06-21 01:14:07,928 - INFO - 预测集合条目总量：2398
2024-06-21 01:14:07,928 - INFO - 预测正确条目：1862，预测错误条目：536
2024-06-21 01:14:07,928 - INFO - 预测准确率：0.776480
2024-06-21 01:14:07,928 - INFO - --------------------
2024-06-21 01:14:07,928 - INFO - Training finished in 21.49 seconds
2024-06-21 01:14:52,126 - INFO - epoch 1 begin
2024-06-21 01:15:24,193 - INFO - epoch 1 begin
2024-06-21 01:15:24,213 - INFO - batch loss 0.735397
2024-06-21 01:15:24,578 - INFO - batch loss 0.658478
2024-06-21 01:15:24,933 - INFO - epoch average loss: 0.657050
2024-06-21 01:15:24,933 - INFO - 开始测试第1轮模型效果：
2024-06-21 01:15:24,978 - INFO - 预测集合条目总量：2398
2024-06-21 01:15:24,978 - INFO - 预测正确条目：1598，预测错误条目：800
2024-06-21 01:15:24,979 - INFO - 预测准确率：0.666389
2024-06-21 01:15:24,979 - INFO - --------------------
2024-06-21 01:15:24,979 - INFO - epoch 2 begin
2024-06-21 01:15:24,983 - INFO - batch loss 0.558638
2024-06-21 01:15:25,343 - INFO - batch loss 0.560130
2024-06-21 01:15:25,695 - INFO - epoch average loss: 0.626135
2024-06-21 01:15:25,695 - INFO - 开始测试第2轮模型效果：
2024-06-21 01:15:25,741 - INFO - 预测集合条目总量：2398
2024-06-21 01:15:25,741 - INFO - 预测正确条目：1598，预测错误条目：800
2024-06-21 01:15:25,741 - INFO - 预测准确率：0.666389
2024-06-21 01:15:25,741 - INFO - --------------------
2024-06-21 01:15:25,741 - INFO - epoch 3 begin
2024-06-21 01:15:25,748 - INFO - batch loss 0.564234
2024-06-21 01:15:26,109 - INFO - batch loss 0.721485
2024-06-21 01:15:26,463 - INFO - epoch average loss: 0.605904
2024-06-21 01:15:26,463 - INFO - 开始测试第3轮模型效果：
2024-06-21 01:15:26,507 - INFO - 预测集合条目总量：2398
2024-06-21 01:15:26,507 - INFO - 预测正确条目：1609，预测错误条目：789
2024-06-21 01:15:26,508 - INFO - 预测准确率：0.670976
2024-06-21 01:15:26,508 - INFO - --------------------
2024-06-21 01:15:26,508 - INFO - epoch 4 begin
2024-06-21 01:15:26,513 - INFO - batch loss 0.562619
2024-06-21 01:15:26,879 - INFO - batch loss 0.540139
2024-06-21 01:15:27,238 - INFO - epoch average loss: 0.574585
2024-06-21 01:15:27,238 - INFO - 开始测试第4轮模型效果：
2024-06-21 01:15:27,284 - INFO - 预测集合条目总量：2398
2024-06-21 01:15:27,284 - INFO - 预测正确条目：1708，预测错误条目：690
2024-06-21 01:15:27,284 - INFO - 预测准确率：0.712260
2024-06-21 01:15:27,284 - INFO - --------------------
2024-06-21 01:15:27,284 - INFO - epoch 5 begin
2024-06-21 01:15:27,289 - INFO - batch loss 0.593602
2024-06-21 01:15:27,654 - INFO - batch loss 0.533131
2024-06-21 01:15:28,007 - INFO - epoch average loss: 0.540822
2024-06-21 01:15:28,007 - INFO - 开始测试第5轮模型效果：
2024-06-21 01:15:28,051 - INFO - 预测集合条目总量：2398
2024-06-21 01:15:28,051 - INFO - 预测正确条目：1787，预测错误条目：611
2024-06-21 01:15:28,051 - INFO - 预测准确率：0.745204
2024-06-21 01:15:28,051 - INFO - --------------------
2024-06-21 01:15:28,051 - INFO - epoch 6 begin
2024-06-21 01:15:28,056 - INFO - batch loss 0.473152
2024-06-21 01:15:28,414 - INFO - batch loss 0.441113
2024-06-21 01:15:28,768 - INFO - epoch average loss: 0.500009
2024-06-21 01:15:28,768 - INFO - 开始测试第6轮模型效果：
2024-06-21 01:15:28,813 - INFO - 预测集合条目总量：2398
2024-06-21 01:15:28,813 - INFO - 预测正确条目：1850，预测错误条目：548
2024-06-21 01:15:28,813 - INFO - 预测准确率：0.771476
2024-06-21 01:15:28,813 - INFO - --------------------
2024-06-21 01:15:28,813 - INFO - epoch 7 begin
2024-06-21 01:15:28,818 - INFO - batch loss 0.406878
2024-06-21 01:15:29,183 - INFO - batch loss 0.378534
2024-06-21 01:15:29,533 - INFO - epoch average loss: 0.463573
2024-06-21 01:15:29,533 - INFO - 开始测试第7轮模型效果：
2024-06-21 01:15:29,576 - INFO - 预测集合条目总量：2398
2024-06-21 01:15:29,576 - INFO - 预测正确条目：1895，预测错误条目：503
2024-06-21 01:15:29,576 - INFO - 预测准确率：0.790242
2024-06-21 01:15:29,576 - INFO - --------------------
2024-06-21 01:15:29,576 - INFO - epoch 8 begin
2024-06-21 01:15:29,581 - INFO - batch loss 0.369637
2024-06-21 01:15:29,943 - INFO - batch loss 0.530174
2024-06-21 01:15:30,297 - INFO - epoch average loss: 0.437882
2024-06-21 01:15:30,297 - INFO - 开始测试第8轮模型效果：
2024-06-21 01:15:30,341 - INFO - 预测集合条目总量：2398
2024-06-21 01:15:30,341 - INFO - 预测正确条目：1918，预测错误条目：480
2024-06-21 01:15:30,341 - INFO - 预测准确率：0.799833
2024-06-21 01:15:30,341 - INFO - --------------------
2024-06-21 01:15:30,341 - INFO - epoch 9 begin
2024-06-21 01:15:30,346 - INFO - batch loss 0.494087
2024-06-21 01:15:30,707 - INFO - batch loss 0.489445
2024-06-21 01:15:31,058 - INFO - epoch average loss: 0.420496
2024-06-21 01:15:31,058 - INFO - 开始测试第9轮模型效果：
2024-06-21 01:15:31,102 - INFO - 预测集合条目总量：2398
2024-06-21 01:15:31,102 - INFO - 预测正确条目：1933，预测错误条目：465
2024-06-21 01:15:31,102 - INFO - 预测准确率：0.806088
2024-06-21 01:15:31,102 - INFO - --------------------
2024-06-21 01:15:31,102 - INFO - epoch 10 begin
2024-06-21 01:15:31,107 - INFO - batch loss 0.393581
2024-06-21 01:15:31,463 - INFO - batch loss 0.313187
2024-06-21 01:15:31,817 - INFO - epoch average loss: 0.409538
2024-06-21 01:15:31,817 - INFO - 开始测试第10轮模型效果：
2024-06-21 01:15:31,860 - INFO - 预测集合条目总量：2398
2024-06-21 01:15:31,860 - INFO - 预测正确条目：1941，预测错误条目：457
2024-06-21 01:15:31,860 - INFO - 预测准确率：0.809425
2024-06-21 01:15:31,860 - INFO - --------------------
2024-06-21 01:15:31,860 - INFO - epoch 11 begin
2024-06-21 01:15:31,865 - INFO - batch loss 0.365651
2024-06-21 01:15:32,226 - INFO - batch loss 0.408977
2024-06-21 01:15:32,575 - INFO - epoch average loss: 0.397618
2024-06-21 01:15:32,575 - INFO - 开始测试第11轮模型效果：
2024-06-21 01:15:32,618 - INFO - 预测集合条目总量：2398
2024-06-21 01:15:32,618 - INFO - 预测正确条目：1947，预测错误条目：451
2024-06-21 01:15:32,618 - INFO - 预测准确率：0.811927
2024-06-21 01:15:32,618 - INFO - --------------------
2024-06-21 01:15:32,618 - INFO - epoch 12 begin
2024-06-21 01:15:32,623 - INFO - batch loss 0.395933
2024-06-21 01:15:32,986 - INFO - batch loss 0.449780
2024-06-21 01:15:33,342 - INFO - epoch average loss: 0.389821
2024-06-21 01:15:33,342 - INFO - 开始测试第12轮模型效果：
2024-06-21 01:15:33,386 - INFO - 预测集合条目总量：2398
2024-06-21 01:15:33,386 - INFO - 预测正确条目：1966，预测错误条目：432
2024-06-21 01:15:33,386 - INFO - 预测准确率：0.819850
2024-06-21 01:15:33,386 - INFO - --------------------
2024-06-21 01:15:33,386 - INFO - epoch 13 begin
2024-06-21 01:15:33,391 - INFO - batch loss 0.428191
2024-06-21 01:15:33,750 - INFO - batch loss 0.337073
2024-06-21 01:15:34,099 - INFO - epoch average loss: 0.382076
2024-06-21 01:15:34,099 - INFO - 开始测试第13轮模型效果：
2024-06-21 01:15:34,142 - INFO - 预测集合条目总量：2398
2024-06-21 01:15:34,142 - INFO - 预测正确条目：1976，预测错误条目：422
2024-06-21 01:15:34,142 - INFO - 预测准确率：0.824020
2024-06-21 01:15:34,142 - INFO - --------------------
2024-06-21 01:15:34,142 - INFO - epoch 14 begin
2024-06-21 01:15:34,147 - INFO - batch loss 0.345185
2024-06-21 01:15:34,506 - INFO - batch loss 0.408884
2024-06-21 01:15:34,858 - INFO - epoch average loss: 0.377218
2024-06-21 01:15:34,858 - INFO - 开始测试第14轮模型效果：
2024-06-21 01:15:34,901 - INFO - 预测集合条目总量：2398
2024-06-21 01:15:34,901 - INFO - 预测正确条目：1977，预测错误条目：421
2024-06-21 01:15:34,901 - INFO - 预测准确率：0.824437
2024-06-21 01:15:34,901 - INFO - --------------------
2024-06-21 01:15:34,901 - INFO - epoch 15 begin
2024-06-21 01:15:34,906 - INFO - batch loss 0.442383
2024-06-21 01:15:35,267 - INFO - batch loss 0.407410
2024-06-21 01:15:35,623 - INFO - epoch average loss: 0.369664
2024-06-21 01:15:35,623 - INFO - 开始测试第15轮模型效果：
2024-06-21 01:15:35,666 - INFO - 预测集合条目总量：2398
2024-06-21 01:15:35,666 - INFO - 预测正确条目：1989，预测错误条目：409
2024-06-21 01:15:35,666 - INFO - 预测准确率：0.829441
2024-06-21 01:15:35,666 - INFO - --------------------
2024-06-21 01:15:35,666 - INFO - Training finished in 11.47 seconds
