2024-06-21 00:54:59,482 - INFO - epoch 1 begin
2024-06-21 00:54:59,589 - INFO - batch loss 0.680673
2024-06-21 00:55:02,647 - INFO - batch loss 0.586217
2024-06-21 00:55:05,532 - INFO - epoch average loss: 0.518002
2024-06-21 00:55:05,532 - INFO - 开始测试第1轮模型效果：
2024-06-21 00:55:06,302 - INFO - 预测集合条目总量：2398
2024-06-21 00:55:06,303 - INFO - 预测正确条目：1967，预测错误条目：431
2024-06-21 00:55:06,303 - INFO - 预测准确率：0.820267
2024-06-21 00:55:06,303 - INFO - --------------------
2024-06-21 00:55:06,303 - INFO - epoch 2 begin
2024-06-21 00:55:06,342 - INFO - batch loss 0.433621
2024-06-21 00:55:09,260 - INFO - batch loss 0.347673
2024-06-21 00:55:12,117 - INFO - epoch average loss: 0.371341
2024-06-21 00:55:12,117 - INFO - 开始测试第2轮模型效果：
2024-06-21 00:55:12,867 - INFO - 预测集合条目总量：2398
2024-06-21 00:55:12,867 - INFO - 预测正确条目：2041，预测错误条目：357
2024-06-21 00:55:12,867 - INFO - 预测准确率：0.851126
2024-06-21 00:55:12,867 - INFO - --------------------
2024-06-21 00:55:12,867 - INFO - epoch 3 begin
2024-06-21 00:55:12,905 - INFO - batch loss 0.244414
2024-06-21 00:55:15,785 - INFO - batch loss 0.193343
2024-06-21 00:55:18,746 - INFO - epoch average loss: 0.335448
2024-06-21 00:55:18,747 - INFO - 开始测试第3轮模型效果：
2024-06-21 00:55:19,512 - INFO - 预测集合条目总量：2398
2024-06-21 00:55:19,512 - INFO - 预测正确条目：2055，预测错误条目：343
2024-06-21 00:55:19,512 - INFO - 预测准确率：0.856964
2024-06-21 00:55:19,512 - INFO - --------------------
2024-06-21 00:55:19,512 - INFO - epoch 4 begin
2024-06-21 00:55:19,558 - INFO - batch loss 0.311886
2024-06-21 00:55:22,788 - INFO - batch loss 0.152383
2024-06-21 00:55:25,841 - INFO - epoch average loss: 0.316853
2024-06-21 00:55:25,841 - INFO - 开始测试第4轮模型效果：
2024-06-21 00:55:26,614 - INFO - 预测集合条目总量：2398
2024-06-21 00:55:26,614 - INFO - 预测正确条目：2060，预测错误条目：338
2024-06-21 00:55:26,614 - INFO - 预测准确率：0.859049
2024-06-21 00:55:26,615 - INFO - --------------------
2024-06-21 00:55:26,615 - INFO - epoch 5 begin
2024-06-21 00:55:26,660 - INFO - batch loss 0.353383
2024-06-21 00:55:29,899 - INFO - batch loss 0.326076
2024-06-21 00:55:32,997 - INFO - epoch average loss: 0.302483
2024-06-21 00:55:32,997 - INFO - 开始测试第5轮模型效果：
2024-06-21 00:55:33,787 - INFO - 预测集合条目总量：2398
2024-06-21 00:55:33,787 - INFO - 预测正确条目：2062，预测错误条目：336
2024-06-21 00:55:33,787 - INFO - 预测准确率：0.859883
2024-06-21 00:55:33,787 - INFO - --------------------
2024-06-21 00:55:33,787 - INFO - epoch 6 begin
2024-06-21 00:55:33,831 - INFO - batch loss 0.339041
2024-06-21 00:55:36,875 - INFO - batch loss 0.286763
2024-06-21 00:55:39,926 - INFO - epoch average loss: 0.290382
2024-06-21 00:55:39,927 - INFO - 开始测试第6轮模型效果：
2024-06-21 00:55:40,680 - INFO - 预测集合条目总量：2398
2024-06-21 00:55:40,680 - INFO - 预测正确条目：2090，预测错误条目：308
2024-06-21 00:55:40,680 - INFO - 预测准确率：0.871560
2024-06-21 00:55:40,680 - INFO - --------------------
2024-06-21 00:55:40,680 - INFO - epoch 7 begin
2024-06-21 00:55:40,718 - INFO - batch loss 0.215390
2024-06-21 00:55:43,692 - INFO - batch loss 0.410380
2024-06-21 00:55:46,887 - INFO - epoch average loss: 0.279960
2024-06-21 00:55:46,887 - INFO - 开始测试第7轮模型效果：
2024-06-21 00:55:47,703 - INFO - 预测集合条目总量：2398
2024-06-21 00:55:47,703 - INFO - 预测正确条目：2074，预测错误条目：324
2024-06-21 00:55:47,703 - INFO - 预测准确率：0.864887
2024-06-21 00:55:47,703 - INFO - --------------------
2024-06-21 00:55:47,703 - INFO - epoch 8 begin
2024-06-21 00:55:47,741 - INFO - batch loss 0.245095
2024-06-21 00:55:50,976 - INFO - batch loss 0.355664
2024-06-21 00:55:54,085 - INFO - epoch average loss: 0.272242
2024-06-21 00:55:54,085 - INFO - 开始测试第8轮模型效果：
2024-06-21 00:55:54,908 - INFO - 预测集合条目总量：2398
2024-06-21 00:55:54,908 - INFO - 预测正确条目：2085，预测错误条目：313
2024-06-21 00:55:54,908 - INFO - 预测准确率：0.869475
2024-06-21 00:55:54,908 - INFO - --------------------
2024-06-21 00:55:54,908 - INFO - epoch 9 begin
2024-06-21 00:55:54,948 - INFO - batch loss 0.241471
2024-06-21 00:55:57,903 - INFO - batch loss 0.258732
2024-06-21 00:56:00,898 - INFO - epoch average loss: 0.259784
2024-06-21 00:56:00,898 - INFO - 开始测试第9轮模型效果：
2024-06-21 00:56:01,690 - INFO - 预测集合条目总量：2398
2024-06-21 00:56:01,690 - INFO - 预测正确条目：2069，预测错误条目：329
2024-06-21 00:56:01,690 - INFO - 预测准确率：0.862802
2024-06-21 00:56:01,690 - INFO - --------------------
2024-06-21 00:56:01,690 - INFO - epoch 10 begin
2024-06-21 00:56:01,736 - INFO - batch loss 0.157640
2024-06-21 00:56:04,772 - INFO - batch loss 0.273624
2024-06-21 00:56:07,667 - INFO - epoch average loss: 0.254439
2024-06-21 00:56:07,668 - INFO - 开始测试第10轮模型效果：
2024-06-21 00:56:08,403 - INFO - 预测集合条目总量：2398
2024-06-21 00:56:08,403 - INFO - 预测正确条目：2082，预测错误条目：316
2024-06-21 00:56:08,403 - INFO - 预测准确率：0.868224
2024-06-21 00:56:08,403 - INFO - --------------------
2024-06-21 00:56:08,403 - INFO - epoch 11 begin
2024-06-21 00:56:08,439 - INFO - batch loss 0.266297
2024-06-21 00:56:11,396 - INFO - batch loss 0.279658
2024-06-21 00:56:14,365 - INFO - epoch average loss: 0.244117
2024-06-21 00:56:14,365 - INFO - 开始测试第11轮模型效果：
2024-06-21 00:56:15,079 - INFO - 预测集合条目总量：2398
2024-06-21 00:56:15,079 - INFO - 预测正确条目：2080，预测错误条目：318
2024-06-21 00:56:15,079 - INFO - 预测准确率：0.867389
2024-06-21 00:56:15,079 - INFO - --------------------
2024-06-21 00:56:15,079 - INFO - epoch 12 begin
2024-06-21 00:56:15,116 - INFO - batch loss 0.140157
2024-06-21 00:56:17,987 - INFO - batch loss 0.213521
2024-06-21 00:56:20,775 - INFO - epoch average loss: 0.236808
2024-06-21 00:56:20,775 - INFO - 开始测试第12轮模型效果：
2024-06-21 00:56:21,508 - INFO - 预测集合条目总量：2398
2024-06-21 00:56:21,508 - INFO - 预测正确条目：2068，预测错误条目：330
2024-06-21 00:56:21,508 - INFO - 预测准确率：0.862385
2024-06-21 00:56:21,508 - INFO - --------------------
2024-06-21 00:56:21,508 - INFO - epoch 13 begin
2024-06-21 00:56:21,547 - INFO - batch loss 0.130721
2024-06-21 00:56:24,451 - INFO - batch loss 0.188652
2024-06-21 00:56:27,270 - INFO - epoch average loss: 0.227834
2024-06-21 00:56:27,270 - INFO - 开始测试第13轮模型效果：
2024-06-21 00:56:28,041 - INFO - 预测集合条目总量：2398
2024-06-21 00:56:28,041 - INFO - 预测正确条目：2059，预测错误条目：339
2024-06-21 00:56:28,041 - INFO - 预测准确率：0.858632
2024-06-21 00:56:28,041 - INFO - --------------------
2024-06-21 00:56:28,041 - INFO - epoch 14 begin
2024-06-21 00:56:28,088 - INFO - batch loss 0.220090
2024-06-21 00:56:30,939 - INFO - batch loss 0.180018
2024-06-21 00:56:33,710 - INFO - epoch average loss: 0.223171
2024-06-21 00:56:33,710 - INFO - 开始测试第14轮模型效果：
2024-06-21 00:56:34,498 - INFO - 预测集合条目总量：2398
2024-06-21 00:56:34,498 - INFO - 预测正确条目：2051，预测错误条目：347
2024-06-21 00:56:34,498 - INFO - 预测准确率：0.855296
2024-06-21 00:56:34,498 - INFO - --------------------
2024-06-21 00:56:34,498 - INFO - epoch 15 begin
2024-06-21 00:56:34,536 - INFO - batch loss 0.200886
2024-06-21 00:56:37,607 - INFO - batch loss 0.131268
2024-06-21 00:56:40,653 - INFO - epoch average loss: 0.217235
2024-06-21 00:56:40,653 - INFO - 开始测试第15轮模型效果：
2024-06-21 00:56:41,511 - INFO - 预测集合条目总量：2398
2024-06-21 00:56:41,512 - INFO - 预测正确条目：2068，预测错误条目：330
2024-06-21 00:56:41,512 - INFO - 预测准确率：0.862385
2024-06-21 00:56:41,512 - INFO - --------------------
2024-06-21 00:56:41,512 - INFO - Training finished in 102.03 seconds
2024-06-21 01:08:23,706 - INFO - epoch 1 begin
2024-06-21 01:08:23,734 - INFO - batch loss 0.597919
2024-06-21 01:08:24,398 - INFO - batch loss 0.608518
2024-06-21 01:08:25,048 - INFO - epoch average loss: 0.636393
2024-06-21 01:08:25,048 - INFO - 开始测试第1轮模型效果：
2024-06-21 01:08:25,128 - INFO - 预测集合条目总量：2398
2024-06-21 01:08:25,128 - INFO - 预测正确条目：1598，预测错误条目：800
2024-06-21 01:08:25,128 - INFO - 预测准确率：0.666389
2024-06-21 01:08:25,128 - INFO - --------------------
2024-06-21 01:08:25,128 - INFO - epoch 2 begin
2024-06-21 01:08:25,138 - INFO - batch loss 0.593120
2024-06-21 01:08:25,794 - INFO - batch loss 0.631740
2024-06-21 01:08:26,442 - INFO - epoch average loss: 0.635077
2024-06-21 01:08:26,442 - INFO - 开始测试第2轮模型效果：
2024-06-21 01:08:26,522 - INFO - 预测集合条目总量：2398
2024-06-21 01:08:26,522 - INFO - 预测正确条目：1598，预测错误条目：800
2024-06-21 01:08:26,522 - INFO - 预测准确率：0.666389
2024-06-21 01:08:26,522 - INFO - --------------------
2024-06-21 01:08:26,522 - INFO - epoch 3 begin
2024-06-21 01:08:26,531 - INFO - batch loss 0.617789
2024-06-21 01:08:27,194 - INFO - batch loss 0.690709
2024-06-21 01:08:27,844 - INFO - epoch average loss: 0.618758
2024-06-21 01:08:27,844 - INFO - 开始测试第3轮模型效果：
2024-06-21 01:08:27,923 - INFO - 预测集合条目总量：2398
2024-06-21 01:08:27,923 - INFO - 预测正确条目：1598，预测错误条目：800
2024-06-21 01:08:27,923 - INFO - 预测准确率：0.666389
2024-06-21 01:08:27,923 - INFO - --------------------
2024-06-21 01:08:27,923 - INFO - epoch 4 begin
2024-06-21 01:08:27,932 - INFO - batch loss 0.591474
2024-06-21 01:08:28,623 - INFO - batch loss 0.578505
2024-06-21 01:08:29,269 - INFO - epoch average loss: 0.572068
2024-06-21 01:08:29,269 - INFO - 开始测试第4轮模型效果：
2024-06-21 01:08:29,345 - INFO - 预测集合条目总量：2398
2024-06-21 01:08:29,345 - INFO - 预测正确条目：1724，预测错误条目：674
2024-06-21 01:08:29,345 - INFO - 预测准确率：0.718932
2024-06-21 01:08:29,345 - INFO - --------------------
2024-06-21 01:08:29,345 - INFO - epoch 5 begin
2024-06-21 01:08:29,354 - INFO - batch loss 0.625870
2024-06-21 01:08:30,015 - INFO - batch loss 0.539895
2024-06-21 01:08:30,665 - INFO - epoch average loss: 0.541986
2024-06-21 01:08:30,665 - INFO - 开始测试第5轮模型效果：
2024-06-21 01:08:30,744 - INFO - 预测集合条目总量：2398
2024-06-21 01:08:30,744 - INFO - 预测正确条目：1741，预测错误条目：657
2024-06-21 01:08:30,744 - INFO - 预测准确率：0.726022
2024-06-21 01:08:30,744 - INFO - --------------------
2024-06-21 01:08:30,745 - INFO - epoch 6 begin
2024-06-21 01:08:30,755 - INFO - batch loss 0.521339
2024-06-21 01:08:31,414 - INFO - batch loss 0.501295
2024-06-21 01:08:32,065 - INFO - epoch average loss: 0.523023
2024-06-21 01:08:32,065 - INFO - 开始测试第6轮模型效果：
2024-06-21 01:08:32,142 - INFO - 预测集合条目总量：2398
2024-06-21 01:08:32,142 - INFO - 预测正确条目：1762，预测错误条目：636
2024-06-21 01:08:32,142 - INFO - 预测准确率：0.734779
2024-06-21 01:08:32,142 - INFO - --------------------
2024-06-21 01:08:32,142 - INFO - epoch 7 begin
2024-06-21 01:08:32,151 - INFO - batch loss 0.449532
2024-06-21 01:08:32,817 - INFO - batch loss 0.405858
2024-06-21 01:08:33,465 - INFO - epoch average loss: 0.508151
2024-06-21 01:08:33,465 - INFO - 开始测试第7轮模型效果：
2024-06-21 01:08:33,542 - INFO - 预测集合条目总量：2398
2024-06-21 01:08:33,542 - INFO - 预测正确条目：1784，预测错误条目：614
2024-06-21 01:08:33,542 - INFO - 预测准确率：0.743953
2024-06-21 01:08:33,542 - INFO - --------------------
2024-06-21 01:08:33,542 - INFO - epoch 8 begin
2024-06-21 01:08:33,551 - INFO - batch loss 0.559256
2024-06-21 01:08:34,209 - INFO - batch loss 0.486649
2024-06-21 01:08:34,859 - INFO - epoch average loss: 0.499463
2024-06-21 01:08:34,859 - INFO - 开始测试第8轮模型效果：
2024-06-21 01:08:34,936 - INFO - 预测集合条目总量：2398
2024-06-21 01:08:34,936 - INFO - 预测正确条目：1784，预测错误条目：614
2024-06-21 01:08:34,936 - INFO - 预测准确率：0.743953
2024-06-21 01:08:34,936 - INFO - --------------------
2024-06-21 01:08:34,937 - INFO - epoch 9 begin
2024-06-21 01:08:34,946 - INFO - batch loss 0.593186
2024-06-21 01:08:35,613 - INFO - batch loss 0.510733
2024-06-21 01:08:36,262 - INFO - epoch average loss: 0.490826
2024-06-21 01:08:36,262 - INFO - 开始测试第9轮模型效果：
2024-06-21 01:08:36,340 - INFO - 预测集合条目总量：2398
2024-06-21 01:08:36,340 - INFO - 预测正确条目：1794，预测错误条目：604
2024-06-21 01:08:36,340 - INFO - 预测准确率：0.748123
2024-06-21 01:08:36,340 - INFO - --------------------
2024-06-21 01:08:36,340 - INFO - epoch 10 begin
2024-06-21 01:08:36,349 - INFO - batch loss 0.573096
2024-06-21 01:08:37,012 - INFO - batch loss 0.391893
2024-06-21 01:08:37,670 - INFO - epoch average loss: 0.484082
2024-06-21 01:08:37,670 - INFO - 开始测试第10轮模型效果：
2024-06-21 01:08:37,747 - INFO - 预测集合条目总量：2398
2024-06-21 01:08:37,747 - INFO - 预测正确条目：1806，预测错误条目：592
2024-06-21 01:08:37,747 - INFO - 预测准确率：0.753128
2024-06-21 01:08:37,747 - INFO - --------------------
2024-06-21 01:08:37,747 - INFO - epoch 11 begin
2024-06-21 01:08:37,757 - INFO - batch loss 0.354576
2024-06-21 01:08:38,415 - INFO - batch loss 0.579502
2024-06-21 01:08:39,061 - INFO - epoch average loss: 0.478008
2024-06-21 01:08:39,061 - INFO - 开始测试第11轮模型效果：
2024-06-21 01:08:39,138 - INFO - 预测集合条目总量：2398
2024-06-21 01:08:39,139 - INFO - 预测正确条目：1819，预测错误条目：579
2024-06-21 01:08:39,139 - INFO - 预测准确率：0.758549
2024-06-21 01:08:39,139 - INFO - --------------------
2024-06-21 01:08:39,139 - INFO - epoch 12 begin
2024-06-21 01:08:39,148 - INFO - batch loss 0.424560
2024-06-21 01:08:39,811 - INFO - batch loss 0.481960
2024-06-21 01:08:40,459 - INFO - epoch average loss: 0.471278
2024-06-21 01:08:40,459 - INFO - 开始测试第12轮模型效果：
2024-06-21 01:08:40,537 - INFO - 预测集合条目总量：2398
2024-06-21 01:08:40,537 - INFO - 预测正确条目：1825，预测错误条目：573
2024-06-21 01:08:40,537 - INFO - 预测准确率：0.761051
2024-06-21 01:08:40,537 - INFO - --------------------
2024-06-21 01:08:40,537 - INFO - epoch 13 begin
2024-06-21 01:08:40,546 - INFO - batch loss 0.486920
2024-06-21 01:08:41,209 - INFO - batch loss 0.391789
2024-06-21 01:08:41,856 - INFO - epoch average loss: 0.463359
2024-06-21 01:08:41,856 - INFO - 开始测试第13轮模型效果：
2024-06-21 01:08:41,935 - INFO - 预测集合条目总量：2398
2024-06-21 01:08:41,935 - INFO - 预测正确条目：1821，预测错误条目：577
2024-06-21 01:08:41,935 - INFO - 预测准确率：0.759383
2024-06-21 01:08:41,935 - INFO - --------------------
2024-06-21 01:08:41,935 - INFO - epoch 14 begin
2024-06-21 01:08:41,944 - INFO - batch loss 0.571725
2024-06-21 01:08:42,609 - INFO - batch loss 0.478282
2024-06-21 01:08:43,265 - INFO - epoch average loss: 0.454037
2024-06-21 01:08:43,265 - INFO - 开始测试第14轮模型效果：
2024-06-21 01:08:43,344 - INFO - 预测集合条目总量：2398
2024-06-21 01:08:43,344 - INFO - 预测正确条目：1851，预测错误条目：547
2024-06-21 01:08:43,344 - INFO - 预测准确率：0.771893
2024-06-21 01:08:43,344 - INFO - --------------------
2024-06-21 01:08:43,344 - INFO - epoch 15 begin
2024-06-21 01:08:43,353 - INFO - batch loss 0.412234
2024-06-21 01:08:44,014 - INFO - batch loss 0.456181
2024-06-21 01:08:44,665 - INFO - epoch average loss: 0.444732
2024-06-21 01:08:44,665 - INFO - 开始测试第15轮模型效果：
2024-06-21 01:08:44,741 - INFO - 预测集合条目总量：2398
2024-06-21 01:08:44,742 - INFO - 预测正确条目：1870，预测错误条目：528
2024-06-21 01:08:44,742 - INFO - 预测准确率：0.779817
2024-06-21 01:08:44,742 - INFO - --------------------
2024-06-21 01:08:44,742 - INFO - Training finished in 21.04 seconds
2024-06-21 01:09:12,029 - INFO - epoch 1 begin
2024-06-21 01:09:12,047 - INFO - batch loss 0.707809
2024-06-21 01:09:12,404 - INFO - batch loss 0.623937
2024-06-21 01:09:12,753 - INFO - epoch average loss: 0.644501
2024-06-21 01:09:12,753 - INFO - 开始测试第1轮模型效果：
2024-06-21 01:09:12,801 - INFO - 预测集合条目总量：2398
2024-06-21 01:09:12,801 - INFO - 预测正确条目：1598，预测错误条目：800
2024-06-21 01:09:12,801 - INFO - 预测准确率：0.666389
2024-06-21 01:09:12,801 - INFO - --------------------
2024-06-21 01:09:12,801 - INFO - epoch 2 begin
2024-06-21 01:09:12,806 - INFO - batch loss 0.639391
2024-06-21 01:09:13,157 - INFO - batch loss 0.499525
2024-06-21 01:09:13,501 - INFO - epoch average loss: 0.619520
2024-06-21 01:09:13,501 - INFO - 开始测试第2轮模型效果：
2024-06-21 01:09:13,547 - INFO - 预测集合条目总量：2398
2024-06-21 01:09:13,547 - INFO - 预测正确条目：1598，预测错误条目：800
2024-06-21 01:09:13,548 - INFO - 预测准确率：0.666389
2024-06-21 01:09:13,548 - INFO - --------------------
2024-06-21 01:09:13,548 - INFO - epoch 3 begin
2024-06-21 01:09:13,553 - INFO - batch loss 0.644439
2024-06-21 01:09:13,910 - INFO - batch loss 0.563195
2024-06-21 01:09:14,259 - INFO - epoch average loss: 0.598072
2024-06-21 01:09:14,259 - INFO - 开始测试第3轮模型效果：
2024-06-21 01:09:14,307 - INFO - 预测集合条目总量：2398
2024-06-21 01:09:14,307 - INFO - 预测正确条目：1625，预测错误条目：773
2024-06-21 01:09:14,307 - INFO - 预测准确率：0.677648
2024-06-21 01:09:14,307 - INFO - --------------------
2024-06-21 01:09:14,307 - INFO - epoch 4 begin
2024-06-21 01:09:14,312 - INFO - batch loss 0.674968
2024-06-21 01:09:14,664 - INFO - batch loss 0.559574
2024-06-21 01:09:15,008 - INFO - epoch average loss: 0.563113
2024-06-21 01:09:15,008 - INFO - 开始测试第4轮模型效果：
2024-06-21 01:09:15,055 - INFO - 预测集合条目总量：2398
2024-06-21 01:09:15,055 - INFO - 预测正确条目：1781，预测错误条目：617
2024-06-21 01:09:15,055 - INFO - 预测准确率：0.742702
2024-06-21 01:09:15,055 - INFO - --------------------
2024-06-21 01:09:15,055 - INFO - epoch 5 begin
2024-06-21 01:09:15,060 - INFO - batch loss 0.498570
2024-06-21 01:09:15,417 - INFO - batch loss 0.559358
2024-06-21 01:09:15,768 - INFO - epoch average loss: 0.524620
2024-06-21 01:09:15,768 - INFO - 开始测试第5轮模型效果：
2024-06-21 01:09:15,814 - INFO - 预测集合条目总量：2398
2024-06-21 01:09:15,814 - INFO - 预测正确条目：1808，预测错误条目：590
2024-06-21 01:09:15,814 - INFO - 预测准确率：0.753962
2024-06-21 01:09:15,814 - INFO - --------------------
2024-06-21 01:09:15,814 - INFO - epoch 6 begin
2024-06-21 01:09:15,819 - INFO - batch loss 0.464195
2024-06-21 01:09:16,173 - INFO - batch loss 0.544838
2024-06-21 01:09:16,518 - INFO - epoch average loss: 0.487797
2024-06-21 01:09:16,518 - INFO - 开始测试第6轮模型效果：
2024-06-21 01:09:16,564 - INFO - 预测集合条目总量：2398
2024-06-21 01:09:16,564 - INFO - 预测正确条目：1861，预测错误条目：537
2024-06-21 01:09:16,564 - INFO - 预测准确率：0.776063
2024-06-21 01:09:16,564 - INFO - --------------------
2024-06-21 01:09:16,564 - INFO - epoch 7 begin
2024-06-21 01:09:16,569 - INFO - batch loss 0.496599
2024-06-21 01:09:16,925 - INFO - batch loss 0.426304
2024-06-21 01:09:17,269 - INFO - epoch average loss: 0.455676
2024-06-21 01:09:17,269 - INFO - 开始测试第7轮模型效果：
2024-06-21 01:09:17,316 - INFO - 预测集合条目总量：2398
2024-06-21 01:09:17,316 - INFO - 预测正确条目：1897，预测错误条目：501
2024-06-21 01:09:17,316 - INFO - 预测准确率：0.791076
2024-06-21 01:09:17,316 - INFO - --------------------
2024-06-21 01:09:17,316 - INFO - epoch 8 begin
2024-06-21 01:09:17,321 - INFO - batch loss 0.413711
2024-06-21 01:09:17,673 - INFO - batch loss 0.552075
2024-06-21 01:09:18,013 - INFO - epoch average loss: 0.431259
2024-06-21 01:09:18,013 - INFO - 开始测试第8轮模型效果：
2024-06-21 01:09:18,058 - INFO - 预测集合条目总量：2398
2024-06-21 01:09:18,058 - INFO - 预测正确条目：1921，预测错误条目：477
2024-06-21 01:09:18,058 - INFO - 预测准确率：0.801084
2024-06-21 01:09:18,058 - INFO - --------------------
2024-06-21 01:09:18,058 - INFO - epoch 9 begin
2024-06-21 01:09:18,063 - INFO - batch loss 0.363554
2024-06-21 01:09:18,419 - INFO - batch loss 0.399860
2024-06-21 01:09:18,772 - INFO - epoch average loss: 0.414629
2024-06-21 01:09:18,772 - INFO - 开始测试第9轮模型效果：
2024-06-21 01:09:18,817 - INFO - 预测集合条目总量：2398
2024-06-21 01:09:18,817 - INFO - 预测正确条目：1956，预测错误条目：442
2024-06-21 01:09:18,818 - INFO - 预测准确率：0.815680
2024-06-21 01:09:18,818 - INFO - --------------------
2024-06-21 01:09:18,818 - INFO - epoch 10 begin
2024-06-21 01:09:18,823 - INFO - batch loss 0.466750
2024-06-21 01:09:19,178 - INFO - batch loss 0.262957
2024-06-21 01:09:19,527 - INFO - epoch average loss: 0.404010
2024-06-21 01:09:19,527 - INFO - 开始测试第10轮模型效果：
2024-06-21 01:09:19,572 - INFO - 预测集合条目总量：2398
2024-06-21 01:09:19,572 - INFO - 预测正确条目：1959，预测错误条目：439
2024-06-21 01:09:19,572 - INFO - 预测准确率：0.816931
2024-06-21 01:09:19,572 - INFO - --------------------
2024-06-21 01:09:19,572 - INFO - epoch 11 begin
2024-06-21 01:09:19,577 - INFO - batch loss 0.250169
2024-06-21 01:09:19,929 - INFO - batch loss 0.281711
2024-06-21 01:09:20,273 - INFO - epoch average loss: 0.396980
2024-06-21 01:09:20,273 - INFO - 开始测试第11轮模型效果：
2024-06-21 01:09:20,319 - INFO - 预测集合条目总量：2398
2024-06-21 01:09:20,320 - INFO - 预测正确条目：1973，预测错误条目：425
2024-06-21 01:09:20,320 - INFO - 预测准确率：0.822769
2024-06-21 01:09:20,320 - INFO - --------------------
2024-06-21 01:09:20,320 - INFO - epoch 12 begin
2024-06-21 01:09:20,325 - INFO - batch loss 0.395541
2024-06-21 01:09:20,678 - INFO - batch loss 0.297469
2024-06-21 01:09:21,029 - INFO - epoch average loss: 0.389204
2024-06-21 01:09:21,029 - INFO - 开始测试第12轮模型效果：
2024-06-21 01:09:21,076 - INFO - 预测集合条目总量：2398
2024-06-21 01:09:21,076 - INFO - 预测正确条目：1975，预测错误条目：423
2024-06-21 01:09:21,076 - INFO - 预测准确率：0.823603
2024-06-21 01:09:21,076 - INFO - --------------------
2024-06-21 01:09:21,076 - INFO - epoch 13 begin
2024-06-21 01:09:21,081 - INFO - batch loss 0.366442
2024-06-21 01:09:21,431 - INFO - batch loss 0.322283
2024-06-21 01:09:21,777 - INFO - epoch average loss: 0.383823
2024-06-21 01:09:21,777 - INFO - 开始测试第13轮模型效果：
2024-06-21 01:09:21,822 - INFO - 预测集合条目总量：2398
2024-06-21 01:09:21,822 - INFO - 预测正确条目：1985，预测错误条目：413
2024-06-21 01:09:21,822 - INFO - 预测准确率：0.827773
2024-06-21 01:09:21,822 - INFO - --------------------
2024-06-21 01:09:21,822 - INFO - epoch 14 begin
2024-06-21 01:09:21,827 - INFO - batch loss 0.413844
2024-06-21 01:09:22,179 - INFO - batch loss 0.419673
2024-06-21 01:09:22,525 - INFO - epoch average loss: 0.377886
2024-06-21 01:09:22,525 - INFO - 开始测试第14轮模型效果：
2024-06-21 01:09:22,572 - INFO - 预测集合条目总量：2398
2024-06-21 01:09:22,572 - INFO - 预测正确条目：1987，预测错误条目：411
2024-06-21 01:09:22,572 - INFO - 预测准确率：0.828607
2024-06-21 01:09:22,572 - INFO - --------------------
2024-06-21 01:09:22,573 - INFO - epoch 15 begin
2024-06-21 01:09:22,577 - INFO - batch loss 0.301921
2024-06-21 01:09:22,929 - INFO - batch loss 0.428810
2024-06-21 01:09:23,276 - INFO - epoch average loss: 0.371317
2024-06-21 01:09:23,276 - INFO - 开始测试第15轮模型效果：
2024-06-21 01:09:23,322 - INFO - 预测集合条目总量：2398
2024-06-21 01:09:23,322 - INFO - 预测正确条目：1989，预测错误条目：409
2024-06-21 01:09:23,322 - INFO - 预测准确率：0.829441
2024-06-21 01:09:23,322 - INFO - --------------------
2024-06-21 01:09:23,322 - INFO - Training finished in 11.29 seconds
2024-06-21 01:12:10,351 - INFO - epoch 1 begin
2024-06-21 01:12:10,419 - INFO - batch loss 0.597919
2024-06-21 01:12:11,273 - INFO - batch loss 0.608518
2024-06-21 01:12:12,195 - INFO - epoch average loss: 0.636393
2024-06-21 01:12:12,195 - INFO - 开始测试第1轮模型效果：
2024-06-21 01:12:12,286 - INFO - 预测集合条目总量：2398
2024-06-21 01:12:12,286 - INFO - 预测正确条目：1598，预测错误条目：800
2024-06-21 01:12:12,286 - INFO - 预测准确率：0.666389
2024-06-21 01:12:12,286 - INFO - --------------------
2024-06-21 01:12:12,287 - INFO - epoch 2 begin
2024-06-21 01:12:12,297 - INFO - batch loss 0.593120
2024-06-21 01:12:13,108 - INFO - batch loss 0.631740
2024-06-21 01:12:13,835 - INFO - epoch average loss: 0.635077
2024-06-21 01:12:13,835 - INFO - 开始测试第2轮模型效果：
2024-06-21 01:12:13,920 - INFO - 预测集合条目总量：2398
2024-06-21 01:12:13,920 - INFO - 预测正确条目：1598，预测错误条目：800
2024-06-21 01:12:13,920 - INFO - 预测准确率：0.666389
2024-06-21 01:12:13,920 - INFO - --------------------
2024-06-21 01:12:13,920 - INFO - epoch 3 begin
2024-06-21 01:12:13,929 - INFO - batch loss 0.617789
2024-06-21 01:12:14,646 - INFO - batch loss 0.690709
2024-06-21 01:12:15,331 - INFO - epoch average loss: 0.618758
2024-06-21 01:12:15,331 - INFO - 开始测试第3轮模型效果：
2024-06-21 01:12:15,413 - INFO - 预测集合条目总量：2398
2024-06-21 01:12:15,413 - INFO - 预测正确条目：1598，预测错误条目：800
2024-06-21 01:12:15,413 - INFO - 预测准确率：0.666389
2024-06-21 01:12:15,413 - INFO - --------------------
2024-06-21 01:12:15,413 - INFO - epoch 4 begin
2024-06-21 01:12:15,423 - INFO - batch loss 0.591474
2024-06-21 01:12:16,123 - INFO - batch loss 0.578505
2024-06-21 01:12:16,809 - INFO - epoch average loss: 0.572068
2024-06-21 01:12:16,809 - INFO - 开始测试第4轮模型效果：
2024-06-21 01:12:16,890 - INFO - 预测集合条目总量：2398
2024-06-21 01:12:16,890 - INFO - 预测正确条目：1724，预测错误条目：674
2024-06-21 01:12:16,890 - INFO - 预测准确率：0.718932
2024-06-21 01:12:16,890 - INFO - --------------------
2024-06-21 01:12:16,890 - INFO - epoch 5 begin
2024-06-21 01:12:16,900 - INFO - batch loss 0.625870
2024-06-21 01:12:17,597 - INFO - batch loss 0.539895
2024-06-21 01:12:18,287 - INFO - epoch average loss: 0.541986
2024-06-21 01:12:18,287 - INFO - 开始测试第5轮模型效果：
2024-06-21 01:12:18,368 - INFO - 预测集合条目总量：2398
2024-06-21 01:12:18,368 - INFO - 预测正确条目：1741，预测错误条目：657
2024-06-21 01:12:18,368 - INFO - 预测准确率：0.726022
2024-06-21 01:12:18,368 - INFO - --------------------
2024-06-21 01:12:18,368 - INFO - epoch 6 begin
2024-06-21 01:12:18,378 - INFO - batch loss 0.521339
2024-06-21 01:12:19,075 - INFO - batch loss 0.501295
2024-06-21 01:12:19,763 - INFO - epoch average loss: 0.523023
2024-06-21 01:12:19,764 - INFO - 开始测试第6轮模型效果：
2024-06-21 01:12:19,845 - INFO - 预测集合条目总量：2398
2024-06-21 01:12:19,845 - INFO - 预测正确条目：1762，预测错误条目：636
2024-06-21 01:12:19,845 - INFO - 预测准确率：0.734779
2024-06-21 01:12:19,845 - INFO - --------------------
2024-06-21 01:12:19,845 - INFO - epoch 7 begin
2024-06-21 01:12:19,855 - INFO - batch loss 0.449532
2024-06-21 01:12:20,551 - INFO - batch loss 0.405858
2024-06-21 01:12:21,250 - INFO - epoch average loss: 0.508151
2024-06-21 01:12:21,251 - INFO - 开始测试第7轮模型效果：
2024-06-21 01:12:21,343 - INFO - 预测集合条目总量：2398
2024-06-21 01:12:21,343 - INFO - 预测正确条目：1784，预测错误条目：614
2024-06-21 01:12:21,343 - INFO - 预测准确率：0.743953
2024-06-21 01:12:21,343 - INFO - --------------------
2024-06-21 01:12:21,343 - INFO - epoch 8 begin
2024-06-21 01:12:21,353 - INFO - batch loss 0.559256
2024-06-21 01:12:22,120 - INFO - batch loss 0.486649
2024-06-21 01:12:22,802 - INFO - epoch average loss: 0.499463
2024-06-21 01:12:22,802 - INFO - 开始测试第8轮模型效果：
2024-06-21 01:12:22,881 - INFO - 预测集合条目总量：2398
2024-06-21 01:12:22,881 - INFO - 预测正确条目：1784，预测错误条目：614
2024-06-21 01:12:22,881 - INFO - 预测准确率：0.743953
2024-06-21 01:12:22,881 - INFO - --------------------
2024-06-21 01:12:22,882 - INFO - epoch 9 begin
2024-06-21 01:12:22,891 - INFO - batch loss 0.593186
2024-06-21 01:12:23,586 - INFO - batch loss 0.510733
2024-06-21 01:12:24,263 - INFO - epoch average loss: 0.490826
2024-06-21 01:12:24,263 - INFO - 开始测试第9轮模型效果：
2024-06-21 01:12:24,345 - INFO - 预测集合条目总量：2398
2024-06-21 01:12:24,345 - INFO - 预测正确条目：1794，预测错误条目：604
2024-06-21 01:12:24,345 - INFO - 预测准确率：0.748123
2024-06-21 01:12:24,345 - INFO - --------------------
2024-06-21 01:12:24,345 - INFO - epoch 10 begin
2024-06-21 01:12:24,354 - INFO - batch loss 0.573096
2024-06-21 01:12:25,046 - INFO - batch loss 0.391893
2024-06-21 01:12:25,729 - INFO - epoch average loss: 0.484082
2024-06-21 01:12:25,729 - INFO - 开始测试第10轮模型效果：
2024-06-21 01:12:25,811 - INFO - 预测集合条目总量：2398
2024-06-21 01:12:25,811 - INFO - 预测正确条目：1806，预测错误条目：592
2024-06-21 01:12:25,811 - INFO - 预测准确率：0.753128
2024-06-21 01:12:25,812 - INFO - --------------------
2024-06-21 01:12:25,812 - INFO - epoch 11 begin
2024-06-21 01:12:25,821 - INFO - batch loss 0.354576
2024-06-21 01:12:26,515 - INFO - batch loss 0.579502
2024-06-21 01:12:27,206 - INFO - epoch average loss: 0.478008
2024-06-21 01:12:27,206 - INFO - 开始测试第11轮模型效果：
2024-06-21 01:12:27,286 - INFO - 预测集合条目总量：2398
2024-06-21 01:12:27,286 - INFO - 预测正确条目：1819，预测错误条目：579
2024-06-21 01:12:27,286 - INFO - 预测准确率：0.758549
2024-06-21 01:12:27,286 - INFO - --------------------
2024-06-21 01:12:27,286 - INFO - epoch 12 begin
2024-06-21 01:12:27,296 - INFO - batch loss 0.424560
2024-06-21 01:12:27,988 - INFO - batch loss 0.481960
2024-06-21 01:12:28,668 - INFO - epoch average loss: 0.471278
2024-06-21 01:12:28,668 - INFO - 开始测试第12轮模型效果：
2024-06-21 01:12:28,748 - INFO - 预测集合条目总量：2398
2024-06-21 01:12:28,748 - INFO - 预测正确条目：1825，预测错误条目：573
2024-06-21 01:12:28,748 - INFO - 预测准确率：0.761051
2024-06-21 01:12:28,748 - INFO - --------------------
2024-06-21 01:12:28,748 - INFO - epoch 13 begin
2024-06-21 01:12:28,757 - INFO - batch loss 0.486920
2024-06-21 01:12:29,453 - INFO - batch loss 0.391789
2024-06-21 01:12:30,154 - INFO - epoch average loss: 0.463359
2024-06-21 01:12:30,154 - INFO - 开始测试第13轮模型效果：
2024-06-21 01:12:30,237 - INFO - 预测集合条目总量：2398
2024-06-21 01:12:30,237 - INFO - 预测正确条目：1821，预测错误条目：577
2024-06-21 01:12:30,237 - INFO - 预测准确率：0.759383
2024-06-21 01:12:30,237 - INFO - --------------------
2024-06-21 01:12:30,237 - INFO - epoch 14 begin
2024-06-21 01:12:30,247 - INFO - batch loss 0.571725
2024-06-21 01:12:30,965 - INFO - batch loss 0.478282
2024-06-21 01:12:31,668 - INFO - epoch average loss: 0.454037
2024-06-21 01:12:31,668 - INFO - 开始测试第14轮模型效果：
2024-06-21 01:12:31,749 - INFO - 预测集合条目总量：2398
2024-06-21 01:12:31,749 - INFO - 预测正确条目：1851，预测错误条目：547
2024-06-21 01:12:31,749 - INFO - 预测准确率：0.771893
2024-06-21 01:12:31,749 - INFO - --------------------
2024-06-21 01:12:31,749 - INFO - epoch 15 begin
2024-06-21 01:12:31,759 - INFO - batch loss 0.412234
2024-06-21 01:12:32,469 - INFO - batch loss 0.456181
2024-06-21 01:12:33,157 - INFO - epoch average loss: 0.444732
2024-06-21 01:12:33,157 - INFO - 开始测试第15轮模型效果：
2024-06-21 01:12:33,237 - INFO - 预测集合条目总量：2398
2024-06-21 01:12:33,237 - INFO - 预测正确条目：1870，预测错误条目：528
2024-06-21 01:12:33,237 - INFO - 预测准确率：0.779817
2024-06-21 01:12:33,237 - INFO - --------------------
2024-06-21 01:12:33,237 - INFO - Training finished in 22.89 seconds
2024-06-21 01:32:05,639 - INFO - epoch 1 begin
2024-06-21 01:32:05,659 - INFO - batch loss 0.716580
2024-06-21 01:32:06,064 - INFO - batch loss 0.610333
2024-06-21 01:32:06,464 - INFO - epoch average loss: 0.634857
2024-06-21 01:32:06,464 - INFO - 开始测试第1轮模型效果：
2024-06-21 01:32:06,516 - INFO - 预测集合条目总量：2398
2024-06-21 01:32:06,516 - INFO - 预测正确条目：1598，预测错误条目：800
2024-06-21 01:32:06,516 - INFO - 预测准确率：0.666389
2024-06-21 01:32:06,516 - INFO - --------------------
2024-06-21 01:32:06,516 - INFO - epoch 2 begin
2024-06-21 01:32:06,519 - INFO - batch loss 0.687653
2024-06-21 01:32:06,914 - INFO - batch loss 0.473035
2024-06-21 01:32:07,306 - INFO - epoch average loss: 0.600438
2024-06-21 01:32:07,306 - INFO - 开始测试第2轮模型效果：
2024-06-21 01:32:07,360 - INFO - 预测集合条目总量：2398
2024-06-21 01:32:07,360 - INFO - 预测正确条目：1653，预测错误条目：745
2024-06-21 01:32:07,360 - INFO - 预测准确率：0.689324
2024-06-21 01:32:07,360 - INFO - --------------------
2024-06-21 01:32:07,360 - INFO - epoch 3 begin
2024-06-21 01:32:07,363 - INFO - batch loss 0.603606
2024-06-21 01:32:07,764 - INFO - batch loss 0.579531
2024-06-21 01:32:08,163 - INFO - epoch average loss: 0.548059
2024-06-21 01:32:08,163 - INFO - 开始测试第3轮模型效果：
2024-06-21 01:32:08,216 - INFO - 预测集合条目总量：2398
2024-06-21 01:32:08,216 - INFO - 预测正确条目：1792，预测错误条目：606
2024-06-21 01:32:08,216 - INFO - 预测准确率：0.747289
2024-06-21 01:32:08,216 - INFO - --------------------
2024-06-21 01:32:08,216 - INFO - epoch 4 begin
2024-06-21 01:32:08,219 - INFO - batch loss 0.595606
2024-06-21 01:32:08,626 - INFO - batch loss 0.603338
2024-06-21 01:32:09,017 - INFO - epoch average loss: 0.491906
2024-06-21 01:32:09,017 - INFO - 开始测试第4轮模型效果：
2024-06-21 01:32:09,070 - INFO - 预测集合条目总量：2398
2024-06-21 01:32:09,070 - INFO - 预测正确条目：1871，预测错误条目：527
2024-06-21 01:32:09,070 - INFO - 预测准确率：0.780234
2024-06-21 01:32:09,070 - INFO - --------------------
2024-06-21 01:32:09,070 - INFO - epoch 5 begin
2024-06-21 01:32:09,073 - INFO - batch loss 0.381619
2024-06-21 01:32:09,480 - INFO - batch loss 0.314113
2024-06-21 01:32:09,878 - INFO - epoch average loss: 0.447284
2024-06-21 01:32:09,878 - INFO - 开始测试第5轮模型效果：
2024-06-21 01:32:09,929 - INFO - 预测集合条目总量：2398
2024-06-21 01:32:09,929 - INFO - 预测正确条目：1914，预测错误条目：484
2024-06-21 01:32:09,929 - INFO - 预测准确率：0.798165
2024-06-21 01:32:09,929 - INFO - --------------------
2024-06-21 01:32:09,929 - INFO - epoch 6 begin
2024-06-21 01:32:09,932 - INFO - batch loss 0.387751
2024-06-21 01:32:10,339 - INFO - batch loss 0.472954
2024-06-21 01:32:10,736 - INFO - epoch average loss: 0.420782
2024-06-21 01:32:10,736 - INFO - 开始测试第6轮模型效果：
2024-06-21 01:32:10,787 - INFO - 预测集合条目总量：2398
2024-06-21 01:32:10,787 - INFO - 预测正确条目：1932，预测错误条目：466
2024-06-21 01:32:10,787 - INFO - 预测准确率：0.805671
2024-06-21 01:32:10,787 - INFO - --------------------
2024-06-21 01:32:10,787 - INFO - epoch 7 begin
2024-06-21 01:32:10,790 - INFO - batch loss 0.352319
2024-06-21 01:32:11,191 - INFO - batch loss 0.435409
2024-06-21 01:32:11,588 - INFO - epoch average loss: 0.406087
2024-06-21 01:32:11,588 - INFO - 开始测试第7轮模型效果：
2024-06-21 01:32:11,639 - INFO - 预测集合条目总量：2398
2024-06-21 01:32:11,639 - INFO - 预测正确条目：1964，预测错误条目：434
2024-06-21 01:32:11,639 - INFO - 预测准确率：0.819016
2024-06-21 01:32:11,639 - INFO - --------------------
2024-06-21 01:32:11,639 - INFO - epoch 8 begin
2024-06-21 01:32:11,642 - INFO - batch loss 0.370589
2024-06-21 01:32:12,047 - INFO - batch loss 0.420480
2024-06-21 01:32:12,440 - INFO - epoch average loss: 0.396361
2024-06-21 01:32:12,440 - INFO - 开始测试第8轮模型效果：
2024-06-21 01:32:12,490 - INFO - 预测集合条目总量：2398
2024-06-21 01:32:12,491 - INFO - 预测正确条目：1969，预测错误条目：429
2024-06-21 01:32:12,491 - INFO - 预测准确率：0.821101
2024-06-21 01:32:12,491 - INFO - --------------------
2024-06-21 01:32:12,491 - INFO - epoch 9 begin
2024-06-21 01:32:12,494 - INFO - batch loss 0.208474
2024-06-21 01:32:12,898 - INFO - batch loss 0.287511
2024-06-21 01:32:13,294 - INFO - epoch average loss: 0.387316
2024-06-21 01:32:13,294 - INFO - 开始测试第9轮模型效果：
2024-06-21 01:32:13,347 - INFO - 预测集合条目总量：2398
2024-06-21 01:32:13,347 - INFO - 预测正确条目：1977，预测错误条目：421
2024-06-21 01:32:13,347 - INFO - 预测准确率：0.824437
2024-06-21 01:32:13,347 - INFO - --------------------
2024-06-21 01:32:13,347 - INFO - epoch 10 begin
2024-06-21 01:32:13,350 - INFO - batch loss 0.557549
2024-06-21 01:32:13,765 - INFO - batch loss 0.279351
2024-06-21 01:32:14,158 - INFO - epoch average loss: 0.381780
2024-06-21 01:32:14,158 - INFO - 开始测试第10轮模型效果：
2024-06-21 01:32:14,209 - INFO - 预测集合条目总量：2398
2024-06-21 01:32:14,209 - INFO - 预测正确条目：1981，预测错误条目：417
2024-06-21 01:32:14,209 - INFO - 预测准确率：0.826105
2024-06-21 01:32:14,209 - INFO - --------------------
2024-06-21 01:32:14,209 - INFO - epoch 11 begin
2024-06-21 01:32:14,212 - INFO - batch loss 0.202185
2024-06-21 01:32:14,616 - INFO - batch loss 0.241556
2024-06-21 01:32:15,015 - INFO - epoch average loss: 0.377531
2024-06-21 01:32:15,016 - INFO - 开始测试第11轮模型效果：
2024-06-21 01:32:15,065 - INFO - 预测集合条目总量：2398
2024-06-21 01:32:15,065 - INFO - 预测正确条目：1982，预测错误条目：416
2024-06-21 01:32:15,065 - INFO - 预测准确率：0.826522
2024-06-21 01:32:15,065 - INFO - --------------------
2024-06-21 01:32:15,066 - INFO - epoch 12 begin
2024-06-21 01:32:15,069 - INFO - batch loss 0.456029
2024-06-21 01:32:15,471 - INFO - batch loss 0.301200
2024-06-21 01:32:15,866 - INFO - epoch average loss: 0.371500
2024-06-21 01:32:15,866 - INFO - 开始测试第12轮模型效果：
2024-06-21 01:32:15,919 - INFO - 预测集合条目总量：2398
2024-06-21 01:32:15,919 - INFO - 预测正确条目：1985，预测错误条目：413
2024-06-21 01:32:15,919 - INFO - 预测准确率：0.827773
2024-06-21 01:32:15,919 - INFO - --------------------
2024-06-21 01:32:15,919 - INFO - epoch 13 begin
2024-06-21 01:32:15,922 - INFO - batch loss 0.406670
2024-06-21 01:32:16,323 - INFO - batch loss 0.340574
2024-06-21 01:32:16,714 - INFO - epoch average loss: 0.368840
2024-06-21 01:32:16,714 - INFO - 开始测试第13轮模型效果：
2024-06-21 01:32:16,767 - INFO - 预测集合条目总量：2398
2024-06-21 01:32:16,767 - INFO - 预测正确条目：1992，预测错误条目：406
2024-06-21 01:32:16,767 - INFO - 预测准确率：0.830692
2024-06-21 01:32:16,767 - INFO - --------------------
2024-06-21 01:32:16,767 - INFO - epoch 14 begin
2024-06-21 01:32:16,770 - INFO - batch loss 0.326669
2024-06-21 01:32:17,168 - INFO - batch loss 0.518650
2024-06-21 01:32:17,558 - INFO - epoch average loss: 0.365701
2024-06-21 01:32:17,558 - INFO - 开始测试第14轮模型效果：
2024-06-21 01:32:17,608 - INFO - 预测集合条目总量：2398
2024-06-21 01:32:17,608 - INFO - 预测正确条目：1996，预测错误条目：402
2024-06-21 01:32:17,608 - INFO - 预测准确率：0.832360
2024-06-21 01:32:17,608 - INFO - --------------------
2024-06-21 01:32:17,608 - INFO - epoch 15 begin
2024-06-21 01:32:17,611 - INFO - batch loss 0.262976
2024-06-21 01:32:18,009 - INFO - batch loss 0.548857
2024-06-21 01:32:18,415 - INFO - epoch average loss: 0.361323
2024-06-21 01:32:18,415 - INFO - 开始测试第15轮模型效果：
2024-06-21 01:32:18,465 - INFO - 预测集合条目总量：2398
2024-06-21 01:32:18,465 - INFO - 预测正确条目：1997，预测错误条目：401
2024-06-21 01:32:18,465 - INFO - 预测准确率：0.832777
2024-06-21 01:32:18,465 - INFO - --------------------
2024-06-21 01:32:18,465 - INFO - Training finished in 12.83 seconds
