2024-06-21 01:25:33,775 - INFO - epoch 1 begin
2024-06-21 01:25:33,797 - INFO - batch loss 0.652708
2024-06-21 01:25:34,322 - INFO - batch loss 0.650710
2024-06-21 01:25:34,838 - INFO - epoch average loss: 0.630124
2024-06-21 01:25:34,838 - INFO - 开始测试第1轮模型效果：
2024-06-21 01:25:34,881 - INFO - 预测集合条目总量：2398
2024-06-21 01:25:34,881 - INFO - 预测正确条目：1598，预测错误条目：800
2024-06-21 01:25:34,881 - INFO - 预测准确率：0.666389
2024-06-21 01:25:34,881 - INFO - --------------------
2024-06-21 01:25:34,882 - INFO - epoch 2 begin
2024-06-21 01:25:34,887 - INFO - batch loss 0.526198
2024-06-21 01:25:35,402 - INFO - batch loss 0.542010
2024-06-21 01:25:35,915 - INFO - epoch average loss: 0.603345
2024-06-21 01:25:35,915 - INFO - 开始测试第2轮模型效果：
2024-06-21 01:25:35,957 - INFO - 预测集合条目总量：2398
2024-06-21 01:25:35,958 - INFO - 预测正确条目：1646，预测错误条目：752
2024-06-21 01:25:35,958 - INFO - 预测准确率：0.686405
2024-06-21 01:25:35,958 - INFO - --------------------
2024-06-21 01:25:35,958 - INFO - epoch 3 begin
2024-06-21 01:25:35,966 - INFO - batch loss 0.629757
2024-06-21 01:25:36,482 - INFO - batch loss 0.588918
2024-06-21 01:25:36,989 - INFO - epoch average loss: 0.540158
2024-06-21 01:25:36,989 - INFO - 开始测试第3轮模型效果：
2024-06-21 01:25:37,033 - INFO - 预测集合条目总量：2398
2024-06-21 01:25:37,033 - INFO - 预测正确条目：1822，预测错误条目：576
2024-06-21 01:25:37,033 - INFO - 预测准确率：0.759800
2024-06-21 01:25:37,033 - INFO - --------------------
2024-06-21 01:25:37,033 - INFO - epoch 4 begin
2024-06-21 01:25:37,039 - INFO - batch loss 0.513594
2024-06-21 01:25:37,560 - INFO - batch loss 0.519208
2024-06-21 01:25:38,080 - INFO - epoch average loss: 0.477139
2024-06-21 01:25:38,080 - INFO - 开始测试第4轮模型效果：
2024-06-21 01:25:38,123 - INFO - 预测集合条目总量：2398
2024-06-21 01:25:38,123 - INFO - 预测正确条目：1876，预测错误条目：522
2024-06-21 01:25:38,123 - INFO - 预测准确率：0.782319
2024-06-21 01:25:38,123 - INFO - --------------------
2024-06-21 01:25:38,124 - INFO - epoch 5 begin
2024-06-21 01:25:38,131 - INFO - batch loss 0.476528
2024-06-21 01:25:38,654 - INFO - batch loss 0.452612
2024-06-21 01:25:39,170 - INFO - epoch average loss: 0.440825
2024-06-21 01:25:39,170 - INFO - 开始测试第5轮模型效果：
2024-06-21 01:25:39,214 - INFO - 预测集合条目总量：2398
2024-06-21 01:25:39,214 - INFO - 预测正确条目：1905，预测错误条目：493
2024-06-21 01:25:39,214 - INFO - 预测准确率：0.794412
2024-06-21 01:25:39,214 - INFO - --------------------
2024-06-21 01:25:39,214 - INFO - epoch 6 begin
2024-06-21 01:25:39,222 - INFO - batch loss 0.386805
2024-06-21 01:25:39,738 - INFO - batch loss 0.387132
2024-06-21 01:25:40,239 - INFO - epoch average loss: 0.416658
2024-06-21 01:25:40,239 - INFO - 开始测试第6轮模型效果：
2024-06-21 01:25:40,282 - INFO - 预测集合条目总量：2398
2024-06-21 01:25:40,282 - INFO - 预测正确条目：1919，预测错误条目：479
2024-06-21 01:25:40,282 - INFO - 预测准确率：0.800250
2024-06-21 01:25:40,282 - INFO - --------------------
2024-06-21 01:25:40,282 - INFO - epoch 7 begin
2024-06-21 01:25:40,289 - INFO - batch loss 0.507325
2024-06-21 01:25:40,823 - INFO - batch loss 0.310364
2024-06-21 01:25:41,335 - INFO - epoch average loss: 0.398366
2024-06-21 01:25:41,335 - INFO - 开始测试第7轮模型效果：
2024-06-21 01:25:41,378 - INFO - 预测集合条目总量：2398
2024-06-21 01:25:41,378 - INFO - 预测正确条目：1932，预测错误条目：466
2024-06-21 01:25:41,378 - INFO - 预测准确率：0.805671
2024-06-21 01:25:41,378 - INFO - --------------------
2024-06-21 01:25:41,378 - INFO - epoch 8 begin
2024-06-21 01:25:41,386 - INFO - batch loss 0.307372
2024-06-21 01:25:41,907 - INFO - batch loss 0.381657
2024-06-21 01:25:42,433 - INFO - epoch average loss: 0.383114
2024-06-21 01:25:42,433 - INFO - 开始测试第8轮模型效果：
2024-06-21 01:25:42,477 - INFO - 预测集合条目总量：2398
2024-06-21 01:25:42,477 - INFO - 预测正确条目：1944，预测错误条目：454
2024-06-21 01:25:42,477 - INFO - 预测准确率：0.810676
2024-06-21 01:25:42,477 - INFO - --------------------
2024-06-21 01:25:42,477 - INFO - epoch 9 begin
2024-06-21 01:25:42,485 - INFO - batch loss 0.451995
2024-06-21 01:25:43,009 - INFO - batch loss 0.505296
2024-06-21 01:25:43,538 - INFO - epoch average loss: 0.371402
2024-06-21 01:25:43,538 - INFO - 开始测试第9轮模型效果：
2024-06-21 01:25:43,582 - INFO - 预测集合条目总量：2398
2024-06-21 01:25:43,582 - INFO - 预测正确条目：1961，预测错误条目：437
2024-06-21 01:25:43,582 - INFO - 预测准确率：0.817765
2024-06-21 01:25:43,582 - INFO - --------------------
2024-06-21 01:25:43,582 - INFO - epoch 10 begin
2024-06-21 01:25:43,590 - INFO - batch loss 0.436219
2024-06-21 01:25:44,120 - INFO - batch loss 0.527170
2024-06-21 01:25:44,638 - INFO - epoch average loss: 0.361232
2024-06-21 01:25:44,638 - INFO - 开始测试第10轮模型效果：
2024-06-21 01:25:44,682 - INFO - 预测集合条目总量：2398
2024-06-21 01:25:44,682 - INFO - 预测正确条目：1974，预测错误条目：424
2024-06-21 01:25:44,682 - INFO - 预测准确率：0.823186
2024-06-21 01:25:44,682 - INFO - --------------------
2024-06-21 01:25:44,683 - INFO - epoch 11 begin
2024-06-21 01:25:44,690 - INFO - batch loss 0.308025
2024-06-21 01:25:45,218 - INFO - batch loss 0.353253
2024-06-21 01:25:45,739 - INFO - epoch average loss: 0.351316
2024-06-21 01:25:45,739 - INFO - 开始测试第11轮模型效果：
2024-06-21 01:25:45,782 - INFO - 预测集合条目总量：2398
2024-06-21 01:25:45,782 - INFO - 预测正确条目：1984，预测错误条目：414
2024-06-21 01:25:45,782 - INFO - 预测准确率：0.827356
2024-06-21 01:25:45,783 - INFO - --------------------
2024-06-21 01:25:45,783 - INFO - epoch 12 begin
2024-06-21 01:25:45,790 - INFO - batch loss 0.257980
2024-06-21 01:25:46,321 - INFO - batch loss 0.406966
2024-06-21 01:25:46,827 - INFO - epoch average loss: 0.343694
2024-06-21 01:25:46,828 - INFO - 开始测试第12轮模型效果：
2024-06-21 01:25:46,870 - INFO - 预测集合条目总量：2398
2024-06-21 01:25:46,870 - INFO - 预测正确条目：1995，预测错误条目：403
2024-06-21 01:25:46,870 - INFO - 预测准确率：0.831943
2024-06-21 01:25:46,870 - INFO - --------------------
2024-06-21 01:25:46,870 - INFO - epoch 13 begin
2024-06-21 01:25:46,877 - INFO - batch loss 0.358465
2024-06-21 01:25:47,411 - INFO - batch loss 0.346604
2024-06-21 01:25:47,908 - INFO - epoch average loss: 0.336325
2024-06-21 01:25:47,909 - INFO - 开始测试第13轮模型效果：
2024-06-21 01:25:47,952 - INFO - 预测集合条目总量：2398
2024-06-21 01:25:47,952 - INFO - 预测正确条目：2007，预测错误条目：391
2024-06-21 01:25:47,952 - INFO - 预测准确率：0.836947
2024-06-21 01:25:47,952 - INFO - --------------------
2024-06-21 01:25:47,952 - INFO - epoch 14 begin
2024-06-21 01:25:47,959 - INFO - batch loss 0.366125
2024-06-21 01:25:48,510 - INFO - batch loss 0.413275
2024-06-21 01:25:49,017 - INFO - epoch average loss: 0.330041
2024-06-21 01:25:49,017 - INFO - 开始测试第14轮模型效果：
2024-06-21 01:25:49,060 - INFO - 预测集合条目总量：2398
2024-06-21 01:25:49,060 - INFO - 预测正确条目：2009，预测错误条目：389
2024-06-21 01:25:49,060 - INFO - 预测准确率：0.837781
2024-06-21 01:25:49,060 - INFO - --------------------
2024-06-21 01:25:49,060 - INFO - epoch 15 begin
2024-06-21 01:25:49,067 - INFO - batch loss 0.287529
2024-06-21 01:25:49,593 - INFO - batch loss 0.257934
2024-06-21 01:25:50,116 - INFO - epoch average loss: 0.323835
2024-06-21 01:25:50,116 - INFO - 开始测试第15轮模型效果：
2024-06-21 01:25:50,160 - INFO - 预测集合条目总量：2398
2024-06-21 01:25:50,160 - INFO - 预测正确条目：2013，预测错误条目：385
2024-06-21 01:25:50,160 - INFO - 预测准确率：0.839450
2024-06-21 01:25:50,160 - INFO - --------------------
2024-06-21 01:25:50,160 - INFO - Training finished in 16.39 seconds
2024-06-21 01:26:20,976 - INFO - epoch 1 begin
2024-06-21 01:26:20,996 - INFO - batch loss 0.652708
2024-06-21 01:26:21,521 - INFO - batch loss 0.650710
2024-06-21 01:26:22,020 - INFO - epoch average loss: 0.630124
2024-06-21 01:26:22,020 - INFO - 开始测试第1轮模型效果：
2024-06-21 01:26:22,062 - INFO - 预测集合条目总量：2398
2024-06-21 01:26:22,062 - INFO - 预测正确条目：1598，预测错误条目：800
2024-06-21 01:26:22,062 - INFO - 预测准确率：0.666389
2024-06-21 01:26:22,062 - INFO - --------------------
2024-06-21 01:26:22,062 - INFO - epoch 2 begin
2024-06-21 01:26:22,071 - INFO - batch loss 0.526198
2024-06-21 01:26:22,584 - INFO - batch loss 0.542010
2024-06-21 01:26:23,093 - INFO - epoch average loss: 0.603345
2024-06-21 01:26:23,093 - INFO - 开始测试第2轮模型效果：
2024-06-21 01:26:23,135 - INFO - 预测集合条目总量：2398
2024-06-21 01:26:23,135 - INFO - 预测正确条目：1646，预测错误条目：752
2024-06-21 01:26:23,135 - INFO - 预测准确率：0.686405
2024-06-21 01:26:23,135 - INFO - --------------------
2024-06-21 01:26:23,135 - INFO - epoch 3 begin
2024-06-21 01:26:23,143 - INFO - batch loss 0.629757
2024-06-21 01:26:23,655 - INFO - batch loss 0.588918
2024-06-21 01:26:24,168 - INFO - epoch average loss: 0.540158
2024-06-21 01:26:24,168 - INFO - 开始测试第3轮模型效果：
2024-06-21 01:26:24,210 - INFO - 预测集合条目总量：2398
2024-06-21 01:26:24,210 - INFO - 预测正确条目：1822，预测错误条目：576
2024-06-21 01:26:24,210 - INFO - 预测准确率：0.759800
2024-06-21 01:26:24,210 - INFO - --------------------
2024-06-21 01:26:24,210 - INFO - epoch 4 begin
2024-06-21 01:26:24,217 - INFO - batch loss 0.513594
2024-06-21 01:26:24,728 - INFO - batch loss 0.519208
2024-06-21 01:26:25,223 - INFO - epoch average loss: 0.477139
2024-06-21 01:26:25,223 - INFO - 开始测试第4轮模型效果：
2024-06-21 01:26:25,265 - INFO - 预测集合条目总量：2398
2024-06-21 01:26:25,265 - INFO - 预测正确条目：1876，预测错误条目：522
2024-06-21 01:26:25,265 - INFO - 预测准确率：0.782319
2024-06-21 01:26:25,265 - INFO - --------------------
2024-06-21 01:26:25,265 - INFO - epoch 5 begin
2024-06-21 01:26:25,271 - INFO - batch loss 0.476528
2024-06-21 01:26:25,790 - INFO - batch loss 0.452612
2024-06-21 01:26:26,305 - INFO - epoch average loss: 0.440825
2024-06-21 01:26:26,305 - INFO - 开始测试第5轮模型效果：
2024-06-21 01:26:26,348 - INFO - 预测集合条目总量：2398
2024-06-21 01:26:26,348 - INFO - 预测正确条目：1905，预测错误条目：493
2024-06-21 01:26:26,348 - INFO - 预测准确率：0.794412
2024-06-21 01:26:26,348 - INFO - --------------------
2024-06-21 01:26:26,348 - INFO - epoch 6 begin
2024-06-21 01:26:26,355 - INFO - batch loss 0.386805
2024-06-21 01:26:26,876 - INFO - batch loss 0.387132
2024-06-21 01:26:27,372 - INFO - epoch average loss: 0.416658
2024-06-21 01:26:27,372 - INFO - 开始测试第6轮模型效果：
2024-06-21 01:26:27,414 - INFO - 预测集合条目总量：2398
2024-06-21 01:26:27,415 - INFO - 预测正确条目：1919，预测错误条目：479
2024-06-21 01:26:27,415 - INFO - 预测准确率：0.800250
2024-06-21 01:26:27,415 - INFO - --------------------
2024-06-21 01:26:27,415 - INFO - epoch 7 begin
2024-06-21 01:26:27,423 - INFO - batch loss 0.507325
2024-06-21 01:26:27,945 - INFO - batch loss 0.310364
2024-06-21 01:26:28,454 - INFO - epoch average loss: 0.398366
2024-06-21 01:26:28,455 - INFO - 开始测试第7轮模型效果：
2024-06-21 01:26:28,497 - INFO - 预测集合条目总量：2398
2024-06-21 01:26:28,497 - INFO - 预测正确条目：1932，预测错误条目：466
2024-06-21 01:26:28,497 - INFO - 预测准确率：0.805671
2024-06-21 01:26:28,497 - INFO - --------------------
2024-06-21 01:26:28,498 - INFO - epoch 8 begin
2024-06-21 01:26:28,505 - INFO - batch loss 0.307372
2024-06-21 01:26:29,031 - INFO - batch loss 0.381657
2024-06-21 01:26:29,531 - INFO - epoch average loss: 0.383114
2024-06-21 01:26:29,531 - INFO - 开始测试第8轮模型效果：
2024-06-21 01:26:29,574 - INFO - 预测集合条目总量：2398
2024-06-21 01:26:29,574 - INFO - 预测正确条目：1944，预测错误条目：454
2024-06-21 01:26:29,574 - INFO - 预测准确率：0.810676
2024-06-21 01:26:29,574 - INFO - --------------------
2024-06-21 01:26:29,574 - INFO - epoch 9 begin
2024-06-21 01:26:29,581 - INFO - batch loss 0.451995
2024-06-21 01:26:30,100 - INFO - batch loss 0.505296
2024-06-21 01:26:30,609 - INFO - epoch average loss: 0.371402
2024-06-21 01:26:30,609 - INFO - 开始测试第9轮模型效果：
2024-06-21 01:26:30,651 - INFO - 预测集合条目总量：2398
2024-06-21 01:26:30,651 - INFO - 预测正确条目：1961，预测错误条目：437
2024-06-21 01:26:30,651 - INFO - 预测准确率：0.817765
2024-06-21 01:26:30,651 - INFO - --------------------
2024-06-21 01:26:30,651 - INFO - epoch 10 begin
2024-06-21 01:26:30,657 - INFO - batch loss 0.436219
2024-06-21 01:26:31,178 - INFO - batch loss 0.527170
2024-06-21 01:26:31,690 - INFO - epoch average loss: 0.361232
2024-06-21 01:26:31,690 - INFO - 开始测试第10轮模型效果：
2024-06-21 01:26:31,732 - INFO - 预测集合条目总量：2398
2024-06-21 01:26:31,733 - INFO - 预测正确条目：1974，预测错误条目：424
2024-06-21 01:26:31,733 - INFO - 预测准确率：0.823186
2024-06-21 01:26:31,733 - INFO - --------------------
2024-06-21 01:26:31,733 - INFO - epoch 11 begin
2024-06-21 01:26:31,740 - INFO - batch loss 0.308025
2024-06-21 01:26:32,275 - INFO - batch loss 0.353253
2024-06-21 01:26:32,788 - INFO - epoch average loss: 0.351316
2024-06-21 01:26:32,788 - INFO - 开始测试第11轮模型效果：
2024-06-21 01:26:32,830 - INFO - 预测集合条目总量：2398
2024-06-21 01:26:32,830 - INFO - 预测正确条目：1984，预测错误条目：414
2024-06-21 01:26:32,830 - INFO - 预测准确率：0.827356
2024-06-21 01:26:32,830 - INFO - --------------------
2024-06-21 01:26:32,831 - INFO - epoch 12 begin
2024-06-21 01:26:32,837 - INFO - batch loss 0.257980
2024-06-21 01:26:33,351 - INFO - batch loss 0.406966
2024-06-21 01:26:33,850 - INFO - epoch average loss: 0.343694
2024-06-21 01:26:33,850 - INFO - 开始测试第12轮模型效果：
2024-06-21 01:26:33,892 - INFO - 预测集合条目总量：2398
2024-06-21 01:26:33,892 - INFO - 预测正确条目：1995，预测错误条目：403
2024-06-21 01:26:33,892 - INFO - 预测准确率：0.831943
2024-06-21 01:26:33,892 - INFO - --------------------
2024-06-21 01:26:33,892 - INFO - epoch 13 begin
2024-06-21 01:26:33,899 - INFO - batch loss 0.358465
2024-06-21 01:26:34,430 - INFO - batch loss 0.346604
2024-06-21 01:26:34,947 - INFO - epoch average loss: 0.336325
2024-06-21 01:26:34,947 - INFO - 开始测试第13轮模型效果：
2024-06-21 01:26:34,989 - INFO - 预测集合条目总量：2398
2024-06-21 01:26:34,989 - INFO - 预测正确条目：2007，预测错误条目：391
2024-06-21 01:26:34,989 - INFO - 预测准确率：0.836947
2024-06-21 01:26:34,989 - INFO - --------------------
2024-06-21 01:26:34,989 - INFO - epoch 14 begin
2024-06-21 01:26:34,996 - INFO - batch loss 0.366125
2024-06-21 01:26:35,513 - INFO - batch loss 0.413275
2024-06-21 01:26:36,014 - INFO - epoch average loss: 0.330041
2024-06-21 01:26:36,014 - INFO - 开始测试第14轮模型效果：
2024-06-21 01:26:36,057 - INFO - 预测集合条目总量：2398
2024-06-21 01:26:36,057 - INFO - 预测正确条目：2009，预测错误条目：389
2024-06-21 01:26:36,057 - INFO - 预测准确率：0.837781
2024-06-21 01:26:36,057 - INFO - --------------------
2024-06-21 01:26:36,057 - INFO - epoch 15 begin
2024-06-21 01:26:36,065 - INFO - batch loss 0.287529
2024-06-21 01:26:36,564 - INFO - batch loss 0.257934
2024-06-21 01:26:37,066 - INFO - epoch average loss: 0.323835
2024-06-21 01:26:37,066 - INFO - 开始测试第15轮模型效果：
2024-06-21 01:26:37,109 - INFO - 预测集合条目总量：2398
2024-06-21 01:26:37,109 - INFO - 预测正确条目：2013，预测错误条目：385
2024-06-21 01:26:37,109 - INFO - 预测准确率：0.839450
2024-06-21 01:26:37,109 - INFO - --------------------
2024-06-21 01:26:37,109 - INFO - Training finished in 16.13 seconds
2024-06-21 01:30:50,413 - INFO - epoch 1 begin
2024-06-21 01:30:50,437 - INFO - batch loss 0.624453
2024-06-21 01:30:51,057 - INFO - batch loss 0.632489
2024-06-21 01:30:51,675 - INFO - epoch average loss: 0.624174
2024-06-21 01:30:51,675 - INFO - 开始测试第1轮模型效果：
2024-06-21 01:30:51,725 - INFO - 预测集合条目总量：2398
2024-06-21 01:30:51,725 - INFO - 预测正确条目：1598，预测错误条目：800
2024-06-21 01:30:51,725 - INFO - 预测准确率：0.666389
2024-06-21 01:30:51,725 - INFO - --------------------
2024-06-21 01:30:51,725 - INFO - epoch 2 begin
2024-06-21 01:30:51,729 - INFO - batch loss 0.472788
2024-06-21 01:30:52,361 - INFO - batch loss 0.481184
2024-06-21 01:30:52,984 - INFO - epoch average loss: 0.557728
2024-06-21 01:30:52,984 - INFO - 开始测试第2轮模型效果：
2024-06-21 01:30:53,032 - INFO - 预测集合条目总量：2398
2024-06-21 01:30:53,032 - INFO - 预测正确条目：1806，预测错误条目：592
2024-06-21 01:30:53,032 - INFO - 预测准确率：0.753128
2024-06-21 01:30:53,032 - INFO - --------------------
2024-06-21 01:30:53,032 - INFO - epoch 3 begin
2024-06-21 01:30:53,037 - INFO - batch loss 0.492382
2024-06-21 01:30:53,654 - INFO - batch loss 0.550782
2024-06-21 01:30:54,274 - INFO - epoch average loss: 0.471086
2024-06-21 01:30:54,274 - INFO - 开始测试第3轮模型效果：
2024-06-21 01:30:54,321 - INFO - 预测集合条目总量：2398
2024-06-21 01:30:54,321 - INFO - 预测正确条目：1856，预测错误条目：542
2024-06-21 01:30:54,321 - INFO - 预测准确率：0.773978
2024-06-21 01:30:54,321 - INFO - --------------------
2024-06-21 01:30:54,321 - INFO - epoch 4 begin
2024-06-21 01:30:54,325 - INFO - batch loss 0.395466
2024-06-21 01:30:54,959 - INFO - batch loss 0.460557
2024-06-21 01:30:55,582 - INFO - epoch average loss: 0.430117
2024-06-21 01:30:55,582 - INFO - 开始测试第4轮模型效果：
2024-06-21 01:30:55,630 - INFO - 预测集合条目总量：2398
2024-06-21 01:30:55,630 - INFO - 预测正确条目：1919，预测错误条目：479
2024-06-21 01:30:55,630 - INFO - 预测准确率：0.800250
2024-06-21 01:30:55,630 - INFO - --------------------
2024-06-21 01:30:55,630 - INFO - epoch 5 begin
2024-06-21 01:30:55,635 - INFO - batch loss 0.435574
2024-06-21 01:30:56,267 - INFO - batch loss 0.390744
2024-06-21 01:30:56,874 - INFO - epoch average loss: 0.402381
2024-06-21 01:30:56,874 - INFO - 开始测试第5轮模型效果：
2024-06-21 01:30:56,921 - INFO - 预测集合条目总量：2398
2024-06-21 01:30:56,921 - INFO - 预测正确条目：1942，预测错误条目：456
2024-06-21 01:30:56,921 - INFO - 预测准确率：0.809842
2024-06-21 01:30:56,921 - INFO - --------------------
2024-06-21 01:30:56,921 - INFO - epoch 6 begin
2024-06-21 01:30:56,926 - INFO - batch loss 0.408458
2024-06-21 01:30:57,547 - INFO - batch loss 0.506067
2024-06-21 01:30:58,162 - INFO - epoch average loss: 0.382135
2024-06-21 01:30:58,162 - INFO - 开始测试第6轮模型效果：
2024-06-21 01:30:58,211 - INFO - 预测集合条目总量：2398
2024-06-21 01:30:58,211 - INFO - 预测正确条目：1955，预测错误条目：443
2024-06-21 01:30:58,211 - INFO - 预测准确率：0.815263
2024-06-21 01:30:58,211 - INFO - --------------------
2024-06-21 01:30:58,211 - INFO - epoch 7 begin
2024-06-21 01:30:58,215 - INFO - batch loss 0.419274
2024-06-21 01:30:58,842 - INFO - batch loss 0.239964
2024-06-21 01:30:59,455 - INFO - epoch average loss: 0.365191
2024-06-21 01:30:59,456 - INFO - 开始测试第7轮模型效果：
2024-06-21 01:30:59,504 - INFO - 预测集合条目总量：2398
2024-06-21 01:30:59,504 - INFO - 预测正确条目：1968，预测错误条目：430
2024-06-21 01:30:59,504 - INFO - 预测准确率：0.820684
2024-06-21 01:30:59,504 - INFO - --------------------
2024-06-21 01:30:59,504 - INFO - epoch 8 begin
2024-06-21 01:30:59,508 - INFO - batch loss 0.278510
2024-06-21 01:31:00,149 - INFO - batch loss 0.439499
2024-06-21 01:31:00,779 - INFO - epoch average loss: 0.353409
2024-06-21 01:31:00,779 - INFO - 开始测试第8轮模型效果：
2024-06-21 01:31:00,828 - INFO - 预测集合条目总量：2398
2024-06-21 01:31:00,828 - INFO - 预测正确条目：1998，预测错误条目：400
2024-06-21 01:31:00,828 - INFO - 预测准确率：0.833194
2024-06-21 01:31:00,828 - INFO - --------------------
2024-06-21 01:31:00,828 - INFO - epoch 9 begin
2024-06-21 01:31:00,834 - INFO - batch loss 0.269970
2024-06-21 01:31:01,459 - INFO - batch loss 0.420097
2024-06-21 01:31:02,070 - INFO - epoch average loss: 0.342957
2024-06-21 01:31:02,070 - INFO - 开始测试第9轮模型效果：
2024-06-21 01:31:02,120 - INFO - 预测集合条目总量：2398
2024-06-21 01:31:02,120 - INFO - 预测正确条目：2001，预测错误条目：397
2024-06-21 01:31:02,120 - INFO - 预测准确率：0.834445
2024-06-21 01:31:02,120 - INFO - --------------------
2024-06-21 01:31:02,120 - INFO - epoch 10 begin
2024-06-21 01:31:02,125 - INFO - batch loss 0.453548
2024-06-21 01:31:02,756 - INFO - batch loss 0.708103
2024-06-21 01:31:03,362 - INFO - epoch average loss: 0.333284
2024-06-21 01:31:03,362 - INFO - 开始测试第10轮模型效果：
2024-06-21 01:31:03,412 - INFO - 预测集合条目总量：2398
2024-06-21 01:31:03,412 - INFO - 预测正确条目：2008，预测错误条目：390
2024-06-21 01:31:03,412 - INFO - 预测准确率：0.837364
2024-06-21 01:31:03,412 - INFO - --------------------
2024-06-21 01:31:03,412 - INFO - epoch 11 begin
2024-06-21 01:31:03,416 - INFO - batch loss 0.286208
2024-06-21 01:31:04,055 - INFO - batch loss 0.233123
2024-06-21 01:31:04,686 - INFO - epoch average loss: 0.326070
2024-06-21 01:31:04,686 - INFO - 开始测试第11轮模型效果：
2024-06-21 01:31:04,737 - INFO - 预测集合条目总量：2398
2024-06-21 01:31:04,737 - INFO - 预测正确条目：2014，预测错误条目：384
2024-06-21 01:31:04,737 - INFO - 预测准确率：0.839867
2024-06-21 01:31:04,737 - INFO - --------------------
2024-06-21 01:31:04,737 - INFO - epoch 12 begin
2024-06-21 01:31:04,742 - INFO - batch loss 0.179247
2024-06-21 01:31:05,381 - INFO - batch loss 0.341118
2024-06-21 01:31:06,008 - INFO - epoch average loss: 0.319556
2024-06-21 01:31:06,008 - INFO - 开始测试第12轮模型效果：
2024-06-21 01:31:06,058 - INFO - 预测集合条目总量：2398
2024-06-21 01:31:06,058 - INFO - 预测正确条目：2026，预测错误条目：372
2024-06-21 01:31:06,058 - INFO - 预测准确率：0.844871
2024-06-21 01:31:06,058 - INFO - --------------------
2024-06-21 01:31:06,058 - INFO - epoch 13 begin
2024-06-21 01:31:06,064 - INFO - batch loss 0.286495
2024-06-21 01:31:06,704 - INFO - batch loss 0.446832
2024-06-21 01:31:07,322 - INFO - epoch average loss: 0.312232
2024-06-21 01:31:07,322 - INFO - 开始测试第13轮模型效果：
2024-06-21 01:31:07,372 - INFO - 预测集合条目总量：2398
2024-06-21 01:31:07,372 - INFO - 预测正确条目：2028，预测错误条目：370
2024-06-21 01:31:07,372 - INFO - 预测准确率：0.845705
2024-06-21 01:31:07,372 - INFO - --------------------
2024-06-21 01:31:07,372 - INFO - epoch 14 begin
2024-06-21 01:31:07,376 - INFO - batch loss 0.414558
2024-06-21 01:31:07,998 - INFO - batch loss 0.281811
2024-06-21 01:31:08,632 - INFO - epoch average loss: 0.306300
2024-06-21 01:31:08,632 - INFO - 开始测试第14轮模型效果：
2024-06-21 01:31:08,681 - INFO - 预测集合条目总量：2398
2024-06-21 01:31:08,682 - INFO - 预测正确条目：2034，预测错误条目：364
2024-06-21 01:31:08,682 - INFO - 预测准确率：0.848207
2024-06-21 01:31:08,682 - INFO - --------------------
2024-06-21 01:31:08,682 - INFO - epoch 15 begin
2024-06-21 01:31:08,686 - INFO - batch loss 0.182766
2024-06-21 01:31:09,306 - INFO - batch loss 0.237717
2024-06-21 01:31:09,935 - INFO - epoch average loss: 0.299545
2024-06-21 01:31:09,935 - INFO - 开始测试第15轮模型效果：
2024-06-21 01:31:09,986 - INFO - 预测集合条目总量：2398
2024-06-21 01:31:09,986 - INFO - 预测正确条目：2031，预测错误条目：367
2024-06-21 01:31:09,986 - INFO - 预测准确率：0.846956
2024-06-21 01:31:09,986 - INFO - --------------------
2024-06-21 01:31:09,986 - INFO - Training finished in 19.57 seconds
