2024-06-21 01:16:22,344 - INFO - epoch 1 begin
2024-06-21 01:16:22,362 - INFO - batch loss 0.615587
2024-06-21 01:16:22,528 - INFO - batch loss 0.625988
2024-06-21 01:16:22,688 - INFO - epoch average loss: 0.625858
2024-06-21 01:16:22,688 - INFO - 开始测试第1轮模型效果：
2024-06-21 01:16:22,713 - INFO - 预测集合条目总量：2398
2024-06-21 01:16:22,714 - INFO - 预测正确条目：1599，预测错误条目：799
2024-06-21 01:16:22,714 - INFO - 预测准确率：0.666806
2024-06-21 01:16:22,714 - INFO - --------------------
2024-06-21 01:16:22,714 - INFO - epoch 2 begin
2024-06-21 01:16:22,716 - INFO - batch loss 0.660091
2024-06-21 01:16:22,872 - INFO - batch loss 0.551650
2024-06-21 01:16:23,027 - INFO - epoch average loss: 0.607942
2024-06-21 01:16:23,027 - INFO - 开始测试第2轮模型效果：
2024-06-21 01:16:23,053 - INFO - 预测集合条目总量：2398
2024-06-21 01:16:23,053 - INFO - 预测正确条目：1621，预测错误条目：777
2024-06-21 01:16:23,053 - INFO - 预测准确率：0.675980
2024-06-21 01:16:23,053 - INFO - --------------------
2024-06-21 01:16:23,053 - INFO - epoch 3 begin
2024-06-21 01:16:23,056 - INFO - batch loss 0.622235
2024-06-21 01:16:23,216 - INFO - batch loss 0.521521
2024-06-21 01:16:23,377 - INFO - epoch average loss: 0.576313
2024-06-21 01:16:23,377 - INFO - 开始测试第3轮模型效果：
2024-06-21 01:16:23,403 - INFO - 预测集合条目总量：2398
2024-06-21 01:16:23,403 - INFO - 预测正确条目：1733，预测错误条目：665
2024-06-21 01:16:23,403 - INFO - 预测准确率：0.722686
2024-06-21 01:16:23,403 - INFO - --------------------
2024-06-21 01:16:23,403 - INFO - epoch 4 begin
2024-06-21 01:16:23,405 - INFO - batch loss 0.477517
2024-06-21 01:16:23,564 - INFO - batch loss 0.585323
2024-06-21 01:16:23,723 - INFO - epoch average loss: 0.536662
2024-06-21 01:16:23,723 - INFO - 开始测试第4轮模型效果：
2024-06-21 01:16:23,749 - INFO - 预测集合条目总量：2398
2024-06-21 01:16:23,749 - INFO - 预测正确条目：1805，预测错误条目：593
2024-06-21 01:16:23,749 - INFO - 预测准确率：0.752711
2024-06-21 01:16:23,749 - INFO - --------------------
2024-06-21 01:16:23,750 - INFO - epoch 5 begin
2024-06-21 01:16:23,752 - INFO - batch loss 0.523876
2024-06-21 01:16:23,905 - INFO - batch loss 0.483815
2024-06-21 01:16:24,066 - INFO - epoch average loss: 0.507205
2024-06-21 01:16:24,066 - INFO - 开始测试第5轮模型效果：
2024-06-21 01:16:24,091 - INFO - 预测集合条目总量：2398
2024-06-21 01:16:24,091 - INFO - 预测正确条目：1828，预测错误条目：570
2024-06-21 01:16:24,091 - INFO - 预测准确率：0.762302
2024-06-21 01:16:24,091 - INFO - --------------------
2024-06-21 01:16:24,091 - INFO - epoch 6 begin
2024-06-21 01:16:24,093 - INFO - batch loss 0.438069
2024-06-21 01:16:24,249 - INFO - batch loss 0.383002
2024-06-21 01:16:24,411 - INFO - epoch average loss: 0.484106
2024-06-21 01:16:24,411 - INFO - 开始测试第6轮模型效果：
2024-06-21 01:16:24,436 - INFO - 预测集合条目总量：2398
2024-06-21 01:16:24,436 - INFO - 预测正确条目：1845，预测错误条目：553
2024-06-21 01:16:24,436 - INFO - 预测准确率：0.769391
2024-06-21 01:16:24,436 - INFO - --------------------
2024-06-21 01:16:24,436 - INFO - epoch 7 begin
2024-06-21 01:16:24,438 - INFO - batch loss 0.458812
2024-06-21 01:16:24,600 - INFO - batch loss 0.437622
2024-06-21 01:16:24,758 - INFO - epoch average loss: 0.466870
2024-06-21 01:16:24,758 - INFO - 开始测试第7轮模型效果：
2024-06-21 01:16:24,783 - INFO - 预测集合条目总量：2398
2024-06-21 01:16:24,783 - INFO - 预测正确条目：1863，预测错误条目：535
2024-06-21 01:16:24,783 - INFO - 预测准确率：0.776897
2024-06-21 01:16:24,783 - INFO - --------------------
2024-06-21 01:16:24,783 - INFO - epoch 8 begin
2024-06-21 01:16:24,785 - INFO - batch loss 0.500068
2024-06-21 01:16:24,944 - INFO - batch loss 0.447964
2024-06-21 01:16:25,105 - INFO - epoch average loss: 0.453241
2024-06-21 01:16:25,105 - INFO - 开始测试第8轮模型效果：
2024-06-21 01:16:25,131 - INFO - 预测集合条目总量：2398
2024-06-21 01:16:25,131 - INFO - 预测正确条目：1880，预测错误条目：518
2024-06-21 01:16:25,131 - INFO - 预测准确率：0.783987
2024-06-21 01:16:25,131 - INFO - --------------------
2024-06-21 01:16:25,131 - INFO - epoch 9 begin
2024-06-21 01:16:25,133 - INFO - batch loss 0.436927
2024-06-21 01:16:25,289 - INFO - batch loss 0.440189
2024-06-21 01:16:25,450 - INFO - epoch average loss: 0.440100
2024-06-21 01:16:25,450 - INFO - 开始测试第9轮模型效果：
2024-06-21 01:16:25,475 - INFO - 预测集合条目总量：2398
2024-06-21 01:16:25,475 - INFO - 预测正确条目：1890，预测错误条目：508
2024-06-21 01:16:25,475 - INFO - 预测准确率：0.788157
2024-06-21 01:16:25,475 - INFO - --------------------
2024-06-21 01:16:25,475 - INFO - epoch 10 begin
2024-06-21 01:16:25,477 - INFO - batch loss 0.401516
2024-06-21 01:16:25,640 - INFO - batch loss 0.300655
2024-06-21 01:16:25,798 - INFO - epoch average loss: 0.430479
2024-06-21 01:16:25,798 - INFO - 开始测试第10轮模型效果：
2024-06-21 01:16:25,823 - INFO - 预测集合条目总量：2398
2024-06-21 01:16:25,823 - INFO - 预测正确条目：1896，预测错误条目：502
2024-06-21 01:16:25,823 - INFO - 预测准确率：0.790659
2024-06-21 01:16:25,823 - INFO - --------------------
2024-06-21 01:16:25,823 - INFO - epoch 11 begin
2024-06-21 01:16:25,825 - INFO - batch loss 0.342144
2024-06-21 01:16:25,982 - INFO - batch loss 0.358701
2024-06-21 01:16:26,148 - INFO - epoch average loss: 0.419737
2024-06-21 01:16:26,148 - INFO - 开始测试第11轮模型效果：
2024-06-21 01:16:26,172 - INFO - 预测集合条目总量：2398
2024-06-21 01:16:26,172 - INFO - 预测正确条目：1915，预测错误条目：483
2024-06-21 01:16:26,172 - INFO - 预测准确率：0.798582
2024-06-21 01:16:26,172 - INFO - --------------------
2024-06-21 01:16:26,172 - INFO - epoch 12 begin
2024-06-21 01:16:26,174 - INFO - batch loss 0.369322
2024-06-21 01:16:26,332 - INFO - batch loss 0.414557
2024-06-21 01:16:26,493 - INFO - epoch average loss: 0.410111
2024-06-21 01:16:26,493 - INFO - 开始测试第12轮模型效果：
2024-06-21 01:16:26,520 - INFO - 预测集合条目总量：2398
2024-06-21 01:16:26,520 - INFO - 预测正确条目：1920，预测错误条目：478
2024-06-21 01:16:26,520 - INFO - 预测准确率：0.800667
2024-06-21 01:16:26,520 - INFO - --------------------
2024-06-21 01:16:26,520 - INFO - epoch 13 begin
2024-06-21 01:16:26,523 - INFO - batch loss 0.464207
2024-06-21 01:16:26,680 - INFO - batch loss 0.391841
2024-06-21 01:16:26,844 - INFO - epoch average loss: 0.398185
2024-06-21 01:16:26,844 - INFO - 开始测试第13轮模型效果：
2024-06-21 01:16:26,869 - INFO - 预测集合条目总量：2398
2024-06-21 01:16:26,869 - INFO - 预测正确条目：1946，预测错误条目：452
2024-06-21 01:16:26,869 - INFO - 预测准确率：0.811510
2024-06-21 01:16:26,869 - INFO - --------------------
2024-06-21 01:16:26,869 - INFO - epoch 14 begin
2024-06-21 01:16:26,871 - INFO - batch loss 0.357559
2024-06-21 01:16:27,024 - INFO - batch loss 0.373079
2024-06-21 01:16:27,186 - INFO - epoch average loss: 0.385506
2024-06-21 01:16:27,186 - INFO - 开始测试第14轮模型效果：
2024-06-21 01:16:27,211 - INFO - 预测集合条目总量：2398
2024-06-21 01:16:27,211 - INFO - 预测正确条目：1962，预测错误条目：436
2024-06-21 01:16:27,211 - INFO - 预测准确率：0.818182
2024-06-21 01:16:27,211 - INFO - --------------------
2024-06-21 01:16:27,211 - INFO - epoch 15 begin
2024-06-21 01:16:27,213 - INFO - batch loss 0.438364
2024-06-21 01:16:27,369 - INFO - batch loss 0.342796
2024-06-21 01:16:27,530 - INFO - epoch average loss: 0.374119
2024-06-21 01:16:27,530 - INFO - 开始测试第15轮模型效果：
2024-06-21 01:16:27,554 - INFO - 预测集合条目总量：2398
2024-06-21 01:16:27,554 - INFO - 预测正确条目：1966，预测错误条目：432
2024-06-21 01:16:27,554 - INFO - 预测准确率：0.819850
2024-06-21 01:16:27,554 - INFO - --------------------
2024-06-21 01:16:27,554 - INFO - Training finished in 5.21 seconds
2024-06-21 01:16:57,274 - INFO - epoch 1 begin
2024-06-21 01:16:57,294 - INFO - batch loss 0.695035
2024-06-21 01:16:57,574 - INFO - batch loss 0.565539
2024-06-21 01:16:57,835 - INFO - epoch average loss: 0.638482
2024-06-21 01:16:57,835 - INFO - 开始测试第1轮模型效果：
2024-06-21 01:16:57,871 - INFO - 预测集合条目总量：2398
2024-06-21 01:16:57,871 - INFO - 预测正确条目：1598，预测错误条目：800
2024-06-21 01:16:57,871 - INFO - 预测准确率：0.666389
2024-06-21 01:16:57,871 - INFO - --------------------
2024-06-21 01:16:57,871 - INFO - epoch 2 begin
2024-06-21 01:16:57,875 - INFO - batch loss 0.618044
2024-06-21 01:16:58,146 - INFO - batch loss 0.658468
2024-06-21 01:16:58,414 - INFO - epoch average loss: 0.624246
2024-06-21 01:16:58,414 - INFO - 开始测试第2轮模型效果：
2024-06-21 01:16:58,450 - INFO - 预测集合条目总量：2398
2024-06-21 01:16:58,450 - INFO - 预测正确条目：1598，预测错误条目：800
2024-06-21 01:16:58,450 - INFO - 预测准确率：0.666389
2024-06-21 01:16:58,450 - INFO - --------------------
2024-06-21 01:16:58,450 - INFO - epoch 3 begin
2024-06-21 01:16:58,454 - INFO - batch loss 0.609289
2024-06-21 01:16:58,727 - INFO - batch loss 0.552347
2024-06-21 01:16:58,992 - INFO - epoch average loss: 0.593383
2024-06-21 01:16:58,992 - INFO - 开始测试第3轮模型效果：
2024-06-21 01:16:59,027 - INFO - 预测集合条目总量：2398
2024-06-21 01:16:59,027 - INFO - 预测正确条目：1737，预测错误条目：661
2024-06-21 01:16:59,027 - INFO - 预测准确率：0.724354
2024-06-21 01:16:59,027 - INFO - --------------------
2024-06-21 01:16:59,028 - INFO - epoch 4 begin
2024-06-21 01:16:59,046 - INFO - batch loss 0.559765
2024-06-21 01:16:59,362 - INFO - batch loss 0.525185
2024-06-21 01:16:59,632 - INFO - epoch average loss: 0.545619
2024-06-21 01:16:59,632 - INFO - 开始测试第4轮模型效果：
2024-06-21 01:16:59,668 - INFO - 预测集合条目总量：2398
2024-06-21 01:16:59,668 - INFO - 预测正确条目：1793，预测错误条目：605
2024-06-21 01:16:59,668 - INFO - 预测准确率：0.747706
2024-06-21 01:16:59,668 - INFO - --------------------
2024-06-21 01:16:59,669 - INFO - epoch 5 begin
2024-06-21 01:16:59,672 - INFO - batch loss 0.543375
2024-06-21 01:16:59,940 - INFO - batch loss 0.504990
2024-06-21 01:17:00,214 - INFO - epoch average loss: 0.500761
2024-06-21 01:17:00,214 - INFO - 开始测试第5轮模型效果：
2024-06-21 01:17:00,251 - INFO - 预测集合条目总量：2398
2024-06-21 01:17:00,252 - INFO - 预测正确条目：1864，预测错误条目：534
2024-06-21 01:17:00,252 - INFO - 预测准确率：0.777314
2024-06-21 01:17:00,252 - INFO - --------------------
2024-06-21 01:17:00,252 - INFO - epoch 6 begin
2024-06-21 01:17:00,256 - INFO - batch loss 0.427505
2024-06-21 01:17:00,533 - INFO - batch loss 0.343779
2024-06-21 01:17:00,797 - INFO - epoch average loss: 0.465895
2024-06-21 01:17:00,797 - INFO - 开始测试第6轮模型效果：
2024-06-21 01:17:00,833 - INFO - 预测集合条目总量：2398
2024-06-21 01:17:00,833 - INFO - 预测正确条目：1902，预测错误条目：496
2024-06-21 01:17:00,833 - INFO - 预测准确率：0.793161
2024-06-21 01:17:00,833 - INFO - --------------------
2024-06-21 01:17:00,833 - INFO - epoch 7 begin
2024-06-21 01:17:00,837 - INFO - batch loss 0.455757
2024-06-21 01:17:01,112 - INFO - batch loss 0.382772
2024-06-21 01:17:01,384 - INFO - epoch average loss: 0.441326
2024-06-21 01:17:01,384 - INFO - 开始测试第7轮模型效果：
2024-06-21 01:17:01,421 - INFO - 预测集合条目总量：2398
2024-06-21 01:17:01,421 - INFO - 预测正确条目：1933，预测错误条目：465
2024-06-21 01:17:01,421 - INFO - 预测准确率：0.806088
2024-06-21 01:17:01,421 - INFO - --------------------
2024-06-21 01:17:01,421 - INFO - epoch 8 begin
2024-06-21 01:17:01,425 - INFO - batch loss 0.396095
2024-06-21 01:17:01,699 - INFO - batch loss 0.500727
2024-06-21 01:17:01,965 - INFO - epoch average loss: 0.424466
2024-06-21 01:17:01,965 - INFO - 开始测试第8轮模型效果：
2024-06-21 01:17:02,002 - INFO - 预测集合条目总量：2398
2024-06-21 01:17:02,003 - INFO - 预测正确条目：1942，预测错误条目：456
2024-06-21 01:17:02,003 - INFO - 预测准确率：0.809842
2024-06-21 01:17:02,003 - INFO - --------------------
2024-06-21 01:17:02,003 - INFO - epoch 9 begin
2024-06-21 01:17:02,007 - INFO - batch loss 0.414371
2024-06-21 01:17:02,333 - INFO - batch loss 0.346931
2024-06-21 01:17:02,610 - INFO - epoch average loss: 0.410875
2024-06-21 01:17:02,610 - INFO - 开始测试第9轮模型效果：
2024-06-21 01:17:02,648 - INFO - 预测集合条目总量：2398
2024-06-21 01:17:02,648 - INFO - 预测正确条目：1959，预测错误条目：439
2024-06-21 01:17:02,648 - INFO - 预测准确率：0.816931
2024-06-21 01:17:02,648 - INFO - --------------------
2024-06-21 01:17:02,648 - INFO - epoch 10 begin
2024-06-21 01:17:02,653 - INFO - batch loss 0.423544
2024-06-21 01:17:02,933 - INFO - batch loss 0.270559
2024-06-21 01:17:03,207 - INFO - epoch average loss: 0.399842
2024-06-21 01:17:03,207 - INFO - 开始测试第10轮模型效果：
2024-06-21 01:17:03,243 - INFO - 预测集合条目总量：2398
2024-06-21 01:17:03,243 - INFO - 预测正确条目：1971，预测错误条目：427
2024-06-21 01:17:03,243 - INFO - 预测准确率：0.821935
2024-06-21 01:17:03,243 - INFO - --------------------
2024-06-21 01:17:03,243 - INFO - epoch 11 begin
2024-06-21 01:17:03,247 - INFO - batch loss 0.472151
2024-06-21 01:17:03,525 - INFO - batch loss 0.337698
2024-06-21 01:17:03,790 - INFO - epoch average loss: 0.393311
2024-06-21 01:17:03,790 - INFO - 开始测试第11轮模型效果：
2024-06-21 01:17:03,826 - INFO - 预测集合条目总量：2398
2024-06-21 01:17:03,826 - INFO - 预测正确条目：1967，预测错误条目：431
2024-06-21 01:17:03,826 - INFO - 预测准确率：0.820267
2024-06-21 01:17:03,827 - INFO - --------------------
2024-06-21 01:17:03,827 - INFO - epoch 12 begin
2024-06-21 01:17:03,830 - INFO - batch loss 0.311581
2024-06-21 01:17:04,103 - INFO - batch loss 0.439400
2024-06-21 01:17:04,369 - INFO - epoch average loss: 0.382857
2024-06-21 01:17:04,369 - INFO - 开始测试第12轮模型效果：
2024-06-21 01:17:04,406 - INFO - 预测集合条目总量：2398
2024-06-21 01:17:04,406 - INFO - 预测正确条目：1969，预测错误条目：429
2024-06-21 01:17:04,406 - INFO - 预测准确率：0.821101
2024-06-21 01:17:04,406 - INFO - --------------------
2024-06-21 01:17:04,406 - INFO - epoch 13 begin
2024-06-21 01:17:04,410 - INFO - batch loss 0.353048
2024-06-21 01:17:04,685 - INFO - batch loss 0.401275
2024-06-21 01:17:04,954 - INFO - epoch average loss: 0.375939
2024-06-21 01:17:04,954 - INFO - 开始测试第13轮模型效果：
2024-06-21 01:17:04,991 - INFO - 预测集合条目总量：2398
2024-06-21 01:17:04,992 - INFO - 预测正确条目：2000，预测错误条目：398
2024-06-21 01:17:04,992 - INFO - 预测准确率：0.834028
2024-06-21 01:17:04,992 - INFO - --------------------
2024-06-21 01:17:04,992 - INFO - epoch 14 begin
2024-06-21 01:17:04,995 - INFO - batch loss 0.360825
2024-06-21 01:17:05,269 - INFO - batch loss 0.558850
2024-06-21 01:17:05,534 - INFO - epoch average loss: 0.368074
2024-06-21 01:17:05,534 - INFO - 开始测试第14轮模型效果：
2024-06-21 01:17:05,569 - INFO - 预测集合条目总量：2398
2024-06-21 01:17:05,569 - INFO - 预测正确条目：1998，预测错误条目：400
2024-06-21 01:17:05,569 - INFO - 预测准确率：0.833194
2024-06-21 01:17:05,569 - INFO - --------------------
2024-06-21 01:17:05,569 - INFO - epoch 15 begin
2024-06-21 01:17:05,573 - INFO - batch loss 0.457971
2024-06-21 01:17:05,846 - INFO - batch loss 0.433694
2024-06-21 01:17:06,108 - INFO - epoch average loss: 0.360464
2024-06-21 01:17:06,108 - INFO - 开始测试第15轮模型效果：
2024-06-21 01:17:06,147 - INFO - 预测集合条目总量：2398
2024-06-21 01:17:06,147 - INFO - 预测正确条目：2004，预测错误条目：394
2024-06-21 01:17:06,147 - INFO - 预测准确率：0.835696
2024-06-21 01:17:06,147 - INFO - --------------------
2024-06-21 01:17:06,147 - INFO - Training finished in 8.87 seconds
2024-06-21 01:33:07,922 - INFO - epoch 1 begin
2024-06-21 01:33:07,938 - INFO - batch loss 0.603680
2024-06-21 01:33:08,117 - INFO - batch loss 0.608529
2024-06-21 01:33:08,297 - INFO - epoch average loss: 0.621966
2024-06-21 01:33:08,297 - INFO - 开始测试第1轮模型效果：
2024-06-21 01:33:08,323 - INFO - 预测集合条目总量：2398
2024-06-21 01:33:08,323 - INFO - 预测正确条目：1599，预测错误条目：799
2024-06-21 01:33:08,323 - INFO - 预测准确率：0.666806
2024-06-21 01:33:08,323 - INFO - --------------------
2024-06-21 01:33:08,323 - INFO - epoch 2 begin
2024-06-21 01:33:08,325 - INFO - batch loss 0.598695
2024-06-21 01:33:08,502 - INFO - batch loss 0.555016
2024-06-21 01:33:08,681 - INFO - epoch average loss: 0.586402
2024-06-21 01:33:08,681 - INFO - 开始测试第2轮模型效果：
2024-06-21 01:33:08,705 - INFO - 预测集合条目总量：2398
2024-06-21 01:33:08,705 - INFO - 预测正确条目：1717，预测错误条目：681
2024-06-21 01:33:08,705 - INFO - 预测准确率：0.716013
2024-06-21 01:33:08,705 - INFO - --------------------
2024-06-21 01:33:08,705 - INFO - epoch 3 begin
2024-06-21 01:33:08,706 - INFO - batch loss 0.543551
2024-06-21 01:33:08,882 - INFO - batch loss 0.499774
2024-06-21 01:33:09,066 - INFO - epoch average loss: 0.532008
2024-06-21 01:33:09,066 - INFO - 开始测试第3轮模型效果：
2024-06-21 01:33:09,089 - INFO - 预测集合条目总量：2398
2024-06-21 01:33:09,089 - INFO - 预测正确条目：1807，预测错误条目：591
2024-06-21 01:33:09,089 - INFO - 预测准确率：0.753545
2024-06-21 01:33:09,089 - INFO - --------------------
2024-06-21 01:33:09,089 - INFO - epoch 4 begin
2024-06-21 01:33:09,091 - INFO - batch loss 0.479259
2024-06-21 01:33:09,279 - INFO - batch loss 0.477796
2024-06-21 01:33:09,455 - INFO - epoch average loss: 0.494400
2024-06-21 01:33:09,455 - INFO - 开始测试第4轮模型效果：
2024-06-21 01:33:09,481 - INFO - 预测集合条目总量：2398
2024-06-21 01:33:09,481 - INFO - 预测正确条目：1843，预测错误条目：555
2024-06-21 01:33:09,481 - INFO - 预测准确率：0.768557
2024-06-21 01:33:09,481 - INFO - --------------------
2024-06-21 01:33:09,481 - INFO - epoch 5 begin
2024-06-21 01:33:09,482 - INFO - batch loss 0.435457
2024-06-21 01:33:09,663 - INFO - batch loss 0.449039
2024-06-21 01:33:09,840 - INFO - epoch average loss: 0.468909
2024-06-21 01:33:09,840 - INFO - 开始测试第5轮模型效果：
2024-06-21 01:33:09,863 - INFO - 预测集合条目总量：2398
2024-06-21 01:33:09,863 - INFO - 预测正确条目：1854，预测错误条目：544
2024-06-21 01:33:09,863 - INFO - 预测准确率：0.773144
2024-06-21 01:33:09,863 - INFO - --------------------
2024-06-21 01:33:09,863 - INFO - epoch 6 begin
2024-06-21 01:33:09,865 - INFO - batch loss 0.396412
2024-06-21 01:33:10,057 - INFO - batch loss 0.286696
2024-06-21 01:33:10,229 - INFO - epoch average loss: 0.448645
2024-06-21 01:33:10,229 - INFO - 开始测试第6轮模型效果：
2024-06-21 01:33:10,252 - INFO - 预测集合条目总量：2398
2024-06-21 01:33:10,252 - INFO - 预测正确条目：1882，预测错误条目：516
2024-06-21 01:33:10,252 - INFO - 预测准确率：0.784821
2024-06-21 01:33:10,252 - INFO - --------------------
2024-06-21 01:33:10,252 - INFO - epoch 7 begin
2024-06-21 01:33:10,254 - INFO - batch loss 0.367537
2024-06-21 01:33:10,445 - INFO - batch loss 0.313706
2024-06-21 01:33:10,614 - INFO - epoch average loss: 0.431103
2024-06-21 01:33:10,614 - INFO - 开始测试第7轮模型效果：
2024-06-21 01:33:10,638 - INFO - 预测集合条目总量：2398
2024-06-21 01:33:10,639 - INFO - 预测正确条目：1903，预测错误条目：495
2024-06-21 01:33:10,639 - INFO - 预测准确率：0.793578
2024-06-21 01:33:10,639 - INFO - --------------------
2024-06-21 01:33:10,639 - INFO - epoch 8 begin
2024-06-21 01:33:10,640 - INFO - batch loss 0.478827
2024-06-21 01:33:10,825 - INFO - batch loss 0.480119
2024-06-21 01:33:10,998 - INFO - epoch average loss: 0.413986
2024-06-21 01:33:10,998 - INFO - 开始测试第8轮模型效果：
2024-06-21 01:33:11,023 - INFO - 预测集合条目总量：2398
2024-06-21 01:33:11,024 - INFO - 预测正确条目：1934，预测错误条目：464
2024-06-21 01:33:11,024 - INFO - 预测准确率：0.806505
2024-06-21 01:33:11,024 - INFO - --------------------
2024-06-21 01:33:11,024 - INFO - epoch 9 begin
2024-06-21 01:33:11,025 - INFO - batch loss 0.512851
2024-06-21 01:33:11,216 - INFO - batch loss 0.430677
2024-06-21 01:33:11,389 - INFO - epoch average loss: 0.395386
2024-06-21 01:33:11,389 - INFO - 开始测试第9轮模型效果：
2024-06-21 01:33:11,412 - INFO - 预测集合条目总量：2398
2024-06-21 01:33:11,412 - INFO - 预测正确条目：1961，预测错误条目：437
2024-06-21 01:33:11,412 - INFO - 预测准确率：0.817765
2024-06-21 01:33:11,412 - INFO - --------------------
2024-06-21 01:33:11,412 - INFO - epoch 10 begin
2024-06-21 01:33:11,413 - INFO - batch loss 0.430119
2024-06-21 01:33:11,598 - INFO - batch loss 0.213659
2024-06-21 01:33:11,768 - INFO - epoch average loss: 0.381368
2024-06-21 01:33:11,768 - INFO - 开始测试第10轮模型效果：
2024-06-21 01:33:11,792 - INFO - 预测集合条目总量：2398
2024-06-21 01:33:11,792 - INFO - 预测正确条目：1964，预测错误条目：434
2024-06-21 01:33:11,792 - INFO - 预测准确率：0.819016
2024-06-21 01:33:11,792 - INFO - --------------------
2024-06-21 01:33:11,792 - INFO - epoch 11 begin
2024-06-21 01:33:11,793 - INFO - batch loss 0.275986
2024-06-21 01:33:11,985 - INFO - batch loss 0.370542
2024-06-21 01:33:12,159 - INFO - epoch average loss: 0.371067
2024-06-21 01:33:12,159 - INFO - 开始测试第11轮模型效果：
2024-06-21 01:33:12,182 - INFO - 预测集合条目总量：2398
2024-06-21 01:33:12,182 - INFO - 预测正确条目：1983，预测错误条目：415
2024-06-21 01:33:12,182 - INFO - 预测准确率：0.826939
2024-06-21 01:33:12,182 - INFO - --------------------
2024-06-21 01:33:12,183 - INFO - epoch 12 begin
2024-06-21 01:33:12,184 - INFO - batch loss 0.312850
2024-06-21 01:33:12,370 - INFO - batch loss 0.254151
2024-06-21 01:33:12,556 - INFO - epoch average loss: 0.364291
2024-06-21 01:33:12,556 - INFO - 开始测试第12轮模型效果：
2024-06-21 01:33:12,580 - INFO - 预测集合条目总量：2398
2024-06-21 01:33:12,580 - INFO - 预测正确条目：2003，预测错误条目：395
2024-06-21 01:33:12,580 - INFO - 预测准确率：0.835279
2024-06-21 01:33:12,580 - INFO - --------------------
2024-06-21 01:33:12,580 - INFO - epoch 13 begin
2024-06-21 01:33:12,582 - INFO - batch loss 0.618616
2024-06-21 01:33:12,765 - INFO - batch loss 0.357567
2024-06-21 01:33:12,947 - INFO - epoch average loss: 0.358247
2024-06-21 01:33:12,947 - INFO - 开始测试第13轮模型效果：
2024-06-21 01:33:12,971 - INFO - 预测集合条目总量：2398
2024-06-21 01:33:12,971 - INFO - 预测正确条目：2005，预测错误条目：393
2024-06-21 01:33:12,971 - INFO - 预测准确率：0.836113
2024-06-21 01:33:12,971 - INFO - --------------------
2024-06-21 01:33:12,971 - INFO - epoch 14 begin
2024-06-21 01:33:12,973 - INFO - batch loss 0.401538
2024-06-21 01:33:13,154 - INFO - batch loss 0.166338
2024-06-21 01:33:13,347 - INFO - epoch average loss: 0.353601
2024-06-21 01:33:13,347 - INFO - 开始测试第14轮模型效果：
2024-06-21 01:33:13,372 - INFO - 预测集合条目总量：2398
2024-06-21 01:33:13,372 - INFO - 预测正确条目：2005，预测错误条目：393
2024-06-21 01:33:13,372 - INFO - 预测准确率：0.836113
2024-06-21 01:33:13,372 - INFO - --------------------
2024-06-21 01:33:13,372 - INFO - epoch 15 begin
2024-06-21 01:33:13,374 - INFO - batch loss 0.458557
2024-06-21 01:33:13,554 - INFO - batch loss 0.336782
2024-06-21 01:33:13,733 - INFO - epoch average loss: 0.348647
2024-06-21 01:33:13,733 - INFO - 开始测试第15轮模型效果：
2024-06-21 01:33:13,756 - INFO - 预测集合条目总量：2398
2024-06-21 01:33:13,756 - INFO - 预测正确条目：1996，预测错误条目：402
2024-06-21 01:33:13,756 - INFO - 预测准确率：0.832360
2024-06-21 01:33:13,756 - INFO - --------------------
2024-06-21 01:33:13,756 - INFO - Training finished in 5.83 seconds
2024-06-21 01:36:45,609 - INFO - epoch 1 begin
2024-06-21 01:36:45,632 - INFO - batch loss 0.621670
2024-06-21 01:36:45,780 - INFO - batch loss 0.668655
2024-06-21 01:36:45,919 - INFO - epoch average loss: 0.627225
2024-06-21 01:36:45,919 - INFO - 开始测试第1轮模型效果：
2024-06-21 01:36:45,945 - INFO - 预测集合条目总量：2398
2024-06-21 01:36:45,945 - INFO - 预测正确条目：1599，预测错误条目：799
2024-06-21 01:36:45,945 - INFO - 预测准确率：0.666806
2024-06-21 01:36:45,945 - INFO - --------------------
2024-06-21 01:36:45,945 - INFO - epoch 2 begin
2024-06-21 01:36:45,948 - INFO - batch loss 0.652095
2024-06-21 01:36:46,091 - INFO - batch loss 0.561809
2024-06-21 01:36:46,233 - INFO - epoch average loss: 0.615253
2024-06-21 01:36:46,233 - INFO - 开始测试第2轮模型效果：
2024-06-21 01:36:46,257 - INFO - 预测集合条目总量：2398
2024-06-21 01:36:46,257 - INFO - 预测正确条目：1602，预测错误条目：796
2024-06-21 01:36:46,257 - INFO - 预测准确率：0.668057
2024-06-21 01:36:46,257 - INFO - --------------------
2024-06-21 01:36:46,257 - INFO - epoch 3 begin
2024-06-21 01:36:46,260 - INFO - batch loss 0.585605
2024-06-21 01:36:46,402 - INFO - batch loss 0.560649
2024-06-21 01:36:46,547 - INFO - epoch average loss: 0.595301
2024-06-21 01:36:46,547 - INFO - 开始测试第3轮模型效果：
2024-06-21 01:36:46,570 - INFO - 预测集合条目总量：2398
2024-06-21 01:36:46,570 - INFO - 预测正确条目：1674，预测错误条目：724
2024-06-21 01:36:46,570 - INFO - 预测准确率：0.698082
2024-06-21 01:36:46,570 - INFO - --------------------
2024-06-21 01:36:46,570 - INFO - epoch 4 begin
2024-06-21 01:36:46,574 - INFO - batch loss 0.503933
2024-06-21 01:36:46,723 - INFO - batch loss 0.623702
2024-06-21 01:36:46,886 - INFO - epoch average loss: 0.566370
2024-06-21 01:36:46,886 - INFO - 开始测试第4轮模型效果：
2024-06-21 01:36:46,910 - INFO - 预测集合条目总量：2398
2024-06-21 01:36:46,910 - INFO - 预测正确条目：1761，预测错误条目：637
2024-06-21 01:36:46,910 - INFO - 预测准确率：0.734362
2024-06-21 01:36:46,910 - INFO - --------------------
2024-06-21 01:36:46,910 - INFO - epoch 5 begin
2024-06-21 01:36:46,914 - INFO - batch loss 0.550412
2024-06-21 01:36:47,060 - INFO - batch loss 0.494889
2024-06-21 01:36:47,203 - INFO - epoch average loss: 0.535616
2024-06-21 01:36:47,203 - INFO - 开始测试第5轮模型效果：
2024-06-21 01:36:47,226 - INFO - 预测集合条目总量：2398
2024-06-21 01:36:47,226 - INFO - 预测正确条目：1792，预测错误条目：606
2024-06-21 01:36:47,226 - INFO - 预测准确率：0.747289
2024-06-21 01:36:47,226 - INFO - --------------------
2024-06-21 01:36:47,226 - INFO - epoch 6 begin
2024-06-21 01:36:47,230 - INFO - batch loss 0.483407
2024-06-21 01:36:47,372 - INFO - batch loss 0.437436
2024-06-21 01:36:47,518 - INFO - epoch average loss: 0.509114
2024-06-21 01:36:47,518 - INFO - 开始测试第6轮模型效果：
2024-06-21 01:36:47,542 - INFO - 预测集合条目总量：2398
2024-06-21 01:36:47,542 - INFO - 预测正确条目：1824，预测错误条目：574
2024-06-21 01:36:47,542 - INFO - 预测准确率：0.760634
2024-06-21 01:36:47,542 - INFO - --------------------
2024-06-21 01:36:47,542 - INFO - epoch 7 begin
2024-06-21 01:36:47,545 - INFO - batch loss 0.440031
2024-06-21 01:36:47,687 - INFO - batch loss 0.442340
2024-06-21 01:36:47,834 - INFO - epoch average loss: 0.490294
2024-06-21 01:36:47,834 - INFO - 开始测试第7轮模型效果：
2024-06-21 01:36:47,858 - INFO - 预测集合条目总量：2398
2024-06-21 01:36:47,858 - INFO - 预测正确条目：1832，预测错误条目：566
2024-06-21 01:36:47,858 - INFO - 预测准确率：0.763970
2024-06-21 01:36:47,858 - INFO - --------------------
2024-06-21 01:36:47,858 - INFO - epoch 8 begin
2024-06-21 01:36:47,862 - INFO - batch loss 0.555460
2024-06-21 01:36:48,004 - INFO - batch loss 0.473635
2024-06-21 01:36:48,148 - INFO - epoch average loss: 0.475921
2024-06-21 01:36:48,148 - INFO - 开始测试第8轮模型效果：
2024-06-21 01:36:48,171 - INFO - 预测集合条目总量：2398
2024-06-21 01:36:48,171 - INFO - 预测正确条目：1848，预测错误条目：550
2024-06-21 01:36:48,171 - INFO - 预测准确率：0.770642
2024-06-21 01:36:48,171 - INFO - --------------------
2024-06-21 01:36:48,171 - INFO - epoch 9 begin
2024-06-21 01:36:48,174 - INFO - batch loss 0.474439
2024-06-21 01:36:48,318 - INFO - batch loss 0.481208
2024-06-21 01:36:48,501 - INFO - epoch average loss: 0.462250
2024-06-21 01:36:48,501 - INFO - 开始测试第9轮模型效果：
2024-06-21 01:36:48,525 - INFO - 预测集合条目总量：2398
2024-06-21 01:36:48,525 - INFO - 预测正确条目：1863，预测错误条目：535
2024-06-21 01:36:48,525 - INFO - 预测准确率：0.776897
2024-06-21 01:36:48,525 - INFO - --------------------
2024-06-21 01:36:48,525 - INFO - epoch 10 begin
2024-06-21 01:36:48,528 - INFO - batch loss 0.424381
2024-06-21 01:36:48,678 - INFO - batch loss 0.353978
2024-06-21 01:36:48,825 - INFO - epoch average loss: 0.452095
2024-06-21 01:36:48,825 - INFO - 开始测试第10轮模型效果：
2024-06-21 01:36:48,850 - INFO - 预测集合条目总量：2398
2024-06-21 01:36:48,850 - INFO - 预测正确条目：1871，预测错误条目：527
2024-06-21 01:36:48,850 - INFO - 预测准确率：0.780234
2024-06-21 01:36:48,850 - INFO - --------------------
2024-06-21 01:36:48,850 - INFO - epoch 11 begin
2024-06-21 01:36:48,853 - INFO - batch loss 0.394965
2024-06-21 01:36:48,996 - INFO - batch loss 0.370046
2024-06-21 01:36:49,145 - INFO - epoch average loss: 0.441488
2024-06-21 01:36:49,145 - INFO - 开始测试第11轮模型效果：
2024-06-21 01:36:49,168 - INFO - 预测集合条目总量：2398
2024-06-21 01:36:49,168 - INFO - 预测正确条目：1881，预测错误条目：517
2024-06-21 01:36:49,168 - INFO - 预测准确率：0.784404
2024-06-21 01:36:49,168 - INFO - --------------------
2024-06-21 01:36:49,168 - INFO - epoch 12 begin
2024-06-21 01:36:49,171 - INFO - batch loss 0.373487
2024-06-21 01:36:49,328 - INFO - batch loss 0.407472
2024-06-21 01:36:49,485 - INFO - epoch average loss: 0.433937
2024-06-21 01:36:49,485 - INFO - 开始测试第12轮模型效果：
2024-06-21 01:36:49,509 - INFO - 预测集合条目总量：2398
2024-06-21 01:36:49,509 - INFO - 预测正确条目：1885，预测错误条目：513
2024-06-21 01:36:49,509 - INFO - 预测准确率：0.786072
2024-06-21 01:36:49,510 - INFO - --------------------
2024-06-21 01:36:49,510 - INFO - epoch 13 begin
2024-06-21 01:36:49,513 - INFO - batch loss 0.470476
2024-06-21 01:36:49,658 - INFO - batch loss 0.374496
2024-06-21 01:36:49,809 - INFO - epoch average loss: 0.425925
2024-06-21 01:36:49,809 - INFO - 开始测试第13轮模型效果：
2024-06-21 01:36:49,834 - INFO - 预测集合条目总量：2398
2024-06-21 01:36:49,834 - INFO - 预测正确条目：1895，预测错误条目：503
2024-06-21 01:36:49,834 - INFO - 预测准确率：0.790242
2024-06-21 01:36:49,834 - INFO - --------------------
2024-06-21 01:36:49,834 - INFO - epoch 14 begin
2024-06-21 01:36:49,837 - INFO - batch loss 0.379779
2024-06-21 01:36:49,973 - INFO - batch loss 0.439384
2024-06-21 01:36:50,119 - INFO - epoch average loss: 0.418641
2024-06-21 01:36:50,120 - INFO - 开始测试第14轮模型效果：
2024-06-21 01:36:50,143 - INFO - 预测集合条目总量：2398
2024-06-21 01:36:50,143 - INFO - 预测正确条目：1907，预测错误条目：491
2024-06-21 01:36:50,143 - INFO - 预测准确率：0.795246
2024-06-21 01:36:50,143 - INFO - --------------------
2024-06-21 01:36:50,143 - INFO - epoch 15 begin
2024-06-21 01:36:50,147 - INFO - batch loss 0.480997
2024-06-21 01:36:50,286 - INFO - batch loss 0.370531
2024-06-21 01:36:50,427 - INFO - epoch average loss: 0.411651
2024-06-21 01:36:50,427 - INFO - 开始测试第15轮模型效果：
2024-06-21 01:36:50,452 - INFO - 预测集合条目总量：2398
2024-06-21 01:36:50,452 - INFO - 预测正确条目：1900，预测错误条目：498
2024-06-21 01:36:50,452 - INFO - 预测准确率：0.792327
2024-06-21 01:36:50,452 - INFO - --------------------
2024-06-21 01:36:50,452 - INFO - Training finished in 4.84 seconds
