2024-06-21 01:21:51,406 - INFO - epoch 1 begin
2024-06-21 01:21:51,458 - INFO - batch loss 0.670953
2024-06-21 01:21:51,920 - INFO - batch loss 0.632725
2024-06-21 01:21:52,360 - INFO - epoch average loss: 0.628008
2024-06-21 01:21:52,360 - INFO - 开始测试第1轮模型效果：
2024-06-21 01:21:52,409 - INFO - 预测集合条目总量：2398
2024-06-21 01:21:52,409 - INFO - 预测正确条目：1629，预测错误条目：769
2024-06-21 01:21:52,409 - INFO - 预测准确率：0.679316
2024-06-21 01:21:52,409 - INFO - --------------------
2024-06-21 01:21:52,409 - INFO - epoch 2 begin
2024-06-21 01:21:52,415 - INFO - batch loss 0.523564
2024-06-21 01:21:52,905 - INFO - batch loss 0.548354
2024-06-21 01:21:53,353 - INFO - epoch average loss: 0.574248
2024-06-21 01:21:53,353 - INFO - 开始测试第2轮模型效果：
2024-06-21 01:21:53,403 - INFO - 预测集合条目总量：2398
2024-06-21 01:21:53,403 - INFO - 预测正确条目：1746，预测错误条目：652
2024-06-21 01:21:53,403 - INFO - 预测准确率：0.728107
2024-06-21 01:21:53,403 - INFO - --------------------
2024-06-21 01:21:53,403 - INFO - epoch 3 begin
2024-06-21 01:21:53,409 - INFO - batch loss 0.542482
2024-06-21 01:21:53,901 - INFO - batch loss 0.588772
2024-06-21 01:21:54,346 - INFO - epoch average loss: 0.520300
2024-06-21 01:21:54,346 - INFO - 开始测试第3轮模型效果：
2024-06-21 01:21:54,392 - INFO - 预测集合条目总量：2398
2024-06-21 01:21:54,392 - INFO - 预测正确条目：1817，预测错误条目：581
2024-06-21 01:21:54,392 - INFO - 预测准确率：0.757715
2024-06-21 01:21:54,392 - INFO - --------------------
2024-06-21 01:21:54,393 - INFO - epoch 4 begin
2024-06-21 01:21:54,397 - INFO - batch loss 0.535446
2024-06-21 01:21:54,861 - INFO - batch loss 0.536011
2024-06-21 01:21:55,292 - INFO - epoch average loss: 0.473880
2024-06-21 01:21:55,293 - INFO - 开始测试第4轮模型效果：
2024-06-21 01:21:55,340 - INFO - 预测集合条目总量：2398
2024-06-21 01:21:55,340 - INFO - 预测正确条目：1886，预测错误条目：512
2024-06-21 01:21:55,340 - INFO - 预测准确率：0.786489
2024-06-21 01:21:55,340 - INFO - --------------------
2024-06-21 01:21:55,340 - INFO - epoch 5 begin
2024-06-21 01:21:55,348 - INFO - batch loss 0.433670
2024-06-21 01:21:55,813 - INFO - batch loss 0.331477
2024-06-21 01:21:56,259 - INFO - epoch average loss: 0.439132
2024-06-21 01:21:56,259 - INFO - 开始测试第5轮模型效果：
2024-06-21 01:21:56,307 - INFO - 预测集合条目总量：2398
2024-06-21 01:21:56,307 - INFO - 预测正确条目：1915，预测错误条目：483
2024-06-21 01:21:56,307 - INFO - 预测准确率：0.798582
2024-06-21 01:21:56,307 - INFO - --------------------
2024-06-21 01:21:56,308 - INFO - epoch 6 begin
2024-06-21 01:21:56,314 - INFO - batch loss 0.354497
2024-06-21 01:21:56,803 - INFO - batch loss 0.336026
2024-06-21 01:21:57,253 - INFO - epoch average loss: 0.415003
2024-06-21 01:21:57,253 - INFO - 开始测试第6轮模型效果：
2024-06-21 01:21:57,300 - INFO - 预测集合条目总量：2398
2024-06-21 01:21:57,300 - INFO - 预测正确条目：1920，预测错误条目：478
2024-06-21 01:21:57,300 - INFO - 预测准确率：0.800667
2024-06-21 01:21:57,300 - INFO - --------------------
2024-06-21 01:21:57,300 - INFO - epoch 7 begin
2024-06-21 01:21:57,307 - INFO - batch loss 0.466201
2024-06-21 01:21:57,769 - INFO - batch loss 0.380259
2024-06-21 01:21:58,231 - INFO - epoch average loss: 0.395750
2024-06-21 01:21:58,231 - INFO - 开始测试第7轮模型效果：
2024-06-21 01:21:58,280 - INFO - 预测集合条目总量：2398
2024-06-21 01:21:58,280 - INFO - 预测正确条目：1944，预测错误条目：454
2024-06-21 01:21:58,280 - INFO - 预测准确率：0.810676
2024-06-21 01:21:58,280 - INFO - --------------------
2024-06-21 01:21:58,280 - INFO - epoch 8 begin
2024-06-21 01:21:58,287 - INFO - batch loss 0.362786
2024-06-21 01:21:58,747 - INFO - batch loss 0.379389
2024-06-21 01:21:59,187 - INFO - epoch average loss: 0.380167
2024-06-21 01:21:59,188 - INFO - 开始测试第8轮模型效果：
2024-06-21 01:21:59,235 - INFO - 预测集合条目总量：2398
2024-06-21 01:21:59,235 - INFO - 预测正确条目：1963，预测错误条目：435
2024-06-21 01:21:59,235 - INFO - 预测准确率：0.818599
2024-06-21 01:21:59,235 - INFO - --------------------
2024-06-21 01:21:59,235 - INFO - epoch 9 begin
2024-06-21 01:21:59,241 - INFO - batch loss 0.447651
2024-06-21 01:21:59,696 - INFO - batch loss 0.494293
2024-06-21 01:22:00,142 - INFO - epoch average loss: 0.365019
2024-06-21 01:22:00,142 - INFO - 开始测试第9轮模型效果：
2024-06-21 01:22:00,187 - INFO - 预测集合条目总量：2398
2024-06-21 01:22:00,187 - INFO - 预测正确条目：1957，预测错误条目：441
2024-06-21 01:22:00,187 - INFO - 预测准确率：0.816097
2024-06-21 01:22:00,187 - INFO - --------------------
2024-06-21 01:22:00,187 - INFO - epoch 10 begin
2024-06-21 01:22:00,195 - INFO - batch loss 0.422377
2024-06-21 01:22:00,661 - INFO - batch loss 0.451100
2024-06-21 01:22:01,101 - INFO - epoch average loss: 0.350324
2024-06-21 01:22:01,101 - INFO - 开始测试第10轮模型效果：
2024-06-21 01:22:01,150 - INFO - 预测集合条目总量：2398
2024-06-21 01:22:01,150 - INFO - 预测正确条目：1981，预测错误条目：417
2024-06-21 01:22:01,150 - INFO - 预测准确率：0.826105
2024-06-21 01:22:01,150 - INFO - --------------------
2024-06-21 01:22:01,150 - INFO - epoch 11 begin
2024-06-21 01:22:01,157 - INFO - batch loss 0.334168
2024-06-21 01:22:01,615 - INFO - batch loss 0.288770
2024-06-21 01:22:02,067 - INFO - epoch average loss: 0.339270
2024-06-21 01:22:02,067 - INFO - 开始测试第11轮模型效果：
2024-06-21 01:22:02,115 - INFO - 预测集合条目总量：2398
2024-06-21 01:22:02,115 - INFO - 预测正确条目：1992，预测错误条目：406
2024-06-21 01:22:02,115 - INFO - 预测准确率：0.830692
2024-06-21 01:22:02,115 - INFO - --------------------
2024-06-21 01:22:02,115 - INFO - epoch 12 begin
2024-06-21 01:22:02,120 - INFO - batch loss 0.304471
2024-06-21 01:22:02,571 - INFO - batch loss 0.375388
2024-06-21 01:22:03,019 - INFO - epoch average loss: 0.330339
2024-06-21 01:22:03,019 - INFO - 开始测试第12轮模型效果：
2024-06-21 01:22:03,066 - INFO - 预测集合条目总量：2398
2024-06-21 01:22:03,066 - INFO - 预测正确条目：1992，预测错误条目：406
2024-06-21 01:22:03,066 - INFO - 预测准确率：0.830692
2024-06-21 01:22:03,066 - INFO - --------------------
2024-06-21 01:22:03,066 - INFO - epoch 13 begin
2024-06-21 01:22:03,075 - INFO - batch loss 0.348550
2024-06-21 01:22:03,566 - INFO - batch loss 0.340881
2024-06-21 01:22:04,043 - INFO - epoch average loss: 0.321919
2024-06-21 01:22:04,044 - INFO - 开始测试第13轮模型效果：
2024-06-21 01:22:04,095 - INFO - 预测集合条目总量：2398
2024-06-21 01:22:04,095 - INFO - 预测正确条目：1999，预测错误条目：399
2024-06-21 01:22:04,095 - INFO - 预测准确率：0.833611
2024-06-21 01:22:04,095 - INFO - --------------------
2024-06-21 01:22:04,095 - INFO - epoch 14 begin
2024-06-21 01:22:04,103 - INFO - batch loss 0.227716
2024-06-21 01:22:04,677 - INFO - batch loss 0.407996
2024-06-21 01:22:05,235 - INFO - epoch average loss: 0.315053
2024-06-21 01:22:05,235 - INFO - 开始测试第14轮模型效果：
2024-06-21 01:22:05,282 - INFO - 预测集合条目总量：2398
2024-06-21 01:22:05,282 - INFO - 预测正确条目：2002，预测错误条目：396
2024-06-21 01:22:05,282 - INFO - 预测准确率：0.834862
2024-06-21 01:22:05,282 - INFO - --------------------
2024-06-21 01:22:05,282 - INFO - epoch 15 begin
2024-06-21 01:22:05,290 - INFO - batch loss 0.228196
2024-06-21 01:22:05,945 - INFO - batch loss 0.269761
2024-06-21 01:22:06,589 - INFO - epoch average loss: 0.308932
2024-06-21 01:22:06,590 - INFO - 开始测试第15轮模型效果：
2024-06-21 01:22:06,638 - INFO - 预测集合条目总量：2398
2024-06-21 01:22:06,638 - INFO - 预测正确条目：2012，预测错误条目：386
2024-06-21 01:22:06,638 - INFO - 预测准确率：0.839033
2024-06-21 01:22:06,638 - INFO - --------------------
2024-06-21 01:22:06,638 - INFO - Training finished in 15.23 seconds
2024-06-21 01:22:49,096 - INFO - epoch 1 begin
2024-06-21 01:22:49,124 - INFO - batch loss 0.929804
2024-06-21 01:22:49,991 - INFO - batch loss 0.602868
2024-06-21 01:22:50,826 - INFO - epoch average loss: 0.693708
2024-06-21 01:22:50,826 - INFO - 开始测试第1轮模型效果：
2024-06-21 01:22:50,904 - INFO - 预测集合条目总量：2398
2024-06-21 01:22:50,904 - INFO - 预测正确条目：1637，预测错误条目：761
2024-06-21 01:22:50,904 - INFO - 预测准确率：0.682652
2024-06-21 01:22:50,904 - INFO - --------------------
2024-06-21 01:22:50,904 - INFO - epoch 2 begin
2024-06-21 01:22:50,914 - INFO - batch loss 0.595974
2024-06-21 01:22:51,724 - INFO - batch loss 0.607642
2024-06-21 01:22:52,536 - INFO - epoch average loss: 0.567782
2024-06-21 01:22:52,536 - INFO - 开始测试第2轮模型效果：
2024-06-21 01:22:52,611 - INFO - 预测集合条目总量：2398
2024-06-21 01:22:52,611 - INFO - 预测正确条目：1730，预测错误条目：668
2024-06-21 01:22:52,611 - INFO - 预测准确率：0.721435
2024-06-21 01:22:52,611 - INFO - --------------------
2024-06-21 01:22:52,611 - INFO - epoch 3 begin
2024-06-21 01:22:52,623 - INFO - batch loss 0.512997
2024-06-21 01:22:53,428 - INFO - batch loss 0.405492
2024-06-21 01:22:54,226 - INFO - epoch average loss: 0.524279
2024-06-21 01:22:54,226 - INFO - 开始测试第3轮模型效果：
2024-06-21 01:22:54,303 - INFO - 预测集合条目总量：2398
2024-06-21 01:22:54,303 - INFO - 预测正确条目：1784，预测错误条目：614
2024-06-21 01:22:54,303 - INFO - 预测准确率：0.743953
2024-06-21 01:22:54,303 - INFO - --------------------
2024-06-21 01:22:54,303 - INFO - epoch 4 begin
2024-06-21 01:22:54,314 - INFO - batch loss 0.507696
2024-06-21 01:22:55,160 - INFO - batch loss 0.412598
2024-06-21 01:22:55,965 - INFO - epoch average loss: 0.488971
2024-06-21 01:22:55,965 - INFO - 开始测试第4轮模型效果：
2024-06-21 01:22:56,038 - INFO - 预测集合条目总量：2398
2024-06-21 01:22:56,039 - INFO - 预测正确条目：1825，预测错误条目：573
2024-06-21 01:22:56,039 - INFO - 预测准确率：0.761051
2024-06-21 01:22:56,039 - INFO - --------------------
2024-06-21 01:22:56,039 - INFO - epoch 5 begin
2024-06-21 01:22:56,050 - INFO - batch loss 0.440997
2024-06-21 01:22:56,882 - INFO - batch loss 0.502901
2024-06-21 01:22:57,693 - INFO - epoch average loss: 0.463485
2024-06-21 01:22:57,693 - INFO - 开始测试第5轮模型效果：
2024-06-21 01:22:57,767 - INFO - 预测集合条目总量：2398
2024-06-21 01:22:57,767 - INFO - 预测正确条目：1850，预测错误条目：548
2024-06-21 01:22:57,767 - INFO - 预测准确率：0.771476
2024-06-21 01:22:57,767 - INFO - --------------------
2024-06-21 01:22:57,767 - INFO - epoch 6 begin
2024-06-21 01:22:57,779 - INFO - batch loss 0.472448
2024-06-21 01:22:58,592 - INFO - batch loss 0.353889
2024-06-21 01:22:59,397 - INFO - epoch average loss: 0.442209
2024-06-21 01:22:59,397 - INFO - 开始测试第6轮模型效果：
2024-06-21 01:22:59,474 - INFO - 预测集合条目总量：2398
2024-06-21 01:22:59,474 - INFO - 预测正确条目：1860，预测错误条目：538
2024-06-21 01:22:59,475 - INFO - 预测准确率：0.775646
2024-06-21 01:22:59,475 - INFO - --------------------
2024-06-21 01:22:59,475 - INFO - epoch 7 begin
2024-06-21 01:22:59,486 - INFO - batch loss 0.411002
2024-06-21 01:23:00,311 - INFO - batch loss 0.555758
2024-06-21 01:23:01,103 - INFO - epoch average loss: 0.422948
2024-06-21 01:23:01,103 - INFO - 开始测试第7轮模型效果：
2024-06-21 01:23:01,179 - INFO - 预测集合条目总量：2398
2024-06-21 01:23:01,179 - INFO - 预测正确条目：1898，预测错误条目：500
2024-06-21 01:23:01,179 - INFO - 预测准确率：0.791493
2024-06-21 01:23:01,179 - INFO - --------------------
2024-06-21 01:23:01,179 - INFO - epoch 8 begin
2024-06-21 01:23:01,192 - INFO - batch loss 0.385547
2024-06-21 01:23:02,009 - INFO - batch loss 0.289677
2024-06-21 01:23:02,802 - INFO - epoch average loss: 0.404920
2024-06-21 01:23:02,802 - INFO - 开始测试第8轮模型效果：
2024-06-21 01:23:02,880 - INFO - 预测集合条目总量：2398
2024-06-21 01:23:02,880 - INFO - 预测正确条目：1909，预测错误条目：489
2024-06-21 01:23:02,880 - INFO - 预测准确率：0.796080
2024-06-21 01:23:02,880 - INFO - --------------------
2024-06-21 01:23:02,880 - INFO - epoch 9 begin
2024-06-21 01:23:02,890 - INFO - batch loss 0.411538
2024-06-21 01:23:03,702 - INFO - batch loss 0.452974
2024-06-21 01:23:04,496 - INFO - epoch average loss: 0.388792
2024-06-21 01:23:04,496 - INFO - 开始测试第9轮模型效果：
2024-06-21 01:23:04,571 - INFO - 预测集合条目总量：2398
2024-06-21 01:23:04,571 - INFO - 预测正确条目：1925，预测错误条目：473
2024-06-21 01:23:04,571 - INFO - 预测准确率：0.802752
2024-06-21 01:23:04,571 - INFO - --------------------
2024-06-21 01:23:04,571 - INFO - epoch 10 begin
2024-06-21 01:23:04,584 - INFO - batch loss 0.302530
2024-06-21 01:23:05,414 - INFO - batch loss 0.386400
2024-06-21 01:23:06,231 - INFO - epoch average loss: 0.374421
2024-06-21 01:23:06,231 - INFO - 开始测试第10轮模型效果：
2024-06-21 01:23:06,308 - INFO - 预测集合条目总量：2398
2024-06-21 01:23:06,308 - INFO - 预测正确条目：1945，预测错误条目：453
2024-06-21 01:23:06,308 - INFO - 预测准确率：0.811093
2024-06-21 01:23:06,308 - INFO - --------------------
2024-06-21 01:23:06,308 - INFO - epoch 11 begin
2024-06-21 01:23:06,321 - INFO - batch loss 0.337113
2024-06-21 01:23:07,164 - INFO - batch loss 0.426249
2024-06-21 01:23:07,967 - INFO - epoch average loss: 0.362702
2024-06-21 01:23:07,967 - INFO - 开始测试第11轮模型效果：
2024-06-21 01:23:08,044 - INFO - 预测集合条目总量：2398
2024-06-21 01:23:08,044 - INFO - 预测正确条目：1975，预测错误条目：423
2024-06-21 01:23:08,044 - INFO - 预测准确率：0.823603
2024-06-21 01:23:08,044 - INFO - --------------------
2024-06-21 01:23:08,044 - INFO - epoch 12 begin
2024-06-21 01:23:08,057 - INFO - batch loss 0.309836
2024-06-21 01:23:08,886 - INFO - batch loss 0.249204
2024-06-21 01:23:09,698 - INFO - epoch average loss: 0.351731
2024-06-21 01:23:09,698 - INFO - 开始测试第12轮模型效果：
2024-06-21 01:23:09,777 - INFO - 预测集合条目总量：2398
2024-06-21 01:23:09,777 - INFO - 预测正确条目：1990，预测错误条目：408
2024-06-21 01:23:09,777 - INFO - 预测准确率：0.829858
2024-06-21 01:23:09,777 - INFO - --------------------
2024-06-21 01:23:09,777 - INFO - epoch 13 begin
2024-06-21 01:23:09,786 - INFO - batch loss 0.387981
2024-06-21 01:23:10,626 - INFO - batch loss 0.303674
2024-06-21 01:23:11,434 - INFO - epoch average loss: 0.342048
2024-06-21 01:23:11,434 - INFO - 开始测试第13轮模型效果：
2024-06-21 01:23:11,509 - INFO - 预测集合条目总量：2398
2024-06-21 01:23:11,509 - INFO - 预测正确条目：1994，预测错误条目：404
2024-06-21 01:23:11,509 - INFO - 预测准确率：0.831526
2024-06-21 01:23:11,509 - INFO - --------------------
2024-06-21 01:23:11,509 - INFO - epoch 14 begin
2024-06-21 01:23:11,521 - INFO - batch loss 0.394837
2024-06-21 01:23:12,341 - INFO - batch loss 0.353745
2024-06-21 01:23:13,119 - INFO - epoch average loss: 0.333189
2024-06-21 01:23:13,119 - INFO - 开始测试第14轮模型效果：
2024-06-21 01:23:13,193 - INFO - 预测集合条目总量：2398
2024-06-21 01:23:13,193 - INFO - 预测正确条目：1999，预测错误条目：399
2024-06-21 01:23:13,193 - INFO - 预测准确率：0.833611
2024-06-21 01:23:13,193 - INFO - --------------------
2024-06-21 01:23:13,194 - INFO - epoch 15 begin
2024-06-21 01:23:13,205 - INFO - batch loss 0.340767
2024-06-21 01:23:14,032 - INFO - batch loss 0.507272
2024-06-21 01:23:14,839 - INFO - epoch average loss: 0.324626
2024-06-21 01:23:14,839 - INFO - 开始测试第15轮模型效果：
2024-06-21 01:23:14,914 - INFO - 预测集合条目总量：2398
2024-06-21 01:23:14,914 - INFO - 预测正确条目：2007，预测错误条目：391
2024-06-21 01:23:14,914 - INFO - 预测准确率：0.836947
2024-06-21 01:23:14,914 - INFO - --------------------
2024-06-21 01:23:14,914 - INFO - Training finished in 25.82 seconds
