2024-08-16 22:39:50,875 - __main__ - INFO - epoch 1 begin
2024-08-16 22:39:51,009 - __main__ - INFO - epoch average loss: 0.063123
2024-08-16 22:39:51,009 - __main__ - INFO - 开始测试第1轮模型效果：
2024-08-16 22:39:51,043 - __main__ - INFO - 预测集合条目总量：464
2024-08-16 22:39:51,043 - __main__ - INFO - 预测正确条目：408，预测错误条目：56
2024-08-16 22:39:51,043 - __main__ - INFO - 预测准确率：0.879310
2024-08-16 22:39:51,043 - __main__ - INFO - --------------------
2024-08-16 22:39:51,043 - __main__ - INFO - epoch 2 begin
2024-08-16 22:39:51,072 - __main__ - INFO - epoch average loss: 0.063129
2024-08-16 22:39:51,072 - __main__ - INFO - 开始测试第2轮模型效果：
2024-08-16 22:39:51,098 - __main__ - INFO - 预测集合条目总量：464
2024-08-16 22:39:51,098 - __main__ - INFO - 预测正确条目：413，预测错误条目：51
2024-08-16 22:39:51,098 - __main__ - INFO - 预测准确率：0.890086
2024-08-16 22:39:51,098 - __main__ - INFO - --------------------
2024-08-16 22:39:51,098 - __main__ - INFO - epoch 3 begin
2024-08-16 22:39:51,134 - __main__ - INFO - epoch average loss: 0.065855
2024-08-16 22:39:51,134 - __main__ - INFO - 开始测试第3轮模型效果：
2024-08-16 22:39:51,163 - __main__ - INFO - 预测集合条目总量：464
2024-08-16 22:39:51,163 - __main__ - INFO - 预测正确条目：414，预测错误条目：50
2024-08-16 22:39:51,163 - __main__ - INFO - 预测准确率：0.892241
2024-08-16 22:39:51,163 - __main__ - INFO - --------------------
2024-08-16 22:39:51,163 - __main__ - INFO - epoch 4 begin
2024-08-16 22:39:51,189 - __main__ - INFO - epoch average loss: 0.069893
2024-08-16 22:39:51,189 - __main__ - INFO - 开始测试第4轮模型效果：
2024-08-16 22:39:51,213 - __main__ - INFO - 预测集合条目总量：464
2024-08-16 22:39:51,213 - __main__ - INFO - 预测正确条目：421，预测错误条目：43
2024-08-16 22:39:51,213 - __main__ - INFO - 预测准确率：0.907328
2024-08-16 22:39:51,213 - __main__ - INFO - --------------------
2024-08-16 22:39:51,213 - __main__ - INFO - epoch 5 begin
2024-08-16 22:39:51,241 - __main__ - INFO - epoch average loss: nan
2024-08-16 22:39:51,242 - __main__ - INFO - 开始测试第5轮模型效果：
2024-08-16 22:39:51,265 - __main__ - INFO - 预测集合条目总量：464
2024-08-16 22:39:51,265 - __main__ - INFO - 预测正确条目：421，预测错误条目：43
2024-08-16 22:39:51,265 - __main__ - INFO - 预测准确率：0.907328
2024-08-16 22:39:51,265 - __main__ - INFO - --------------------
2024-08-16 22:39:51,265 - __main__ - INFO - epoch 6 begin
2024-08-16 22:39:51,295 - __main__ - INFO - epoch average loss: 0.086103
2024-08-16 22:39:51,295 - __main__ - INFO - 开始测试第6轮模型效果：
2024-08-16 22:39:51,326 - __main__ - INFO - 预测集合条目总量：464
2024-08-16 22:39:51,326 - __main__ - INFO - 预测正确条目：421，预测错误条目：43
2024-08-16 22:39:51,326 - __main__ - INFO - 预测准确率：0.907328
2024-08-16 22:39:51,326 - __main__ - INFO - --------------------
2024-08-16 22:39:51,326 - __main__ - INFO - epoch 7 begin
2024-08-16 22:39:51,382 - __main__ - INFO - epoch average loss: nan
2024-08-16 22:39:51,382 - __main__ - INFO - 开始测试第7轮模型效果：
2024-08-16 22:39:51,445 - __main__ - INFO - 预测集合条目总量：464
2024-08-16 22:39:51,446 - __main__ - INFO - 预测正确条目：423，预测错误条目：41
2024-08-16 22:39:51,446 - __main__ - INFO - 预测准确率：0.911638
2024-08-16 22:39:51,446 - __main__ - INFO - --------------------
2024-08-16 22:39:51,446 - __main__ - INFO - epoch 8 begin
2024-08-16 22:39:51,489 - __main__ - INFO - epoch average loss: 0.055342
2024-08-16 22:39:51,489 - __main__ - INFO - 开始测试第8轮模型效果：
2024-08-16 22:39:51,524 - __main__ - INFO - 预测集合条目总量：464
2024-08-16 22:39:51,524 - __main__ - INFO - 预测正确条目：417，预测错误条目：47
2024-08-16 22:39:51,524 - __main__ - INFO - 预测准确率：0.898707
2024-08-16 22:39:51,524 - __main__ - INFO - --------------------
2024-08-16 22:39:51,524 - __main__ - INFO - epoch 9 begin
2024-08-16 22:39:51,574 - __main__ - INFO - epoch average loss: nan
2024-08-16 22:39:51,574 - __main__ - INFO - 开始测试第9轮模型效果：
2024-08-16 22:39:51,600 - __main__ - INFO - 预测集合条目总量：464
2024-08-16 22:39:51,600 - __main__ - INFO - 预测正确条目：417，预测错误条目：47
2024-08-16 22:39:51,600 - __main__ - INFO - 预测准确率：0.898707
2024-08-16 22:39:51,600 - __main__ - INFO - --------------------
2024-08-16 22:39:51,600 - __main__ - INFO - epoch 10 begin
2024-08-16 22:39:51,633 - __main__ - INFO - epoch average loss: nan
2024-08-16 22:39:51,633 - __main__ - INFO - 开始测试第10轮模型效果：
2024-08-16 22:39:51,665 - __main__ - INFO - 预测集合条目总量：464
2024-08-16 22:39:51,665 - __main__ - INFO - 预测正确条目：417，预测错误条目：47
2024-08-16 22:39:51,665 - __main__ - INFO - 预测准确率：0.898707
2024-08-16 22:39:51,666 - __main__ - INFO - --------------------
