文本词表模型加载完毕，开始训练
=========
第1轮平均loss:6.624210
让他在半年之前，就不能做出，，，，，，，，，，，，，，，着，，
李慕站在山路上，深深的呼吸，，，，聚茫，，，，，，们，，，，，
=========
第2轮平均loss:6.090688
让他在半年之前，就不能做出能，，，，，，，了，，，，，，，，，
李慕站在山路上，深深的呼吸，，，，，，，，，，，，，，，，，，
=========
第3轮平均loss:6.086460
让他在半年之前，就不能做出，，，，：，，，，，，，，，，居，，
李慕站在山路上，深深的呼吸，，道，，，，，，，，，并，，，，，
=========
第4轮平均loss:6.079486
让他在半年之前，就不能做出，们，工再，，，，，，，，，，，，，
李慕站在山路上，深深的呼吸县，，，，，，，，，，，，，，，，，
=========
第5轮平均loss:6.079934
让他在半年之前，就不能做出，，，，，，没，，，，，，，，，，，
李慕站在山路上，深深的呼吸，，，，，，，，，，，，，，，，，，
=========
第6轮平均loss:6.079417
让他在半年之前，就不能做出，，，，，，，，，。，，，，，，，了
李慕站在山路上，深深的呼吸不，，，，，我，，，，，，，，，，来
=========
第7轮平均loss:6.082896
让他在半年之前，就不能做出，，，，，，，，，，，，，，，，，，
李慕站在山路上，深深的呼吸，，，，，，，，抱，，无，，，，，，
=========
第8轮平均loss:6.076773
让他在半年之前，就不能做出，，，，，，，，，，，，，，，，，，
李慕站在山路上，深深的呼吸，，，，，，，，，，，，，，，，，里
=========
第9轮平均loss:6.074256
让他在半年之前，就不能做出，，，，，，，，一，，，，，，，，，
李慕站在山路上，深深的呼吸，，，，，小周，，，，，茶，，，，，
=========
第10轮平均loss:6.073781
让他在半年之前，就不能做出，，，，，但，，，，，，，，，，，，
李慕站在山路上，深深的呼吸，，，的，，，，，，，，年，，动，，
=========
第11轮平均loss:6.073860
让他在半年之前，就不能做出，，，，，，没，，，，，，强，，，，
李慕站在山路上，深深的呼吸，，然，，，，，，，，，，，，，，，
=========
第12轮平均loss:6.070140
让他在半年之前，就不能做出，，而，，，，，，，，，，，，，，，
李慕站在山路上，深深的呼吸，，，，，，，，，，，，，，，，，，
=========
第13轮平均loss:6.074867
让他在半年之前，就不能做出有，，，，，，，，，，，，，，承，，
李慕站在山路上，深深的呼吸，，，都，，，，，，，，，，，，，，
=========
第14轮平均loss:6.074036
让他在半年之前，就不能做出，，时，，，，，，，，脱，，，，，，
李慕站在山路上，深深的呼吸，，，是，，，，，，，，，一伸，，，
=========
第15轮平均loss:6.068371
让他在半年之前，就不能做出，，，，是，，，，，，，，，，，，，
李慕站在山路上，深深的呼吸不，，，，，，，，，，，，，，，，，
=========
第16轮平均loss:6.071196
让他在半年之前，就不能做出，，，，，，，，，，，，，，，到，，
李慕站在山路上，深深的呼吸，，，，，，，，，，，，，，，，，，
=========
第17轮平均loss:6.071978
让他在半年之前，就不能做出，，，，，，，，，，，，，，队，，，
李慕站在山路上，深深的呼吸，，，，，，步，，，，子，，，，，，
=========
第18轮平均loss:6.068273
让他在半年之前，就不能做出，，，，，，，，，起做，，，，天，，
李慕站在山路上，深深的呼吸，的，，，，，，，，，，，，，，，，
=========
第19轮平均loss:6.066941
让他在半年之前，就不能做出为无，，，，，，，，，，，，，，些，
李慕站在山路上，深深的呼吸，，，，，，，，，，，，，，，，，，
=========
第20轮平均loss:6.067871
让他在半年之前，就不能做出，，，，，肩，，，，，，，，，，，，
李慕站在山路上，深深的呼吸，，，，，，，他，，，，，，，，，，
