2024-06-21 00:39:44,625 - INFO - epoch 1 begin
2024-06-21 00:39:44,701 - INFO - batch loss 0.687331
2024-06-21 00:39:46,914 - INFO - batch loss 0.381764
2024-06-21 00:39:49,131 - INFO - epoch average loss: 0.368608
2024-06-21 00:39:49,131 - INFO - 开始测试第1轮模型效果：
2024-06-21 00:39:49,865 - INFO - 预测集合条目总量：2398
2024-06-21 00:39:49,865 - INFO - 预测正确条目：2086，预测错误条目：312
2024-06-21 00:39:49,865 - INFO - 预测准确率：0.869892
2024-06-21 00:39:49,865 - INFO - --------------------
2024-06-21 00:39:49,866 - INFO - epoch 2 begin
2024-06-21 00:39:49,895 - INFO - batch loss 0.272515
2024-06-21 00:39:52,159 - INFO - batch loss 0.305899
2024-06-21 00:39:54,415 - INFO - epoch average loss: 0.254463
2024-06-21 00:39:54,415 - INFO - 开始测试第2轮模型效果：
2024-06-21 00:39:55,140 - INFO - 预测集合条目总量：2398
2024-06-21 00:39:55,140 - INFO - 预测正确条目：2112，预测错误条目：286
2024-06-21 00:39:55,140 - INFO - 预测准确率：0.880734
2024-06-21 00:39:55,140 - INFO - --------------------
2024-06-21 00:39:55,140 - INFO - epoch 3 begin
2024-06-21 00:39:55,172 - INFO - batch loss 0.145527
2024-06-21 00:39:57,396 - INFO - batch loss 0.245934
2024-06-21 00:39:59,634 - INFO - epoch average loss: 0.195321
2024-06-21 00:39:59,634 - INFO - 开始测试第3轮模型效果：
2024-06-21 00:40:00,343 - INFO - 预测集合条目总量：2398
2024-06-21 00:40:00,343 - INFO - 预测正确条目：2085，预测错误条目：313
2024-06-21 00:40:00,343 - INFO - 预测准确率：0.869475
2024-06-21 00:40:00,343 - INFO - --------------------
2024-06-21 00:40:00,343 - INFO - epoch 4 begin
2024-06-21 00:40:00,371 - INFO - batch loss 0.119194
2024-06-21 00:40:02,584 - INFO - batch loss 0.176871
2024-06-21 00:40:04,742 - INFO - epoch average loss: 0.138843
2024-06-21 00:40:04,742 - INFO - 开始测试第4轮模型效果：
2024-06-21 00:40:05,451 - INFO - 预测集合条目总量：2398
2024-06-21 00:40:05,451 - INFO - 预测正确条目：2084，预测错误条目：314
2024-06-21 00:40:05,451 - INFO - 预测准确率：0.869058
2024-06-21 00:40:05,451 - INFO - --------------------
2024-06-21 00:40:05,451 - INFO - epoch 5 begin
2024-06-21 00:40:05,483 - INFO - batch loss 0.053042
